This is XeTeX, Version 3.141592653-2.6-0.999995 (TeX Live 2023/Debian) (preloaded format=xelatex 2026.3.22)  21 APR 2026 20:38
entering extended mode
 restricted \write18 enabled.
 %&-line parsing enabled.
**explanatory_report_Aa_logistic_regression.tex
(./explanatory_report_Aa_logistic_regression.tex
LaTeX2e <2023-11-01> patch level 1
L3 programming layer <2024-01-22>
(/usr/share/texlive/texmf-dist/tex/latex/base/article.cls
Document Class: article 2023/05/17 v1.4n Standard LaTeX document class
(/usr/share/texlive/texmf-dist/tex/latex/base/size11.clo
File: size11.clo 2023/05/17 v1.4n Standard LaTeX file (size option)
)
\c@part=\count183
\c@section=\count184
\c@subsection=\count185
\c@subsubsection=\count186
\c@paragraph=\count187
\c@subparagraph=\count188
\c@figure=\count189
\c@table=\count190
\abovecaptionskip=\skip48
\belowcaptionskip=\skip49
\bibindent=\dimen140
)
(/usr/share/texlive/texmf-dist/tex/latex/fontspec/fontspec.sty
(/usr/share/texlive/texmf-dist/tex/latex/l3packages/xparse/xparse.sty
(/usr/share/texlive/texmf-dist/tex/latex/l3kernel/expl3.sty
Package: expl3 2024-01-22 L3 programming layer (loader) 

(/usr/share/texlive/texmf-dist/tex/latex/l3backend/l3backend-xetex.def
File: l3backend-xetex.def 2024-01-04 L3 backend support: XeTeX
\g__graphics_track_int=\count191
\l__pdf_internal_box=\box51
\g__pdf_backend_object_int=\count192
\g__pdf_backend_annotation_int=\count193
\g__pdf_backend_link_int=\count194
))
Package: xparse 2023-10-10 L3 Experimental document command parser
)
Package: fontspec 2022/01/15 v2.8a Font selection for XeLaTeX and LuaLaTeX

(/usr/share/texlive/texmf-dist/tex/latex/fontspec/fontspec-xetex.sty
Package: fontspec-xetex 2022/01/15 v2.8a Font selection for XeLaTeX and LuaLaTe
X
\l__fontspec_script_int=\count195
\l__fontspec_language_int=\count196
\l__fontspec_strnum_int=\count197
\l__fontspec_tmp_int=\count198
\l__fontspec_tmpa_int=\count199
\l__fontspec_tmpb_int=\count266
\l__fontspec_tmpc_int=\count267
\l__fontspec_em_int=\count268
\l__fontspec_emdef_int=\count269
\l__fontspec_strong_int=\count270
\l__fontspec_strongdef_int=\count271
\l__fontspec_tmpa_dim=\dimen141
\l__fontspec_tmpb_dim=\dimen142
\l__fontspec_tmpc_dim=\dimen143

(/usr/share/texlive/texmf-dist/tex/latex/base/fontenc.sty
Package: fontenc 2021/04/29 v2.0v Standard LaTeX package
)
(/usr/share/texlive/texmf-dist/tex/latex/fontspec/fontspec.cfg)))
(/usr/share/texlive/texmf-dist/tex/latex/polyglossia/polyglossia.sty
Package: polyglossia 2023/12/11 v1.66 Modern multilingual typesetting with XeLa
TeX and LuaLaTeX

(/usr/share/texlive/texmf-dist/tex/latex/etoolbox/etoolbox.sty
Package: etoolbox 2020/10/05 v2.5k e-TeX tools for LaTeX (JAW)
\etb@tempcnta=\count272
)
(/usr/share/texlive/texmf-dist/tex/latex/xkeyval/xkeyval.sty
Package: xkeyval 2022/06/16 v2.9 package option processing (HA)

(/usr/share/texlive/texmf-dist/tex/generic/xkeyval/xkeyval.tex
(/usr/share/texlive/texmf-dist/tex/generic/xkeyval/xkvutils.tex
\XKV@toks=\toks17
\XKV@tempa@toks=\toks18

(/usr/share/texlive/texmf-dist/tex/generic/xkeyval/keyval.tex))
\XKV@depth=\count273
File: xkeyval.tex 2014/12/03 v2.7a key=value parser (HA)
))
(/usr/share/texlive/texmf-dist/tex/generic/iftex/iftex.sty
Package: iftex 2022/02/03 v1.0f TeX engine tests
)
\xpg@normalclass=\XeTeXcharclass1

(/usr/share/texlive/texmf-dist/tex/latex/polyglossia/gloss-latex.lde
Package: gloss-latex 2023/12/11 v1.66 polyglossia: module for default language
)
Package polyglossia Info: Default language is latex.
)
(/usr/share/texlive/texmf-dist/tex/latex/polyglossia/gloss-greek.ldf
File: gloss-greek.ldf polyglossia: module for Greek

(/usr/share/texlive/texmf-dist/tex/latex/polyglossia/xgreek-fixes.def)
Package polyglossia Info: Option: Greek, variant=monotonic.
Package polyglossia Info: Option: Greek, numerals=greek.
\@attic@num=\count274
)
Package polyglossia Info: Default language is greek.

(/usr/share/texlive/texmf-dist/tex/latex/polyglossia/gloss-english.ldf
File: gloss-english.ldf polyglossia: module for English
Package polyglossia Info: Option: English, variant=american.
)

Package fontspec Info: Font family 'DejaVuSerif(0)' created for font 'DejaVu
(fontspec)             Serif' with options [Ligatures=TeX,Scale=0.95].
(fontspec)              
(fontspec)              This font family consists of the following NFSS
(fontspec)             series/shapes:
(fontspec)              
(fontspec)             - 'normal' (m/n) with NFSS spec.: <->s*[0.95]"DejaVu
(fontspec)             Serif/OT:script=latn;language=dflt;mapping=tex-text;"
(fontspec)             - 'small caps'  (m/sc) with NFSS spec.: 
(fontspec)             - 'bold' (b/n) with NFSS spec.: <->s*[0.95]"DejaVu
(fontspec)             Serif/B/OT:script=latn;language=dflt;mapping=tex-text;"
(fontspec)             - 'bold small caps'  (b/sc) with NFSS spec.: 
(fontspec)             - 'italic' (m/it) with NFSS spec.: <->s*[0.95]"DejaVu
(fontspec)             Serif/I/OT:script=latn;language=dflt;mapping=tex-text;"
(fontspec)             - 'italic small caps'  (m/scit) with NFSS spec.: 
(fontspec)             - 'bold italic' (b/it) with NFSS spec.:
(fontspec)             <->s*[0.95]"DejaVu
(fontspec)             Serif/BI/OT:script=latn;language=dflt;mapping=tex-text;"

(fontspec)             - 'bold italic small caps'  (b/scit) with NFSS spec.: 

LaTeX Font Info:    Font shape `TU/DejaVuSerif(0)/m/n' will be
(Font)              scaled to size 10.40245pt on input line 8.

Package fontspec Info: Font family 'DejaVuSans(0)' created for font 'DejaVu
(fontspec)             Sans' with options [Ligatures=TeX,Scale=0.95].
(fontspec)              
(fontspec)              This font family consists of the following NFSS
(fontspec)             series/shapes:
(fontspec)              
(fontspec)             - 'normal' (m/n) with NFSS spec.: <->s*[0.95]"DejaVu
(fontspec)             Sans/OT:script=latn;language=dflt;mapping=tex-text;"
(fontspec)             - 'small caps'  (m/sc) with NFSS spec.: 
(fontspec)             - 'bold' (b/n) with NFSS spec.: <->s*[0.95]"DejaVu
(fontspec)             Sans/B/OT:script=latn;language=dflt;mapping=tex-text;"
(fontspec)             - 'bold small caps'  (b/sc) with NFSS spec.: 
(fontspec)             - 'italic' (m/it) with NFSS spec.: <->s*[0.95]"DejaVu
(fontspec)             Sans/I/OT:script=latn;language=dflt;mapping=tex-text;"
(fontspec)             - 'italic small caps'  (m/scit) with NFSS spec.: 
(fontspec)             - 'bold italic' (b/it) with NFSS spec.:
(fontspec)             <->s*[0.95]"DejaVu
(fontspec)             Sans/BI/OT:script=latn;language=dflt;mapping=tex-text;"
(fontspec)             - 'bold italic small caps'  (b/scit) with NFSS spec.: 


Package fontspec Info: Font family 'DejaVuSansMono(0)' created for font
(fontspec)             'DejaVu Sans Mono' with options
(fontspec)             [WordSpace={1,0,0},HyphenChar=None,PunctuationSpace=Word
Space,Scale=0.85].
(fontspec)              
(fontspec)              This font family consists of the following NFSS
(fontspec)             series/shapes:
(fontspec)              
(fontspec)             - 'normal' (m/n) with NFSS spec.: <->s*[0.85]"DejaVu
(fontspec)             Sans Mono/OT:script=latn;language=dflt;"
(fontspec)             - 'small caps'  (m/sc) with NFSS spec.: 
(fontspec)             and font adjustment code:
(fontspec)             \fontdimen 2\font =1\fontdimen 2\font \fontdimen 3\font
(fontspec)             =0\fontdimen 3\font \fontdimen 4\font =0\fontdimen
(fontspec)             4\font \fontdimen 7\font =0\fontdimen 2\font
(fontspec)             \tex_hyphenchar:D \font =-1\scan_stop: 
(fontspec)             - 'bold' (b/n) with NFSS spec.: <->s*[0.85]"DejaVu Sans
(fontspec)             Mono/B/OT:script=latn;language=dflt;"
(fontspec)             - 'bold small caps'  (b/sc) with NFSS spec.: 
(fontspec)             and font adjustment code:
(fontspec)             \fontdimen 2\font =1\fontdimen 2\font \fontdimen 3\font
(fontspec)             =0\fontdimen 3\font \fontdimen 4\font =0\fontdimen
(fontspec)             4\font \fontdimen 7\font =0\fontdimen 2\font
(fontspec)             \tex_hyphenchar:D \font =-1\scan_stop: 
(fontspec)             - 'italic' (m/it) with NFSS spec.: <->s*[0.85]"DejaVu
(fontspec)             Sans Mono/I/OT:script=latn;language=dflt;"
(fontspec)             - 'italic small caps'  (m/scit) with NFSS spec.: 
(fontspec)             and font adjustment code:
(fontspec)             \fontdimen 2\font =1\fontdimen 2\font \fontdimen 3\font
(fontspec)             =0\fontdimen 3\font \fontdimen 4\font =0\fontdimen
(fontspec)             4\font \fontdimen 7\font =0\fontdimen 2\font
(fontspec)             \tex_hyphenchar:D \font =-1\scan_stop: 
(fontspec)             - 'bold italic' (b/it) with NFSS spec.:
(fontspec)             <->s*[0.85]"DejaVu Sans
(fontspec)             Mono/BI/OT:script=latn;language=dflt;"
(fontspec)             - 'bold italic small caps'  (b/scit) with NFSS spec.: 
(fontspec)             and font adjustment code:
(fontspec)             \fontdimen 2\font =1\fontdimen 2\font \fontdimen 3\font
(fontspec)             =0\fontdimen 3\font \fontdimen 4\font =0\fontdimen
(fontspec)             4\font \fontdimen 7\font =0\fontdimen 2\font
(fontspec)             \tex_hyphenchar:D \font =-1\scan_stop: 


(/usr/share/texlive/texmf-dist/tex/latex/geometry/geometry.sty
Package: geometry 2020/01/02 v5.9 Page Geometry

(/usr/share/texlive/texmf-dist/tex/generic/iftex/ifvtex.sty
Package: ifvtex 2019/10/25 v1.7 ifvtex legacy package. Use iftex instead.
)
\Gm@cnth=\count275
\Gm@cntv=\count276
\c@Gm@tempcnt=\count277
\Gm@bindingoffset=\dimen144
\Gm@wd@mp=\dimen145
\Gm@odd@mp=\dimen146
\Gm@even@mp=\dimen147
\Gm@layoutwidth=\dimen148
\Gm@layoutheight=\dimen149
\Gm@layouthoffset=\dimen150
\Gm@layoutvoffset=\dimen151
\Gm@dimlist=\toks19
)
(/usr/share/texlive/texmf-dist/tex/latex/amsmath/amsmath.sty
Package: amsmath 2023/05/13 v2.17o AMS math features
\@mathmargin=\skip50

For additional information on amsmath, use the `?' option.
(/usr/share/texlive/texmf-dist/tex/latex/amsmath/amstext.sty
Package: amstext 2021/08/26 v2.01 AMS text

(/usr/share/texlive/texmf-dist/tex/latex/amsmath/amsgen.sty
File: amsgen.sty 1999/11/30 v2.0 generic functions
\@emptytoks=\toks20
\ex@=\dimen152
))
(/usr/share/texlive/texmf-dist/tex/latex/amsmath/amsbsy.sty
Package: amsbsy 1999/11/29 v1.2d Bold Symbols
\pmbraise@=\dimen153
)
(/usr/share/texlive/texmf-dist/tex/latex/amsmath/amsopn.sty
Package: amsopn 2022/04/08 v2.04 operator names
)
\inf@bad=\count278
LaTeX Info: Redefining \frac on input line 234.
\uproot@=\count279
\leftroot@=\count280
LaTeX Info: Redefining \overline on input line 399.
LaTeX Info: Redefining \colon on input line 410.
\classnum@=\count281
\DOTSCASE@=\count282
LaTeX Info: Redefining \ldots on input line 496.
LaTeX Info: Redefining \dots on input line 499.
LaTeX Info: Redefining \cdots on input line 620.
\Mathstrutbox@=\box52
\strutbox@=\box53
LaTeX Info: Redefining \big on input line 722.
LaTeX Info: Redefining \Big on input line 723.
LaTeX Info: Redefining \bigg on input line 724.
LaTeX Info: Redefining \Bigg on input line 725.
\big@size=\dimen154
LaTeX Font Info:    Redeclaring font encoding OML on input line 743.
LaTeX Font Info:    Redeclaring font encoding OMS on input line 744.
\macc@depth=\count283
LaTeX Info: Redefining \bmod on input line 905.
LaTeX Info: Redefining \pmod on input line 910.
LaTeX Info: Redefining \smash on input line 940.
LaTeX Info: Redefining \relbar on input line 970.
LaTeX Info: Redefining \Relbar on input line 971.
\c@MaxMatrixCols=\count284
\dotsspace@=\muskip16
\c@parentequation=\count285
\dspbrk@lvl=\count286
\tag@help=\toks21
\row@=\count287
\column@=\count288
\maxfields@=\count289
\andhelp@=\toks22
\eqnshift@=\dimen155
\alignsep@=\dimen156
\tagshift@=\dimen157
\tagwidth@=\dimen158
\totwidth@=\dimen159
\lineht@=\dimen160
\@envbody=\toks23
\multlinegap=\skip51
\multlinetaggap=\skip52
\mathdisplay@stack=\toks24
LaTeX Info: Redefining \[ on input line 2953.
LaTeX Info: Redefining \] on input line 2954.
)
(/usr/share/texlive/texmf-dist/tex/latex/amsfonts/amssymb.sty
Package: amssymb 2013/01/14 v3.01 AMS font symbols

(/usr/share/texlive/texmf-dist/tex/latex/amsfonts/amsfonts.sty
Package: amsfonts 2013/01/14 v3.01 Basic AMSFonts support
\symAMSa=\mathgroup4
\symAMSb=\mathgroup5
LaTeX Font Info:    Redeclaring math symbol \hbar on input line 98.
LaTeX Font Info:    Overwriting math alphabet `\mathfrak' in version `bold'
(Font)                  U/euf/m/n --> U/euf/b/n on input line 106.
))
(/usr/share/texlive/texmf-dist/tex/latex/booktabs/booktabs.sty
Package: booktabs 2020/01/12 v1.61803398 Publication quality tables
\heavyrulewidth=\dimen161
\lightrulewidth=\dimen162
\cmidrulewidth=\dimen163
\belowrulesep=\dimen164
\belowbottomsep=\dimen165
\aboverulesep=\dimen166
\abovetopsep=\dimen167
\cmidrulesep=\dimen168
\cmidrulekern=\dimen169
\defaultaddspace=\dimen170
\@cmidla=\count290
\@cmidlb=\count291
\@aboverulesep=\dimen171
\@belowrulesep=\dimen172
\@thisruleclass=\count292
\@lastruleclass=\count293
\@thisrulewidth=\dimen173
)
(/usr/share/texlive/texmf-dist/tex/latex/tools/array.sty
Package: array 2023/10/16 v2.5g Tabular extension package (FMi)
\col@sep=\dimen174
\ar@mcellbox=\box54
\extrarowheight=\dimen175
\NC@list=\toks25
\extratabsurround=\skip53
\backup@length=\skip54
\ar@cellbox=\box55
)
(/usr/share/texlive/texmf-dist/tex/latex/tools/longtable.sty
Package: longtable 2023-11-01 v4.19 Multi-page Table package (DPC)
\LTleft=\skip55
\LTright=\skip56
\LTpre=\skip57
\LTpost=\skip58
\LTchunksize=\count294
\LTcapwidth=\dimen176
\LT@head=\box56
\LT@firsthead=\box57
\LT@foot=\box58
\LT@lastfoot=\box59
\LT@gbox=\box60
\LT@cols=\count295
\LT@rows=\count296
\c@LT@tables=\count297
\c@LT@chunks=\count298
\LT@p@ftn=\toks26
)
(/usr/share/texlive/texmf-dist/tex/latex/xcolor/xcolor.sty
Package: xcolor 2023/11/15 v3.01 LaTeX color extensions (UK)

(/usr/share/texlive/texmf-dist/tex/latex/graphics-cfg/color.cfg
File: color.cfg 2016/01/02 v1.6 sample color configuration
)
Package xcolor Info: Driver file: xetex.def on input line 274.

(/usr/share/texlive/texmf-dist/tex/latex/graphics-def/xetex.def
File: xetex.def 2022/09/22 v5.0n Graphics/color driver for xetex
)
(/usr/share/texlive/texmf-dist/tex/latex/graphics/mathcolor.ltx)
Package xcolor Info: Model `cmy' substituted by `cmy0' on input line 1350.
Package xcolor Info: Model `RGB' extended on input line 1366.
Package xcolor Info: Model `HTML' substituted by `rgb' on input line 1368.
Package xcolor Info: Model `Hsb' substituted by `hsb' on input line 1369.
Package xcolor Info: Model `tHsb' substituted by `hsb' on input line 1370.
Package xcolor Info: Model `HSB' substituted by `hsb' on input line 1371.
Package xcolor Info: Model `Gray' substituted by `gray' on input line 1372.
Package xcolor Info: Model `wave' substituted by `hsb' on input line 1373.
)
(/usr/share/texlive/texmf-dist/tex/latex/listings/listings.sty
\lst@mode=\count299
\lst@gtempboxa=\box61
\lst@token=\toks27
\lst@length=\count300
\lst@currlwidth=\dimen177
\lst@column=\count301
\lst@pos=\count302
\lst@lostspace=\dimen178
\lst@width=\dimen179
\lst@newlines=\count303
\lst@lineno=\count304
\lst@maxwidth=\dimen180

(/usr/share/texlive/texmf-dist/tex/latex/listings/lstmisc.sty
File: lstmisc.sty 2023/02/27 1.9 (Carsten Heinz)
\c@lstnumber=\count305
\lst@skipnumbers=\count306
\lst@framebox=\box62
)
(/usr/share/texlive/texmf-dist/tex/latex/listings/listings.cfg
File: listings.cfg 2023/02/27 1.9 listings configuration
))
Package: listings 2023/02/27 1.9 (Carsten Heinz)

(/usr/share/texlive/texmf-dist/tex/latex/hyperref/hyperref.sty
Package: hyperref 2024-01-20 v7.01h Hypertext links for LaTeX

(/usr/share/texlive/texmf-dist/tex/latex/kvsetkeys/kvsetkeys.sty
Package: kvsetkeys 2022-10-05 v1.19 Key value parser (HO)
)
(/usr/share/texlive/texmf-dist/tex/generic/kvdefinekeys/kvdefinekeys.sty
Package: kvdefinekeys 2019-12-19 v1.6 Define keys (HO)
)
(/usr/share/texlive/texmf-dist/tex/generic/pdfescape/pdfescape.sty
Package: pdfescape 2019/12/09 v1.15 Implements pdfTeX's escape features (HO)

(/usr/share/texlive/texmf-dist/tex/generic/ltxcmds/ltxcmds.sty
Package: ltxcmds 2023-12-04 v1.26 LaTeX kernel commands for general use (HO)
)
(/usr/share/texlive/texmf-dist/tex/generic/pdftexcmds/pdftexcmds.sty
Package: pdftexcmds 2020-06-27 v0.33 Utility functions of pdfTeX for LuaTeX (HO
)

(/usr/share/texlive/texmf-dist/tex/generic/infwarerr/infwarerr.sty
Package: infwarerr 2019/12/03 v1.5 Providing info/warning/error messages (HO)
)
Package pdftexcmds Info: \pdf@primitive is available.
Package pdftexcmds Info: \pdf@ifprimitive is available.
Package pdftexcmds Info: \pdfdraftmode not found.
))
(/usr/share/texlive/texmf-dist/tex/latex/hycolor/hycolor.sty
Package: hycolor 2020-01-27 v1.10 Color options for hyperref/bookmark (HO)
)
(/usr/share/texlive/texmf-dist/tex/latex/auxhook/auxhook.sty
Package: auxhook 2019-12-17 v1.6 Hooks for auxiliary files (HO)
)
(/usr/share/texlive/texmf-dist/tex/latex/hyperref/nameref.sty
Package: nameref 2023-11-26 v2.56 Cross-referencing by name of section

(/usr/share/texlive/texmf-dist/tex/latex/refcount/refcount.sty
Package: refcount 2019/12/15 v3.6 Data extraction from label references (HO)
)
(/usr/share/texlive/texmf-dist/tex/generic/gettitlestring/gettitlestring.sty
Package: gettitlestring 2019/12/15 v1.6 Cleanup title references (HO)

(/usr/share/texlive/texmf-dist/tex/latex/kvoptions/kvoptions.sty
Package: kvoptions 2022-06-15 v3.15 Key value format for package options (HO)
))
\c@section@level=\count307
)
\@linkdim=\dimen181
\Hy@linkcounter=\count308
\Hy@pagecounter=\count309

(/usr/share/texlive/texmf-dist/tex/latex/hyperref/pd1enc.def
File: pd1enc.def 2024-01-20 v7.01h Hyperref: PDFDocEncoding definition (HO)
)
(/usr/share/texlive/texmf-dist/tex/generic/intcalc/intcalc.sty
Package: intcalc 2019/12/15 v1.3 Expandable calculations with integers (HO)
)
\Hy@SavedSpaceFactor=\count310

(/usr/share/texlive/texmf-dist/tex/latex/hyperref/puenc.def
File: puenc.def 2024-01-20 v7.01h Hyperref: PDF Unicode definition (HO)
)
Package hyperref Info: Hyper figures OFF on input line 4179.
Package hyperref Info: Link nesting OFF on input line 4184.
Package hyperref Info: Hyper index ON on input line 4187.
Package hyperref Info: Plain pages OFF on input line 4194.
Package hyperref Info: Backreferencing OFF on input line 4199.
Package hyperref Info: Implicit mode ON; LaTeX internals redefined.
Package hyperref Info: Bookmarks ON on input line 4446.
\c@Hy@tempcnt=\count311

(/usr/share/texlive/texmf-dist/tex/latex/url/url.sty
\Urlmuskip=\muskip17
Package: url 2013/09/16  ver 3.4  Verb mode for urls, etc.
)
LaTeX Info: Redefining \url on input line 4784.
\XeTeXLinkMargin=\dimen182

(/usr/share/texlive/texmf-dist/tex/generic/bitset/bitset.sty
Package: bitset 2019/12/09 v1.3 Handle bit-vector datatype (HO)

(/usr/share/texlive/texmf-dist/tex/generic/bigintcalc/bigintcalc.sty
Package: bigintcalc 2019/12/15 v1.5 Expandable calculations on big integers (HO
)
))
\Fld@menulength=\count312
\Field@Width=\dimen183
\Fld@charsize=\dimen184
Package hyperref Info: Hyper figures OFF on input line 6063.
Package hyperref Info: Link nesting OFF on input line 6068.
Package hyperref Info: Hyper index ON on input line 6071.
Package hyperref Info: backreferencing OFF on input line 6078.
Package hyperref Info: Link coloring OFF on input line 6083.
Package hyperref Info: Link coloring with OCG OFF on input line 6088.
Package hyperref Info: PDF/A mode OFF on input line 6093.

(/usr/share/texlive/texmf-dist/tex/latex/base/atbegshi-ltx.sty
Package: atbegshi-ltx 2021/01/10 v1.0c Emulation of the original atbegshi
package with kernel methods
)
\Hy@abspage=\count313
\c@Item=\count314
\c@Hfootnote=\count315
)
Package hyperref Info: Driver (autodetected): hxetex.

(/usr/share/texlive/texmf-dist/tex/latex/hyperref/hxetex.def
File: hxetex.def 2024-01-20 v7.01h Hyperref driver for XeTeX

(/usr/share/texlive/texmf-dist/tex/generic/stringenc/stringenc.sty
Package: stringenc 2019/11/29 v1.12 Convert strings between diff. encodings (HO
)
)
\pdfm@box=\box63
\c@Hy@AnnotLevel=\count316
\HyField@AnnotCount=\count317
\Fld@listcount=\count318
\c@bookmark@seq@number=\count319

(/usr/share/texlive/texmf-dist/tex/latex/rerunfilecheck/rerunfilecheck.sty
Package: rerunfilecheck 2022-07-10 v1.10 Rerun checks for auxiliary files (HO)

(/usr/share/texlive/texmf-dist/tex/latex/base/atveryend-ltx.sty
Package: atveryend-ltx 2020/08/19 v1.0a Emulation of the original atveryend pac
kage
with kernel methods
)
(/usr/share/texlive/texmf-dist/tex/generic/uniquecounter/uniquecounter.sty
Package: uniquecounter 2019/12/15 v1.4 Provide unlimited unique counter (HO)
)
Package uniquecounter Info: New unique counter `rerunfilecheck' on input line 2
85.
)
\Hy@SectionHShift=\skip59
)
(/usr/share/texlive/texmf-dist/tex/latex/enumitem/enumitem.sty
Package: enumitem 2019/06/20 v3.9 Customized lists
\enitkv@toks@=\toks28
\labelindent=\skip60
\enit@outerparindent=\dimen185
\enit@toks=\toks29
\enit@inbox=\box64
\enit@count@id=\count320
\enitdp@description=\count321
)
(/usr/share/texlive/texmf-dist/tex/latex/caption/caption.sty
Package: caption 2023/08/05 v3.6o Customizing captions (AR)

(/usr/share/texlive/texmf-dist/tex/latex/caption/caption3.sty
Package: caption3 2023/07/31 v2.4d caption3 kernel (AR)
\caption@tempdima=\dimen186
\captionmargin=\dimen187
\caption@leftmargin=\dimen188
\caption@rightmargin=\dimen189
\caption@width=\dimen190
\caption@indent=\dimen191
\caption@parindent=\dimen192
\caption@hangindent=\dimen193
Package caption Info: Standard document class detected.
)
\c@caption@flags=\count322
\c@continuedfloat=\count323
Package caption Info: hyperref package is loaded.
Package caption Info: listings package is loaded.
Package caption Info: longtable package is loaded.

(/usr/share/texlive/texmf-dist/tex/latex/caption/ltcaption.sty
Package: ltcaption 2021/01/08 v1.4c longtable captions (AR)
))
(/usr/share/texlive/texmf-dist/tex/latex/graphics/graphicx.sty
Package: graphicx 2021/09/16 v1.2d Enhanced LaTeX Graphics (DPC,SPQR)

(/usr/share/texlive/texmf-dist/tex/latex/graphics/graphics.sty
Package: graphics 2022/03/10 v1.4e Standard LaTeX Graphics (DPC,SPQR)

(/usr/share/texlive/texmf-dist/tex/latex/graphics/trig.sty
Package: trig 2021/08/11 v1.11 sin cos tan (DPC)
)
(/usr/share/texlive/texmf-dist/tex/latex/graphics-cfg/graphics.cfg
File: graphics.cfg 2016/06/04 v1.11 sample graphics configuration
)
Package graphics Info: Driver file: xetex.def on input line 107.
)
\Gin@req@height=\dimen194
\Gin@req@width=\dimen195
)
(/usr/share/texlive/texmf-dist/tex/latex/float/float.sty
Package: float 2001/11/08 v1.3d Float enhancements (AL)
\c@float@type=\count324
\float@exts=\toks30
\float@box=\box65
\@float@everytoks=\toks31
\@floatcapt=\box66
)
(/usr/share/texlive/texmf-dist/tex/latex/listings/lstlang1.sty
File: lstlang1.sty 2023/02/27 1.9 listings language file
)
(./explanatory_report_Aa_logistic_regression.aux)
\openout1 = `explanatory_report_Aa_logistic_regression.aux'.

LaTeX Font Info:    Checking defaults for OML/cmm/m/it on input line 48.
LaTeX Font Info:    ... okay on input line 48.
LaTeX Font Info:    Checking defaults for OMS/cmsy/m/n on input line 48.
LaTeX Font Info:    ... okay on input line 48.
LaTeX Font Info:    Checking defaults for OT1/cmr/m/n on input line 48.
LaTeX Font Info:    ... okay on input line 48.
LaTeX Font Info:    Checking defaults for T1/cmr/m/n on input line 48.
LaTeX Font Info:    ... okay on input line 48.
LaTeX Font Info:    Checking defaults for TS1/cmr/m/n on input line 48.
LaTeX Font Info:    Trying to load font information for TS1+cmr on input line 4
8.

(/usr/share/texlive/texmf-dist/tex/latex/base/ts1cmr.fd
File: ts1cmr.fd 2023/04/13 v2.5m Standard LaTeX font definitions
)
LaTeX Font Info:    ... okay on input line 48.
LaTeX Font Info:    Checking defaults for TU/lmr/m/n on input line 48.
LaTeX Font Info:    ... okay on input line 48.
LaTeX Font Info:    Checking defaults for OMX/cmex/m/n on input line 48.
LaTeX Font Info:    ... okay on input line 48.
LaTeX Font Info:    Checking defaults for U/cmr/m/n on input line 48.
LaTeX Font Info:    ... okay on input line 48.
LaTeX Font Info:    Checking defaults for PD1/pdf/m/n on input line 48.
LaTeX Font Info:    ... okay on input line 48.
LaTeX Font Info:    Checking defaults for PU/pdf/m/n on input line 48.
LaTeX Font Info:    ... okay on input line 48.

Package fontspec Info: Adjusting the maths setup (use [no-math] to avoid
(fontspec)             this).

\symlegacymaths=\mathgroup6
LaTeX Font Info:    Overwriting symbol font `legacymaths' in version `bold'
(Font)                  OT1/cmr/m/n --> OT1/cmr/bx/n on input line 48.
LaTeX Font Info:    Redeclaring math accent \acute on input line 48.
LaTeX Font Info:    Redeclaring math accent \grave on input line 48.
LaTeX Font Info:    Redeclaring math accent \ddot on input line 48.
LaTeX Font Info:    Redeclaring math accent \tilde on input line 48.
LaTeX Font Info:    Redeclaring math accent \bar on input line 48.
LaTeX Font Info:    Redeclaring math accent \breve on input line 48.
LaTeX Font Info:    Redeclaring math accent \check on input line 48.
LaTeX Font Info:    Redeclaring math accent \hat on input line 48.
LaTeX Font Info:    Redeclaring math accent \dot on input line 48.
LaTeX Font Info:    Redeclaring math accent \mathring on input line 48.
LaTeX Font Info:    Redeclaring math symbol \Gamma on input line 48.
LaTeX Font Info:    Redeclaring math symbol \Delta on input line 48.
LaTeX Font Info:    Redeclaring math symbol \Theta on input line 48.
LaTeX Font Info:    Redeclaring math symbol \Lambda on input line 48.
LaTeX Font Info:    Redeclaring math symbol \Xi on input line 48.
LaTeX Font Info:    Redeclaring math symbol \Pi on input line 48.
LaTeX Font Info:    Redeclaring math symbol \Sigma on input line 48.
LaTeX Font Info:    Redeclaring math symbol \Upsilon on input line 48.
LaTeX Font Info:    Redeclaring math symbol \Phi on input line 48.
LaTeX Font Info:    Redeclaring math symbol \Psi on input line 48.
LaTeX Font Info:    Redeclaring math symbol \Omega on input line 48.
LaTeX Font Info:    Redeclaring math symbol \mathdollar on input line 48.
LaTeX Font Info:    Redeclaring symbol font `operators' on input line 48.
LaTeX Font Info:    Encoding `OT1' has changed to `TU' for symbol font
(Font)              `operators' in the math version `normal' on input line 48.
LaTeX Font Info:    Overwriting symbol font `operators' in version `normal'
(Font)                  OT1/cmr/m/n --> TU/DejaVuSerif(0)/m/n on input line 48.

LaTeX Font Info:    Encoding `OT1' has changed to `TU' for symbol font
(Font)              `operators' in the math version `bold' on input line 48.
LaTeX Font Info:    Overwriting symbol font `operators' in version `bold'
(Font)                  OT1/cmr/bx/n --> TU/DejaVuSerif(0)/m/n on input line 48
.
LaTeX Font Info:    Overwriting symbol font `operators' in version `normal'
(Font)                  TU/DejaVuSerif(0)/m/n --> TU/DejaVuSerif(0)/m/n on inpu
t line 48.
LaTeX Font Info:    Overwriting math alphabet `\mathit' in version `normal'
(Font)                  OT1/cmr/m/it --> TU/DejaVuSerif(0)/m/it on input line 4
8.
LaTeX Font Info:    Overwriting math alphabet `\mathbf' in version `normal'
(Font)                  OT1/cmr/bx/n --> TU/DejaVuSerif(0)/b/n on input line 48
.
LaTeX Font Info:    Overwriting math alphabet `\mathsf' in version `normal'
(Font)                  OT1/cmss/m/n --> TU/DejaVuSans(0)/m/n on input line 48.

LaTeX Font Info:    Overwriting math alphabet `\mathtt' in version `normal'
(Font)                  OT1/cmtt/m/n --> TU/DejaVuSansMono(0)/m/n on input line
 48.
LaTeX Font Info:    Overwriting symbol font `operators' in version `bold'
(Font)                  TU/DejaVuSerif(0)/m/n --> TU/DejaVuSerif(0)/b/n on inpu
t line 48.
LaTeX Font Info:    Overwriting math alphabet `\mathit' in version `bold'
(Font)                  OT1/cmr/bx/it --> TU/DejaVuSerif(0)/b/it on input line 
48.
LaTeX Font Info:    Overwriting math alphabet `\mathsf' in version `bold'
(Font)                  OT1/cmss/bx/n --> TU/DejaVuSans(0)/b/n on input line 48
.
LaTeX Font Info:    Overwriting math alphabet `\mathtt' in version `bold'
(Font)                  OT1/cmtt/m/n --> TU/DejaVuSansMono(0)/b/n on input line
 48.

*geometry* driver: auto-detecting
*geometry* detected driver: xetex
*geometry* verbose mode - [ preamble ] result:
* driver: xetex
* paper: a4paper
* layout: <same size as paper>
* layoutoffset:(h,v)=(0.0pt,0.0pt)
* modes: 
* h-part:(L,W,R)=(66.86414pt, 463.7796pt, 66.86414pt)
* v-part:(T,H,B)=(66.86414pt, 711.31857pt, 66.86414pt)
* \paperwidth=597.50787pt
* \paperheight=845.04684pt
* \textwidth=463.7796pt
* \textheight=711.31857pt
* \oddsidemargin=-5.40585pt
* \evensidemargin=-5.40585pt
* \topmargin=-42.40585pt
* \headheight=12.0pt
* \headsep=25.0pt
* \topskip=11.0pt
* \footskip=30.0pt
* \marginparwidth=50.0pt
* \marginparsep=10.0pt
* \columnsep=10.0pt
* \skip\footins=10.0pt plus 4.0pt minus 2.0pt
* \hoffset=0.0pt
* \voffset=0.0pt
* \mag=1000
* \@twocolumnfalse
* \@twosidefalse
* \@mparswitchfalse
* \@reversemarginfalse
* (1in=72.27pt=25.4mm, 1cm=28.453pt)

\c@lstlisting=\count325
Package hyperref Info: Link coloring OFF on input line 48.
(./explanatory_report_Aa_logistic_regression.out)
(./explanatory_report_Aa_logistic_regression.out)
\@outlinefile=\write3
\openout3 = `explanatory_report_Aa_logistic_regression.out'.

Package caption Info: Begin \AtBeginDocument code.
Package caption Info: float package is loaded.
Package caption Info: End \AtBeginDocument code.

Package fontspec Info: Font family 'DejaVuSerif(1)' created for font 'DejaVu
(fontspec)             Serif' with options
(fontspec)             [Ligatures=TeX,Scale=0.95,Script=Greek].
(fontspec)              
(fontspec)              This font family consists of the following NFSS
(fontspec)             series/shapes:
(fontspec)              
(fontspec)             - 'normal' (m/n) with NFSS spec.: <->s*[0.95]"DejaVu
(fontspec)             Serif/OT:script=grek;language=dflt;mapping=tex-text;"
(fontspec)             - 'small caps'  (m/sc) with NFSS spec.: 
(fontspec)             - 'bold' (b/n) with NFSS spec.: <->s*[0.95]"DejaVu
(fontspec)             Serif/B/OT:script=grek;language=dflt;mapping=tex-text;"
(fontspec)             - 'bold small caps'  (b/sc) with NFSS spec.: 
(fontspec)             - 'italic' (m/it) with NFSS spec.: <->s*[0.95]"DejaVu
(fontspec)             Serif/I/OT:script=grek;language=dflt;mapping=tex-text;"
(fontspec)             - 'italic small caps'  (m/scit) with NFSS spec.: 
(fontspec)             - 'bold italic' (b/it) with NFSS spec.:
(fontspec)             <->s*[0.95]"DejaVu
(fontspec)             Serif/BI/OT:script=grek;language=dflt;mapping=tex-text;"

(fontspec)             - 'bold italic small caps'  (b/scit) with NFSS spec.: 

LaTeX Font Info:    Font shape `TU/DejaVuSerif(1)/m/n' will be
(Font)              scaled to size 10.40245pt on input line 48.
LaTeX Font Info:    Font shape `TU/DejaVuSerif(1)/m/n' will be
(Font)              scaled to size 16.41594pt on input line 50.
LaTeX Font Info:    Font shape `TU/DejaVuSerif(1)/b/n' will be
(Font)              scaled to size 16.41594pt on input line 50.
LaTeX Font Info:    Font shape `TU/DejaVuSerif(1)/m/n' will be
(Font)              scaled to size 11.39996pt on input line 50.
LaTeX Font Info:    Font shape `TU/DejaVuSerif(0)/m/n' will be
(Font)              scaled to size 11.39996pt on input line 50.
LaTeX Font Info:    Font shape `TU/DejaVuSerif(0)/m/n' will be
(Font)              scaled to size 7.59998pt on input line 50.
LaTeX Font Info:    Font shape `TU/DejaVuSerif(0)/m/n' will be
(Font)              scaled to size 5.69998pt on input line 50.
LaTeX Font Info:    Trying to load font information for U+msa on input line 50.


(/usr/share/texlive/texmf-dist/tex/latex/amsfonts/umsa.fd
File: umsa.fd 2013/01/14 v3.01 AMS symbols A
)
LaTeX Font Info:    Trying to load font information for U+msb on input line 50.


(/usr/share/texlive/texmf-dist/tex/latex/amsfonts/umsb.fd
File: umsb.fd 2013/01/14 v3.01 AMS symbols B
)
LaTeX Font Info:    Font shape `TU/DejaVuSerif(1)/m/n' will be
(Font)              scaled to size 13.67995pt on input line 50.
LaTeX Font Info:    Font shape `TU/DejaVuSerif(1)/b/n' will be
(Font)              scaled to size 13.67995pt on input line 50.

(./explanatory_report_Aa_logistic_regression.toc
LaTeX Font Info:    Font shape `TU/DejaVuSerif(1)/b/n' will be
(Font)              scaled to size 10.40245pt on input line 3.
 [1

] [2]
Overfull \hbox (1.51595pt too wide) in paragraph at lines 134--134
 [][] [][]\TU/DejaVuSerif(1)/m/n/10.95 Γιατί η AUC της Logistic Regression είνα
ι η μεγαλύτερη, αλλά όχι η accuracy 
 []

[3])
\tf@toc=\write4
\openout4 = `explanatory_report_Aa_logistic_regression.toc'.

 [4]
LaTeX Font Info:    Font shape `TU/DejaVuSansMono(0)/m/n' will be
(Font)              scaled to size 9.30756pt on input line 57.

Package fontspec Info: Font family 'DejaVuSansMono(1)' created for font
(fontspec)             'DejaVu Sans Mono' with options
(fontspec)             [WordSpace={1,0,0},HyphenChar=None,PunctuationSpace=Word
Space,Scale=0.85,Script=Greek].
(fontspec)              
(fontspec)              This font family consists of the following NFSS
(fontspec)             series/shapes:
(fontspec)              
(fontspec)             - 'normal' (m/n) with NFSS spec.: <->s*[0.85]"DejaVu
(fontspec)             Sans Mono/OT:script=grek;language=dflt;"
(fontspec)             - 'small caps'  (m/sc) with NFSS spec.: 
(fontspec)             and font adjustment code:
(fontspec)             \fontdimen 2\font =1\fontdimen 2\font \fontdimen 3\font
(fontspec)             =0\fontdimen 3\font \fontdimen 4\font =0\fontdimen
(fontspec)             4\font \fontdimen 7\font =0\fontdimen 2\font
(fontspec)             \tex_hyphenchar:D \font =-1\scan_stop: 
(fontspec)             - 'bold' (b/n) with NFSS spec.: <->s*[0.85]"DejaVu Sans
(fontspec)             Mono/B/OT:script=grek;language=dflt;"
(fontspec)             - 'bold small caps'  (b/sc) with NFSS spec.: 
(fontspec)             and font adjustment code:
(fontspec)             \fontdimen 2\font =1\fontdimen 2\font \fontdimen 3\font
(fontspec)             =0\fontdimen 3\font \fontdimen 4\font =0\fontdimen
(fontspec)             4\font \fontdimen 7\font =0\fontdimen 2\font
(fontspec)             \tex_hyphenchar:D \font =-1\scan_stop: 
(fontspec)             - 'italic' (m/it) with NFSS spec.: <->s*[0.85]"DejaVu
(fontspec)             Sans Mono/I/OT:script=grek;language=dflt;"
(fontspec)             - 'italic small caps'  (m/scit) with NFSS spec.: 
(fontspec)             and font adjustment code:
(fontspec)             \fontdimen 2\font =1\fontdimen 2\font \fontdimen 3\font
(fontspec)             =0\fontdimen 3\font \fontdimen 4\font =0\fontdimen
(fontspec)             4\font \fontdimen 7\font =0\fontdimen 2\font
(fontspec)             \tex_hyphenchar:D \font =-1\scan_stop: 
(fontspec)             - 'bold italic' (b/it) with NFSS spec.:
(fontspec)             <->s*[0.85]"DejaVu Sans
(fontspec)             Mono/BI/OT:script=grek;language=dflt;"
(fontspec)             - 'bold italic small caps'  (b/scit) with NFSS spec.: 
(fontspec)             and font adjustment code:
(fontspec)             \fontdimen 2\font =1\fontdimen 2\font \fontdimen 3\font
(fontspec)             =0\fontdimen 3\font \fontdimen 4\font =0\fontdimen
(fontspec)             4\font \fontdimen 7\font =0\fontdimen 2\font
(fontspec)             \tex_hyphenchar:D \font =-1\scan_stop: 

LaTeX Font Info:    Font shape `TU/DejaVuSansMono(1)/m/n' will be
(Font)              scaled to size 9.30756pt on input line 57.
LaTeX Font Info:    Font shape `TU/DejaVuSerif(1)/b/n' will be
(Font)              scaled to size 11.39996pt on input line 61.
LaTeX Font Info:    Font shape `TU/DejaVuSerif(1)/m/n' will be
(Font)              scaled to size 7.59998pt on input line 65.
LaTeX Font Info:    Font shape `TU/DejaVuSerif(1)/m/n' will be
(Font)              scaled to size 5.69998pt on input line 65.
 [5]
LaTeX Info: Redefining \rmfamily on input line 158.
LaTeX Info: Redefining \sffamily on input line 158.
LaTeX Info: Redefining \ttfamily on input line 158.
 [6]
LaTeX Info: Redefining \rmfamily on input line 235.
LaTeX Info: Redefining \sffamily on input line 235.
LaTeX Info: Redefining \ttfamily on input line 235.
 [7]
LaTeX Info: Redefining \rmfamily on input line 300.
LaTeX Info: Redefining \sffamily on input line 300.
LaTeX Info: Redefining \ttfamily on input line 300.
LaTeX Info: Redefining \rmfamily on input line 302.
LaTeX Info: Redefining \sffamily on input line 302.
LaTeX Info: Redefining \ttfamily on input line 302.
LaTeX Info: Redefining \rmfamily on input line 304.
LaTeX Info: Redefining \sffamily on input line 304.
LaTeX Info: Redefining \ttfamily on input line 304.
LaTeX Info: Redefining \rmfamily on input line 306.
LaTeX Info: Redefining \sffamily on input line 306.
LaTeX Info: Redefining \ttfamily on input line 306.
 [8] [9] [10]
LaTeX Info: Redefining \rmfamily on input line 545.
LaTeX Info: Redefining \sffamily on input line 545.
LaTeX Info: Redefining \ttfamily on input line 545.
 [11]
LaTeX Font Info:    Font shape `TU/DejaVuSansMono(1)/m/n' will be
(Font)              scaled to size 7.65005pt on input line 577.
LaTeX Font Info:    Font shape `TU/DejaVuSansMono(1)/b/n' will be
(Font)              scaled to size 7.65005pt on input line 578.
 [12]
LaTeX Font Info:    Font shape `TU/DejaVuSansMono(0)/m/n' will be
(Font)              scaled to size 7.65005pt on input line 696.
 [13] [14]
Overfull \hbox (1.39091pt too wide) in paragraph at lines 809--811
[]\TU/DejaVuSerif(1)/m/n/10.95 Άρα το μοντέλο δεν έκανε ουσιαστική ταξινόμηση. 
Απλώς προέβλεπε πάντα την πλειο-
 []

[15] [16]
Overfull \hbox (0.44579pt too wide) in paragraph at lines 973--977
[]\TU/DejaVuSerif(1)/m/n/10.95 Το μέγεθος του συντελεστή είναι μεγάλο, αλλά πρέ
πει να προσέξουμε ότι τα \TU/DejaVuSansMono(1)/m/n/10.95 chlorides
 []

[17] [18] [19] [20] [21] [22] [23] [24]
Overfull \hbox (2.20932pt too wide) in paragraph at lines 1542--1545
[]\TU/DejaVuSerif(1)/m/n/10.95 Η LDA με \TU/DejaVuSansMono(1)/m/n/10.95 alcohol
 \TU/DejaVuSerif(1)/m/n/10.95 δεν εντοπίζει κανένα κόκκινο κρασί. Όπως και η Lo
gistic Regression
 []

[25] [26] [27] [28] [29] [30] [31] [32] [33]
Overfull \hbox (5.36104pt too wide) in paragraph at lines 2241--2243
[]\TU/DejaVuSerif(1)/m/n/10.95 Τα \TU/DejaVuSansMono(1)/m/n/10.95 chlorides \TU
/DejaVuSerif(1)/m/n/10.95 είναι η καλύτερη μεταβλητή. Δίνουν την καλύτερη accur
acy, balanced
 []

[34]
LaTeX Font Info:    Font shape `TU/DejaVuSerif(1)/m/n' will be
(Font)              scaled to size 9.49997pt on input line 2285.
LaTeX Font Info:    Font shape `TU/DejaVuSerif(0)/m/n' will be
(Font)              scaled to size 9.49997pt on input line 2286.
LaTeX Font Info:    Font shape `TU/DejaVuSerif(0)/m/n' will be
(Font)              scaled to size 6.64998pt on input line 2286.
LaTeX Font Info:    Font shape `TU/DejaVuSerif(0)/m/n' will be
(Font)              scaled to size 4.74998pt on input line 2286.
 [35] [36] [37] [38]
Overfull \hbox (3.12871pt too wide) in paragraph at lines 2505--2508
[]\TU/DejaVuSerif(1)/m/n/10.95 Στο Ερώτημα Α χρησιμοποιούσαμε \TU/DejaVuSerif(1
)/b/n/10.95 μία μόνο προβλεπτική μεταβλητή κάθε φορά\TU/DejaVuSerif(1)/m/n/10.9
5 .
 []

LaTeX Font Info:    Font shape `TU/DejaVuSerif(0)/b/n' will be
(Font)              scaled to size 10.40245pt on input line 2515.
LaTeX Font Info:    Font shape `TU/DejaVuSerif(0)/b/n' will be
(Font)              scaled to size 7.59998pt on input line 2515.
LaTeX Font Info:    Font shape `TU/DejaVuSerif(0)/b/n' will be
(Font)              scaled to size 5.69998pt on input line 2515.

Overfull \hbox (5.93637pt too wide) in paragraph at lines 2528--2530
[]\TU/DejaVuSerif(1)/b/n/10.95 K-Nearest Neighbors (KNN)\TU/DejaVuSerif(1)/m/n/
10.95 , με το $\OML/cmm/m/it/10.95 K$ \TU/DejaVuSerif(1)/m/n/10.95 να επιλέγετα
ι μέσω 5-fold cross-validation. 
 []


Overfull \hbox (22.238pt too wide) in paragraph at lines 2539--2541
[]\TU/DejaVuSerif(1)/m/n/10.95 οι \TU/DejaVuSerif(1)/b/n/10.95 δείκτες ακρίβεια
ς \TU/DejaVuSerif(1)/m/n/10.95 (accuracy, balanced accuracy, sensitivity, speci
ficity, precision,
 []

[39]
Overfull \hbox (17.71475pt too wide) in paragraph at lines 2616--2621
[]\TU/DejaVuSerif(1)/m/n/10.95 Εδώ συνοψίζουμε τη θεωρία που χρειάζεται για τις
 νέες μεθόδους. Η Logistic Regression,
 []

[40]
LaTeX Info: Redefining \rmfamily on input line 2648.
LaTeX Info: Redefining \sffamily on input line 2648.
LaTeX Info: Redefining \ttfamily on input line 2648.
 [41]

Package hyperref Warning: Token not allowed in a PDF string (Unicode):
(hyperref)                removing `math shift' on input line 2706.

LaTeX Info: Redefining \rmfamily on input line 2725.
LaTeX Info: Redefining \sffamily on input line 2725.
LaTeX Info: Redefining \ttfamily on input line 2725.
LaTeX Font Info:    Font shape `TU/DejaVuSerif(1)/m/it' will be
(Font)              scaled to size 10.40245pt on input line 2729.
LaTeX Info: Redefining \rmfamily on input line 2730.
LaTeX Info: Redefining \sffamily on input line 2730.
LaTeX Info: Redefining \ttfamily on input line 2730.
[42] [43]
LaTeX Font Info:    Font shape `TU/DejaVuSerif(0)/b/n' will be
(Font)              scaled to size 11.39996pt on input line 2845.


Package hyperref Warning: Token not allowed in a PDF string (Unicode):
(hyperref)                removing `math shift' on input line 2845.


Overfull \hbox (17.07608pt too wide) in paragraph at lines 2867--2870
[]\TU/DejaVuSerif(1)/m/n/10.95 Το \TU/DejaVuSansMono(1)/m/n/10.95 StratifiedKFo
ld \TU/DejaVuSerif(1)/m/n/10.95 φροντίζει ώστε κάθε fold να έχει περίπου την ίδ
ια αναλογία red/white
 []

[44]
LaTeX Font Info:    Font shape `TU/DejaVuSerif(0)/b/n' will be
(Font)              scaled to size 9.49997pt on input line 2879.
LaTeX Font Info:    Font shape `TU/DejaVuSerif(0)/b/n' will be
(Font)              scaled to size 6.64998pt on input line 2879.
LaTeX Font Info:    Font shape `TU/DejaVuSerif(0)/b/n' will be
(Font)              scaled to size 4.74998pt on input line 2879.
LaTeX Font Info:    Font shape `TU/DejaVuSerif(1)/b/n' will be
(Font)              scaled to size 9.49997pt on input line 2887.
File: Q2_knn_cv.png Graphic file (type bmp)
<Q2_knn_cv.png>
 [45]
Overfull \hbox (13.58295pt too wide) in paragraph at lines 2957--2959
[]\TU/DejaVuSerif(1)/b/n/10.95 AUC\TU/DejaVuSerif(1)/m/n/10.95 : πόσο καλά το μ
οντέλο βάζει σε σειρά τα κρασιά, ανεξάρτητα από το threshold.
 []

[46]
Overfull \hbox (7.2368pt too wide) in paragraph at lines 3008--3014
[]\TU/DejaVuSerif(1)/m/n/10.95 Για να δούμε ποιες προβλέψεις λείπουν από κάθε μ
οντέλο, παραθέτουμε τους confusion
 []

File: Q2_roc.png Graphic file (type bmp)
<Q2_roc.png>
[47] [48] [49]
Overfull \hbox (15.55803pt too wide) in paragraph at lines 3221--3226
[]\TU/DejaVuSerif(1)/b/n/10.95 Συνδυασμός πληροφορίας\TU/DejaVuSerif(1)/m/n/10.
95 . Μεταβλητές όπως το \TU/DejaVuSansMono(1)/m/n/10.95 total sulfur dioxide\TU
/DejaVuSerif(1)/m/n/10.95 , η \TU/DejaVuSansMono(1)/m/n/10.95 volatile
 []

[50] [51] (./explanatory_report_Aa_logistic_regression.aux)
 ***********
LaTeX2e <2023-11-01> patch level 1
L3 programming layer <2024-01-22>
 ***********
Package rerunfilecheck Info: File `explanatory_report_Aa_logistic_regression.ou
t' has not changed.
(rerunfilecheck)             Checksum: E8B9DA395AF9A1BE9D9838EBBF47913D;36586.
 ) 
Here is how much of TeX's memory you used:
 18015 strings out of 476846
 352627 string characters out of 5803824
 2031627 words of memory out of 5000000
 39611 multiletter control sequences out of 15000+600000
 571492 words of font info for 173 fonts, out of 8000000 for 9000
 14 hyphenation exceptions out of 8191
 79i,9n,117p,682b,1184s stack positions out of 10000i,1000n,20000p,200000b,200000s

Output written on explanatory_report_Aa_logistic_regression.pdf (51 pages).
