\BOOKMARK [1][-]{section.1}{\376\377\003\240\003\277\003\271\003\277\000\040\003\272\003\277\003\274\003\274\003\254\003\304\003\271\000\040\003\304\003\267\003\302\000\040\003\265\003\301\003\263\003\261\003\303\003\257\003\261\003\302\000\040\003\273\003\315\003\275\003\277\003\305\003\274\003\265\000\040\003\265\003\264\003\316}{}% 1
\BOOKMARK [2][-]{subsection.1.1}{\376\377\003\227\000\040\003\265\003\272\003\306\003\316\003\275\003\267\003\303\003\267\000,\000\040\003\274\003\265\000\040\003\261\003\300\003\273\003\254\000\040\003\273\003\314\003\263\003\271\003\261}{section.1}% 2
\BOOKMARK [2][-]{subsection.1.2}{\376\377\003\244\003\271\000\040\003\265\003\257\003\275\003\261\003\271\000\040\003\304\003\277\000\040\003\225\003\301\003\316\003\304\003\267\003\274\003\261\000\040\003\221}{section.1}% 3
\BOOKMARK [1][-]{section.2}{\376\377\003\230\003\265\003\311\003\301\003\267\003\304\003\271\003\272\003\314\000\040\003\305\003\300\003\314\003\262\003\261\003\270\003\301\003\277}{}% 4
\BOOKMARK [2][-]{subsection.2.1}{\376\377\003\244\003\271\000\040\003\303\003\267\003\274\003\261\003\257\003\275\003\265\003\271\000\040\000`\000`\003\300\003\301\003\314\003\262\003\273\003\265\003\310\003\267\000\040\003\304\003\315\003\300\003\277\003\305\000\040\003\272\003\301\003\261\003\303\003\271\003\277\003\315\000'\000'}{section.2}% 5
\BOOKMARK [2][-]{subsection.2.2}{\376\377\003\240\003\316\003\302\000\040\003\272\003\311\003\264\003\271\003\272\003\277\003\300\003\277\003\271\003\277\003\315\003\274\003\265\000\040\003\304\003\271\003\302\000\040\003\264\003\315\003\277\000\040\003\272\003\261\003\304\003\267\003\263\003\277\003\301\003\257\003\265\003\302}{section.2}% 6
\BOOKMARK [2][-]{subsection.2.3}{\376\377\003\244\003\271\000\040\003\272\003\254\003\275\003\265\003\271\000\040\003\267\000\040\000L\000o\000g\000i\000s\000t\000i\000c\000\040\000R\000e\000g\000r\000e\000s\000s\000i\000o\000n}{section.2}% 7
\BOOKMARK [2][-]{subsection.2.4}{\376\377\003\240\003\316\003\302\000\040\003\261\003\300\003\277\003\306\003\261\003\303\003\257\003\266\003\265\003\271\000\040\003\304\003\265\003\273\003\271\003\272\003\254\000\040\000r\000e\000d\000\040\003\256\000\040\000w\000h\000i\000t\000e}{section.2}% 8
\BOOKMARK [2][-]{subsection.2.5}{\376\377\003\223\003\271\003\261\003\304\003\257\000\040\003\307\003\311\003\301\003\257\003\266\003\277\003\305\003\274\003\265\000\040\003\303\003\265\000\040\000t\000r\000a\000i\000n\000i\000n\000g\000\040\003\272\003\261\003\271\000\040\000t\000e\000s\000t}{section.2}% 9
\BOOKMARK [2][-]{subsection.2.6}{\376\377\003\244\003\271\000\040\003\265\003\257\003\275\003\261\003\271\000\040\003\277\000\040\000c\000o\000n\000f\000u\000s\000i\000o\000n\000\040\000m\000a\000t\000r\000i\000x}{section.2}% 10
\BOOKMARK [2][-]{subsection.2.7}{\376\377\003\244\003\261\000\040\003\274\003\255\003\304\003\301\003\261\000\040\003\261\003\276\003\271\003\277\003\273\003\314\003\263\003\267\003\303\003\267\003\302}{section.2}% 11
\BOOKMARK [3][-]{subsubsection.2.7.1}{\376\377\000A\000c\000c\000u\000r\000a\000c\000y}{subsection.2.7}% 12
\BOOKMARK [3][-]{subsubsection.2.7.2}{\376\377\000S\000e\000n\000s\000i\000t\000i\000v\000i\000t\000y\000\040\003\263\003\271\003\261\000\040\000w\000h\000i\000t\000e}{subsection.2.7}% 13
\BOOKMARK [3][-]{subsubsection.2.7.3}{\376\377\000S\000p\000e\000c\000i\000f\000i\000c\000i\000t\000y\000\040\003\263\003\271\003\261\000\040\000r\000e\000d}{subsection.2.7}% 14
\BOOKMARK [3][-]{subsubsection.2.7.4}{\376\377\000B\000a\000l\000a\000n\000c\000e\000d\000\040\000a\000c\000c\000u\000r\000a\000c\000y}{subsection.2.7}% 15
\BOOKMARK [3][-]{subsubsection.2.7.5}{\376\377\000P\000r\000e\000c\000i\000s\000i\000o\000n\000\040\003\272\003\261\003\271\000\040\000F\0001\000-\000s\000c\000o\000r\000e}{subsection.2.7}% 16
\BOOKMARK [3][-]{subsubsection.2.7.6}{\376\377\000R\000O\000C\000\040\003\272\003\261\003\274\003\300\003\315\003\273\003\267\000\040\003\272\003\261\003\271\000\040\000A\000U\000C}{subsection.2.7}% 17
\BOOKMARK [1][-]{section.3}{\376\377\003\240\003\316\003\302\000\040\003\273\003\315\003\303\003\261\003\274\003\265\000\040\003\304\003\277\000\040\003\305\003\300\003\277\003\265\003\301\003\316\003\304\003\267\003\274\003\261\000\040\003\221\000\050\000a\000\051}{}% 18
\BOOKMARK [2][-]{subsection.3.1}{\376\377\003\222\003\256\003\274\003\261\000\040\0001\000:\000\040\003\246\003\314\003\301\003\304\003\311\003\303\003\267\000\040\003\304\003\311\003\275\000\040\003\264\003\265\003\264\003\277\003\274\003\255\003\275\003\311\003\275}{section.3}% 19
\BOOKMARK [2][-]{subsection.3.2}{\376\377\003\222\003\256\003\274\003\261\000\040\0002\000:\000\040\003\237\003\301\003\271\003\303\003\274\003\314\003\302\000\040\003\303\003\304\003\314\003\307\003\277\003\305}{section.3}% 20
\BOOKMARK [2][-]{subsection.3.3}{\376\377\003\222\003\256\003\274\003\261\000\040\0003\000:\000\040\003\225\003\300\003\271\003\273\003\277\003\263\003\256\000\040\003\274\003\257\003\261\003\302\000\040\003\300\003\301\003\277\003\262\003\273\003\265\003\300\003\304\003\271\003\272\003\256\003\302\000\040\003\274\003\265\003\304\003\261\003\262\003\273\003\267\003\304\003\256\003\302\000\040\003\272\003\254\003\270\003\265\000\040\003\306\003\277\003\301\003\254}{section.3}% 21
\BOOKMARK [2][-]{subsection.3.4}{\376\377\003\222\003\256\003\274\003\261\000\040\0004\000:\000\040\003\224\003\271\003\261\003\307\003\311\003\301\003\271\003\303\003\274\003\314\003\302\000\040\003\303\003\265\000\040\000t\000r\000a\000i\000n\000i\000n\000g\000\040\003\272\003\261\003\271\000\040\000t\000e\000s\000t}{section.3}% 22
\BOOKMARK [2][-]{subsection.3.5}{\376\377\003\222\003\256\003\274\003\261\000\040\0005\000:\000\040\003\225\003\272\003\300\003\261\003\257\003\264\003\265\003\305\003\303\003\267\000\040\000L\000o\000g\000i\000s\000t\000i\000c\000\040\000R\000e\000g\000r\000e\000s\000s\000i\000o\000n}{section.3}% 23
\BOOKMARK [2][-]{subsection.3.6}{\376\377\003\222\003\256\003\274\003\261\000\040\0006\000:\000\040\003\240\003\301\003\314\003\262\003\273\003\265\003\310\003\267\000\040\003\272\003\261\003\271\000\040\003\261\003\276\003\271\003\277\003\273\003\314\003\263\003\267\003\303\003\267}{section.3}% 24
\BOOKMARK [1][-]{section.4}{\376\377\003\221\003\300\003\277\003\304\003\265\003\273\003\255\003\303\003\274\003\261\003\304\003\261\000\040\000L\000o\000g\000i\000s\000t\000i\000c\000\040\000R\000e\000g\000r\000e\000s\000s\000i\000o\000n}{}% 25
\BOOKMARK [2][-]{subsection.4.1}{\376\377\003\243\003\305\003\275\003\277\003\300\003\304\003\271\003\272\003\314\003\302\000\040\003\300\003\257\003\275\003\261\003\272\003\261\003\302}{section.4}% 26
\BOOKMARK [2][-]{subsection.4.2}{\376\377\003\240\003\265\003\257\003\301\003\261\003\274\003\261\000\040\0001\000:\000\040\000L\000o\000g\000i\000s\000t\000i\000c\000\040\000R\000e\000g\000r\000e\000s\000s\000i\000o\000n\000\040\003\274\003\265\000\040\003\274\003\265\003\304\003\261\003\262\003\273\003\267\003\304\003\256\000\040\000a\000l\000c\000o\000h\000o\000l}{section.4}% 27
\BOOKMARK [3][-]{subsubsection.4.2.1}{\376\377\003\244\003\277\000\040\003\274\003\277\003\275\003\304\003\255\003\273\003\277\000\040\003\300\003\277\003\305\000\040\003\265\003\272\003\300\003\261\003\271\003\264\003\265\003\315\003\304\003\267\003\272\003\265}{subsection.4.2}% 28
\BOOKMARK [3][-]{subsubsection.4.2.2}{\376\377\000C\000o\000n\000f\000u\000s\000i\000o\000n\000\040\000m\000a\000t\000r\000i\000x}{subsection.4.2}% 29
\BOOKMARK [3][-]{subsubsection.4.2.3}{\376\377\003\234\003\255\003\304\003\301\003\261\000\040\003\261\003\276\003\271\003\277\003\273\003\314\003\263\003\267\003\303\003\267\003\302}{subsection.4.2}% 30
\BOOKMARK [3][-]{subsubsection.4.2.4}{\376\377\003\225\003\301\003\274\003\267\003\275\003\265\003\257\003\261\000\040\003\274\003\265\000\040\003\261\003\300\003\273\003\254\000\040\003\273\003\314\003\263\003\271\003\261}{subsection.4.2}% 31
\BOOKMARK [2][-]{subsection.4.3}{\376\377\003\240\003\265\003\257\003\301\003\261\003\274\003\261\000\040\0002\000:\000\040\000L\000o\000g\000i\000s\000t\000i\000c\000\040\000R\000e\000g\000r\000e\000s\000s\000i\000o\000n\000\040\003\274\003\265\000\040\003\274\003\265\003\304\003\261\003\262\003\273\003\267\003\304\003\256\000\040\000p\000H}{section.4}% 32
\BOOKMARK [3][-]{subsubsection.4.3.1}{\376\377\003\244\003\277\000\040\003\274\003\277\003\275\003\304\003\255\003\273\003\277\000\040\003\300\003\277\003\305\000\040\003\265\003\272\003\300\003\261\003\271\003\264\003\265\003\315\003\304\003\267\003\272\003\265}{subsection.4.3}% 33
\BOOKMARK [3][-]{subsubsection.4.3.2}{\376\377\000C\000o\000n\000f\000u\000s\000i\000o\000n\000\040\000m\000a\000t\000r\000i\000x}{subsection.4.3}% 34
\BOOKMARK [3][-]{subsubsection.4.3.3}{\376\377\003\234\003\255\003\304\003\301\003\261\000\040\003\261\003\276\003\271\003\277\003\273\003\314\003\263\003\267\003\303\003\267\003\302}{subsection.4.3}% 35
\BOOKMARK [3][-]{subsubsection.4.3.4}{\376\377\003\225\003\301\003\274\003\267\003\275\003\265\003\257\003\261\000\040\003\274\003\265\000\040\003\261\003\300\003\273\003\254\000\040\003\273\003\314\003\263\003\271\003\261}{subsection.4.3}% 36
\BOOKMARK [2][-]{subsection.4.4}{\376\377\003\240\003\265\003\257\003\301\003\261\003\274\003\261\000\040\0003\000:\000\040\000L\000o\000g\000i\000s\000t\000i\000c\000\040\000R\000e\000g\000r\000e\000s\000s\000i\000o\000n\000\040\003\274\003\265\000\040\003\274\003\265\003\304\003\261\003\262\003\273\003\267\003\304\003\256\000\040\000c\000h\000l\000o\000r\000i\000d\000e\000s}{section.4}% 37
\BOOKMARK [3][-]{subsubsection.4.4.1}{\376\377\003\244\003\277\000\040\003\274\003\277\003\275\003\304\003\255\003\273\003\277\000\040\003\300\003\277\003\305\000\040\003\265\003\272\003\300\003\261\003\271\003\264\003\265\003\315\003\304\003\267\003\272\003\265}{subsection.4.4}% 38
\BOOKMARK [3][-]{subsubsection.4.4.2}{\376\377\000C\000o\000n\000f\000u\000s\000i\000o\000n\000\040\000m\000a\000t\000r\000i\000x}{subsection.4.4}% 39
\BOOKMARK [3][-]{subsubsection.4.4.3}{\376\377\003\234\003\255\003\304\003\301\003\261\000\040\003\261\003\276\003\271\003\277\003\273\003\314\003\263\003\267\003\303\003\267\003\302}{subsection.4.4}% 40
\BOOKMARK [3][-]{subsubsection.4.4.4}{\376\377\003\225\003\301\003\274\003\267\003\275\003\265\003\257\003\261\000\040\003\274\003\265\000\040\003\261\003\300\003\273\003\254\000\040\003\273\003\314\003\263\003\271\003\261}{subsection.4.4}% 41
\BOOKMARK [1][-]{section.5}{\376\377\003\243\003\305\003\274\003\300\003\255\003\301\003\261\003\303\003\274\003\261\000\040\003\263\003\271\003\261\000\040\003\304\003\277\000\040\003\305\003\300\003\277\003\265\003\301\003\316\003\304\003\267\003\274\003\261\000\040\003\221\000\050\000a\000\051}{}% 42
\BOOKMARK [1][-]{section.6}{\376\377\003\245\003\300\003\277\003\265\003\301\003\316\003\304\003\267\003\274\003\261\000\040\003\221\000\050\000b\000\051\000:\000\040\000L\000i\000n\000e\000a\000r\000\040\000D\000i\000s\000c\000r\000i\000m\000i\000n\000a\000n\000t\000\040\000A\000n\000a\000l\000y\000s\000i\000s}{}% 43
\BOOKMARK [2][-]{subsection.6.1}{\376\377\003\244\003\271\000\040\003\266\003\267\003\304\003\254\003\265\003\271\000\040\003\304\003\277\000\040\003\305\003\300\003\277\003\265\003\301\003\316\003\304\003\267\003\274\003\261\000\040\003\221\000\050\000b\000\051}{section.6}% 44
\BOOKMARK [2][-]{subsection.6.2}{\376\377\003\230\003\265\003\311\003\301\003\267\003\304\003\271\003\272\003\314\000\040\003\305\003\300\003\314\003\262\003\261\003\270\003\301\003\277\000:\000\040\003\304\003\271\000\040\003\272\003\254\003\275\003\265\003\271\000\040\003\267\000\040\000L\000D\000A}{section.6}% 45
\BOOKMARK [3][-]{subsubsection.6.2.1}{\376\377\003\227\000\040\003\262\003\261\003\303\003\271\003\272\003\256\000\040\003\305\003\300\003\314\003\270\003\265\003\303\003\267\000\040\003\304\003\267\003\302\000\040\000L\000D\000A}{subsection.6.2}% 46
\BOOKMARK [3][-]{subsubsection.6.2.2}{\376\377\003\240\003\316\003\302\000\040\003\261\003\300\003\277\003\306\003\261\003\303\003\257\003\266\003\265\003\271\000\040\003\267\000\040\000L\000D\000A}{subsection.6.2}% 47
\BOOKMARK [2][-]{subsection.6.3}{\376\377\003\240\003\316\003\302\000\040\003\273\003\315\003\303\003\261\003\274\003\265\000\040\003\304\003\277\000\040\003\305\003\300\003\277\003\265\003\301\003\316\003\304\003\267\003\274\003\261\000\040\003\221\000\050\000b\000\051}{section.6}% 48
\BOOKMARK [2][-]{subsection.6.4}{\376\377\003\232\003\255\003\275\003\304\003\301\003\261\000\040\003\272\003\261\003\271\000\040\003\264\003\271\003\261\003\303\003\300\003\277\003\301\003\254\000\040\003\304\003\311\003\275\000\040\003\264\003\315\003\277\000\040\003\272\003\273\003\254\003\303\003\265\003\311\003\275\000\040\003\303\003\304\003\277\000\040\000t\000r\000a\000i\000n\000i\000n\000g\000\040\000s\000e\000t}{section.6}% 49
\BOOKMARK [2][-]{subsection.6.5}{\376\377\003\243\003\305\003\275\003\277\003\300\003\304\003\271\003\272\003\254\000\040\003\261\003\300\003\277\003\304\003\265\003\273\003\255\003\303\003\274\003\261\003\304\003\261\000\040\000L\000D\000A}{section.6}% 50
\BOOKMARK [2][-]{subsection.6.6}{\376\377\003\214\003\301\003\271\003\261\000\040\003\261\003\300\003\314\003\306\003\261\003\303\003\267\003\302\000\040\003\304\003\267\003\302\000\040\000L\000D\000A}{section.6}% 51
\BOOKMARK [2][-]{subsection.6.7}{\376\377\003\240\003\265\003\257\003\301\003\261\003\274\003\261\000\040\0001\000:\000\040\000L\000D\000A\000\040\003\274\003\265\000\040\003\274\003\265\003\304\003\261\003\262\003\273\003\267\003\304\003\256\000\040\000a\000l\000c\000o\000h\000o\000l}{section.6}% 52
\BOOKMARK [3][-]{subsubsection.6.7.1}{\376\377\003\244\003\277\000\040\003\274\003\277\003\275\003\304\003\255\003\273\003\277\000\040\003\300\003\277\003\305\000\040\003\265\003\272\003\300\003\261\003\271\003\264\003\265\003\315\003\304\003\267\003\272\003\265}{subsection.6.7}% 53
\BOOKMARK [3][-]{subsubsection.6.7.2}{\376\377\000C\000o\000n\000f\000u\000s\000i\000o\000n\000\040\000m\000a\000t\000r\000i\000x}{subsection.6.7}% 54
\BOOKMARK [3][-]{subsubsection.6.7.3}{\376\377\003\234\003\255\003\304\003\301\003\261\000\040\003\261\003\276\003\271\003\277\003\273\003\314\003\263\003\267\003\303\003\267\003\302}{subsection.6.7}% 55
\BOOKMARK [2][-]{subsection.6.8}{\376\377\003\240\003\265\003\257\003\301\003\261\003\274\003\261\000\040\0002\000:\000\040\000L\000D\000A\000\040\003\274\003\265\000\040\003\274\003\265\003\304\003\261\003\262\003\273\003\267\003\304\003\256\000\040\000p\000H}{section.6}% 56
\BOOKMARK [3][-]{subsubsection.6.8.1}{\376\377\003\244\003\277\000\040\003\274\003\277\003\275\003\304\003\255\003\273\003\277\000\040\003\300\003\277\003\305\000\040\003\265\003\272\003\300\003\261\003\271\003\264\003\265\003\315\003\304\003\267\003\272\003\265}{subsection.6.8}% 57
\BOOKMARK [3][-]{subsubsection.6.8.2}{\376\377\000C\000o\000n\000f\000u\000s\000i\000o\000n\000\040\000m\000a\000t\000r\000i\000x}{subsection.6.8}% 58
\BOOKMARK [3][-]{subsubsection.6.8.3}{\376\377\003\234\003\255\003\304\003\301\003\261\000\040\003\261\003\276\003\271\003\277\003\273\003\314\003\263\003\267\003\303\003\267\003\302}{subsection.6.8}% 59
\BOOKMARK [2][-]{subsection.6.9}{\376\377\003\240\003\265\003\257\003\301\003\261\003\274\003\261\000\040\0003\000:\000\040\000L\000D\000A\000\040\003\274\003\265\000\040\003\274\003\265\003\304\003\261\003\262\003\273\003\267\003\304\003\256\000\040\000c\000h\000l\000o\000r\000i\000d\000e\000s}{section.6}% 60
\BOOKMARK [3][-]{subsubsection.6.9.1}{\376\377\003\244\003\277\000\040\003\274\003\277\003\275\003\304\003\255\003\273\003\277\000\040\003\300\003\277\003\305\000\040\003\265\003\272\003\300\003\261\003\271\003\264\003\265\003\315\003\304\003\267\003\272\003\265}{subsection.6.9}% 61
\BOOKMARK [3][-]{subsubsection.6.9.2}{\376\377\000C\000o\000n\000f\000u\000s\000i\000o\000n\000\040\000m\000a\000t\000r\000i\000x}{subsection.6.9}% 62
\BOOKMARK [3][-]{subsubsection.6.9.3}{\376\377\003\234\003\255\003\304\003\301\003\261\000\040\003\261\003\276\003\271\003\277\003\273\003\314\003\263\003\267\003\303\003\267\003\302}{subsection.6.9}% 63
\BOOKMARK [3][-]{subsubsection.6.9.4}{\376\377\003\223\003\271\003\261\003\304\003\257\000\040\003\262\003\265\003\273\003\304\003\271\003\316\003\275\003\265\003\304\003\261\003\271\000\040\003\267\000\040\000L\000D\000A\000\040\003\274\003\265\000\040\000c\000h\000l\000o\000r\000i\000d\000e\000s\000;}{subsection.6.9}% 64
\BOOKMARK [2][-]{subsection.6.10}{\376\377\003\243\003\305\003\274\003\300\003\255\003\301\003\261\003\303\003\274\003\261\000\040\003\263\003\271\003\261\000\040\003\304\003\277\000\040\003\305\003\300\003\277\003\265\003\301\003\316\003\304\003\267\003\274\003\261\000\040\003\221\000\050\000b\000\051}{section.6}% 65
\BOOKMARK [1][-]{section.7}{\376\377\003\245\003\300\003\277\003\265\003\301\003\316\003\304\003\267\003\274\003\261\000\040\003\221\000\050\000c\000\051\000:\000\040\000G\000a\000u\000s\000s\000i\000a\000n\000\040\000N\000a\000i\000v\000e\000\040\000B\000a\000y\000e\000s}{}% 66
\BOOKMARK [2][-]{subsection.7.1}{\376\377\003\244\003\271\000\040\003\266\003\267\003\304\003\254\003\265\003\271\000\040\003\304\003\277\000\040\003\305\003\300\003\277\003\265\003\301\003\316\003\304\003\267\003\274\003\261\000\040\003\221\000\050\000c\000\051}{section.7}% 67
\BOOKMARK [2][-]{subsection.7.2}{\376\377\003\230\003\265\003\311\003\301\003\267\003\304\003\271\003\272\003\314\000\040\003\305\003\300\003\314\003\262\003\261\003\270\003\301\003\277\000:\000\040\003\267\000\040\003\271\003\264\003\255\003\261\000\040\003\304\003\277\003\305\000\040\000B\000a\000y\000e\000s}{section.7}% 68
\BOOKMARK [2][-]{subsection.7.3}{\376\377\003\223\003\271\003\261\003\304\003\257\000\040\003\273\003\255\003\263\003\265\003\304\003\261\003\271\000\040\000G\000a\000u\000s\000s\000i\000a\000n\000\040\000N\000a\000i\000v\000e\000\040\000B\000a\000y\000e\000s}{section.7}% 69
\BOOKMARK [2][-]{subsection.7.4}{\376\377\003\240\003\316\003\302\000\040\003\261\003\300\003\277\003\306\003\261\003\303\003\257\003\266\003\265\003\271\000\040\003\304\003\277\000\040\000G\000a\000u\000s\000s\000i\000a\000n\000\040\000N\000B}{section.7}% 70
\BOOKMARK [2][-]{subsection.7.5}{\376\377\003\240\003\316\003\302\000\040\003\273\003\315\003\303\003\261\003\274\003\265\000\040\003\304\003\277\000\040\003\305\003\300\003\277\003\265\003\301\003\316\003\304\003\267\003\274\003\261\000\040\003\221\000\050\000c\000\051}{section.7}% 71
\BOOKMARK [2][-]{subsection.7.6}{\376\377\003\240\003\261\003\301\003\254\003\274\003\265\003\304\003\301\003\277\003\271\000\040\003\300\003\277\003\305\000\040\003\255\003\274\003\261\003\270\003\265\000\040\003\304\003\277\000\040\000G\000a\000u\000s\000s\000i\000a\000n\000\040\000N\000B}{section.7}% 72
\BOOKMARK [2][-]{subsection.7.7}{\376\377\003\243\003\305\003\275\003\277\003\300\003\304\003\271\003\272\003\254\000\040\003\261\003\300\003\277\003\304\003\265\003\273\003\255\003\303\003\274\003\261\003\304\003\261\000\040\000G\000a\000u\000s\000s\000i\000a\000n\000\040\000N\000B}{section.7}% 73
\BOOKMARK [2][-]{subsection.7.8}{\376\377\003\243\003\307\003\265\003\304\003\271\003\272\003\254\000\040\003\314\003\301\003\271\003\261\000\040\003\261\003\300\003\314\003\306\003\261\003\303\003\267\003\302}{section.7}% 74
\BOOKMARK [2][-]{subsection.7.9}{\376\377\003\240\003\265\003\257\003\301\003\261\003\274\003\261\000\040\0001\000:\000\040\000G\000a\000u\000s\000s\000i\000a\000n\000\040\000N\000B\000\040\003\274\003\265\000\040\003\274\003\265\003\304\003\261\003\262\003\273\003\267\003\304\003\256\000\040\000a\000l\000c\000o\000h\000o\000l}{section.7}% 75
\BOOKMARK [3][-]{subsubsection.7.9.1}{\376\377\000C\000o\000n\000f\000u\000s\000i\000o\000n\000\040\000m\000a\000t\000r\000i\000x}{subsection.7.9}% 76
\BOOKMARK [3][-]{subsubsection.7.9.2}{\376\377\003\234\003\255\003\304\003\301\003\261\000\040\003\261\003\276\003\271\003\277\003\273\003\314\003\263\003\267\003\303\003\267\003\302}{subsection.7.9}% 77
\BOOKMARK [2][-]{subsection.7.10}{\376\377\003\240\003\265\003\257\003\301\003\261\003\274\003\261\000\040\0002\000:\000\040\000G\000a\000u\000s\000s\000i\000a\000n\000\040\000N\000B\000\040\003\274\003\265\000\040\003\274\003\265\003\304\003\261\003\262\003\273\003\267\003\304\003\256\000\040\000p\000H}{section.7}% 78
\BOOKMARK [3][-]{subsubsection.7.10.1}{\376\377\000C\000o\000n\000f\000u\000s\000i\000o\000n\000\040\000m\000a\000t\000r\000i\000x}{subsection.7.10}% 79
\BOOKMARK [3][-]{subsubsection.7.10.2}{\376\377\003\234\003\255\003\304\003\301\003\261\000\040\003\261\003\276\003\271\003\277\003\273\003\314\003\263\003\267\003\303\003\267\003\302}{subsection.7.10}% 80
\BOOKMARK [2][-]{subsection.7.11}{\376\377\003\240\003\265\003\257\003\301\003\261\003\274\003\261\000\040\0003\000:\000\040\000G\000a\000u\000s\000s\000i\000a\000n\000\040\000N\000B\000\040\003\274\003\265\000\040\003\274\003\265\003\304\003\261\003\262\003\273\003\267\003\304\003\256\000\040\000c\000h\000l\000o\000r\000i\000d\000e\000s}{section.7}% 81
\BOOKMARK [3][-]{subsubsection.7.11.1}{\376\377\000C\000o\000n\000f\000u\000s\000i\000o\000n\000\040\000m\000a\000t\000r\000i\000x}{subsection.7.11}% 82
\BOOKMARK [3][-]{subsubsection.7.11.2}{\376\377\003\234\003\255\003\304\003\301\003\261\000\040\003\261\003\276\003\271\003\277\003\273\003\314\003\263\003\267\003\303\003\267\003\302}{subsection.7.11}% 83
\BOOKMARK [3][-]{subsubsection.7.11.3}{\376\377\003\223\003\271\003\261\003\304\003\257\000\040\003\304\003\277\000\040\000G\000a\000u\000s\000s\000i\000a\000n\000\040\000N\000B\000\040\003\274\003\265\000\040\000c\000h\000l\000o\000r\000i\000d\000e\000s\000\040\003\265\003\257\003\275\003\261\003\271\000\040\003\272\003\261\003\273\003\315\003\304\003\265\003\301\003\277\000\040\003\261\003\300\003\314\000\040\003\304\003\267\003\275\000\040\000L\000D\000A\000;}{subsection.7.11}% 84
\BOOKMARK [2][-]{subsection.7.12}{\376\377\003\243\003\305\003\274\003\300\003\255\003\301\003\261\003\303\003\274\003\261\000\040\003\263\003\271\003\261\000\040\003\304\003\277\000\040\003\305\003\300\003\277\003\265\003\301\003\316\003\304\003\267\003\274\003\261\000\040\003\221\000\050\000c\000\051}{section.7}% 85
\BOOKMARK [1][-]{section.8}{\376\377\003\245\003\300\003\277\003\265\003\301\003\316\003\304\003\267\003\274\003\261\000\040\003\221\000\050\000i\000i\000\051\000:\000\040\003\232\003\261\003\304\003\261\003\273\003\273\003\267\003\273\003\314\003\304\003\265\003\301\003\267\000\040\003\300\003\301\003\277\003\262\003\273\003\265\003\300\003\304\003\271\003\272\003\256\000\040\003\274\003\265\003\304\003\261\003\262\003\273\003\267\003\304\003\256}{}% 86
\BOOKMARK [2][-]{subsection.8.1}{\376\377\003\244\003\271\000\040\003\266\003\267\003\304\003\254\003\265\003\271\000\040\003\304\003\277\000\040\003\221\000\050\000i\000i\000\051}{section.8}% 87
\BOOKMARK [2][-]{subsection.8.2}{\376\377\003\243\003\305\003\275\003\277\003\273\003\271\003\272\003\256\000\040\003\265\003\271\003\272\003\314\003\275\003\261\000\040\003\261\003\275\003\254\000\040\003\274\003\265\003\304\003\261\003\262\003\273\003\267\003\304\003\256}{section.8}% 88
\BOOKMARK [2][-]{subsection.8.3}{\376\377\003\223\003\271\003\261\003\304\003\257\000\040\003\304\003\261\000\040\000c\000h\000l\000o\000r\000i\000d\000e\000s\000\040\003\265\003\257\003\275\003\261\003\271\000\040\003\272\003\261\003\273\003\315\003\304\003\265\003\301\003\261\000;}{section.8}% 89
\BOOKMARK [2][-]{subsection.8.4}{\376\377\003\221\003\300\003\254\003\275\003\304\003\267\003\303\003\267\000\040\003\303\003\304\003\277\000\040\003\221\000\050\000i\000i\000\051}{section.8}% 90
\BOOKMARK [1][-]{section.9}{\376\377\003\221\000\050\000i\000i\000i\000\051\000:\000\040\003\243\003\315\003\263\003\272\003\301\003\271\003\303\003\267\000\040\003\274\003\265\000\040\000C\000h\000l\000o\000r\000i\000d\000e\000s}{}% 91
\BOOKMARK [2][-]{subsection.9.1}{\376\377\003\244\003\271\000\040\003\266\003\267\003\304\003\254\003\265\003\271\000\040\003\304\003\277\000\040\003\221\000\050\000i\000i\000i\000\051}{section.9}% 92
\BOOKMARK [2][-]{subsection.9.2}{\376\377\003\225\003\300\003\257\003\264\003\277\003\303\003\267\000\040\003\303\003\304\003\277\000\040\000t\000e\000s\000t\000\040\000s\000e\000t}{section.9}% 93
\BOOKMARK [2][-]{subsection.9.3}{\376\377\000C\000o\000n\000f\000u\000s\000i\000o\000n\000\040\000m\000a\000t\000r\000i\000c\000e\000s\000\040\003\274\003\265\000\040\000c\000h\000l\000o\000r\000i\000d\000e\000s}{section.9}% 94
\BOOKMARK [2][-]{subsection.9.4}{\376\377\003\245\003\300\003\254\003\301\003\307\003\265\003\271\000\040\003\303\003\267\003\274\003\261\003\275\003\304\003\271\003\272\003\256\000\040\003\264\003\271\003\261\003\306\003\277\003\301\003\254\000;}{section.9}% 95
\BOOKMARK [2][-]{subsection.9.5}{\376\377\003\225\003\300\003\271\003\262\003\265\003\262\003\261\003\257\003\311\003\303\003\267\000\040\003\274\003\265\000\040\000c\000r\000o\000s\000s\000-\000v\000a\000l\000i\000d\000a\000t\000i\000o\000n}{section.9}% 96
\BOOKMARK [2][-]{subsection.9.6}{\376\377\003\221\003\300\003\254\003\275\003\304\003\267\003\303\003\267\000\040\003\303\003\304\003\277\000\040\003\221\000\050\000i\000i\000i\000\051}{section.9}% 97
\BOOKMARK [1][-]{section.10}{\376\377\003\225\003\301\003\316\003\304\003\267\003\274\003\261\000\040\003\222\000:\000\040\003\240\003\301\003\314\003\262\003\273\003\265\003\310\003\267\000\040\003\274\003\265\000\040\003\314\003\273\003\265\003\302\000\040\003\304\003\271\003\302\000\040\003\274\003\265\003\304\003\261\003\262\003\273\003\267\003\304\003\255\003\302}{}% 98
\BOOKMARK [2][-]{subsection.10.1}{\376\377\003\244\003\271\000\040\003\266\003\267\003\304\003\254\003\265\003\271\000\040\003\304\003\277\000\040\003\225\003\301\003\316\003\304\003\267\003\274\003\261\000\040\003\222}{section.10}% 99
\BOOKMARK [2][-]{subsection.10.2}{\376\377\003\223\003\271\003\261\003\304\003\257\000\040\003\262\003\277\003\267\003\270\003\254\003\265\003\271\000\040\003\267\000\040\003\307\003\301\003\256\003\303\003\267\000\040\003\300\003\277\003\273\003\273\003\316\003\275\000\040\003\274\003\265\003\304\003\261\003\262\003\273\003\267\003\304\003\316\003\275}{section.10}% 100
\BOOKMARK [2][-]{subsection.10.3}{\376\377\003\223\003\271\003\261\003\304\003\257\000\040\003\264\003\265\003\275\000\040\003\265\003\275\003\316\003\275\003\277\003\305\003\274\003\265\000\040\003\261\003\300\003\273\003\254\000\040\003\304\003\271\003\302\000\040\003\274\003\265\003\304\003\261\003\262\003\273\003\267\003\304\003\255\003\302\000\040\003\307\003\311\003\301\003\257\003\302\000\040\003\303\003\272\003\255\003\310\003\267}{section.10}% 101
\BOOKMARK [2][-]{subsection.10.4}{\376\377\003\244\003\261\000\040\003\264\003\265\003\264\003\277\003\274\003\255\003\275\003\261\000\040\003\263\003\271\003\261\000\040\003\304\003\277\000\040\003\225\003\301\003\316\003\304\003\267\003\274\003\261\000\040\003\222}{section.10}% 102
\BOOKMARK [1][-]{section.11}{\376\377\003\230\003\265\003\311\003\301\003\267\003\304\003\271\003\272\003\314\000\040\003\305\003\300\003\314\003\262\003\261\003\270\003\301\003\277\000\040\003\263\003\271\003\261\000\040\003\304\003\277\000\040\003\225\003\301\003\316\003\304\003\267\003\274\003\261\000\040\003\222}{}% 103
\BOOKMARK [2][-]{subsection.11.1}{\376\377\003\223\003\265\003\275\003\257\003\272\003\265\003\305\003\303\003\267\000\040\003\303\003\265\000\040\003\300\003\277\003\273\003\273\003\255\003\302\000\040\003\274\003\265\003\304\003\261\003\262\003\273\003\267\003\304\003\255\003\302}{section.11}% 104
\BOOKMARK [2][-]{subsection.11.2}{\376\377\000K\000-\000N\000e\000a\000r\000e\000s\000t\000\040\000N\000e\000i\000g\000h\000b\000o\000r\000s\000\040\000\050\000K\000N\000N\000\051}{section.11}% 105
\BOOKMARK [3][-]{subsubsection.11.2.1}{\376\377\003\240\003\316\003\302\000\040\003\274\003\265\003\304\003\301\003\254\003\274\003\265\000\040\000`\000`\003\272\003\277\003\275\003\304\003\271\003\275\003\314\000'\000'}{subsection.11.2}% 106
\BOOKMARK [3][-]{subsubsection.11.2.2}{\376\377\003\240\003\316\003\302\000\040\003\310\003\267\003\306\003\257\003\266\003\277\003\305\003\275\000\040\003\277\003\271\000\040\003\263\003\265\003\257\003\304\003\277\003\275\003\265\003\302}{subsection.11.2}% 107
\BOOKMARK [3][-]{subsubsection.11.2.3}{\376\377\003\223\003\271\003\261\003\304\003\257\000\040\003\304\003\277\000\040\000K\000\040\003\265\003\257\003\275\003\261\003\271\000\040\003\303\003\267\003\274\003\261\003\275\003\304\003\271\003\272\003\314}{subsection.11.2}% 108
\BOOKMARK [3][-]{subsubsection.11.2.4}{\376\377\003\244\003\271\000\040\003\265\003\257\003\275\003\261\003\271\000\040\003\304\003\277\000\040\0005\000-\000f\000o\000l\000d\000\040\000c\000r\000o\000s\000s\000-\000v\000a\000l\000i\000d\000a\000t\000i\000o\000n}{subsection.11.2}% 109
\BOOKMARK [2][-]{subsection.11.3}{\376\377\000Q\000u\000a\000d\000r\000a\000t\000i\000c\000\040\000D\000i\000s\000c\000r\000i\000m\000i\000n\000a\000n\000t\000\040\000A\000n\000a\000l\000y\000s\000i\000s\000\040\000\050\000Q\000D\000A\000\051}{section.11}% 110
\BOOKMARK [3][-]{subsubsection.11.3.1}{\376\377\003\240\003\314\003\304\003\265\000\040\003\272\003\265\003\301\003\264\003\257\003\266\003\265\003\271\000\040\003\267\000\040\000Q\000D\000A}{subsection.11.3}% 111
\BOOKMARK [3][-]{subsubsection.11.3.2}{\376\377\003\240\003\314\003\304\003\265\000\040\003\307\003\254\003\275\003\265\003\271\000\040\003\267\000\040\000Q\000D\000A}{subsection.11.3}% 112
\BOOKMARK [2][-]{subsection.11.4}{\376\377\003\244\003\271\000\040\003\264\003\265\003\257\003\307\003\275\003\265\003\271\000\040\003\267\000\040\000R\000O\000C\000\040\003\272\003\261\003\274\003\300\003\315\003\273\003\267\000\040\003\272\003\261\003\271\000\040\003\267\000\040\000A\000U\000C\000\040\003\303\003\265\000\040\003\261\003\305\003\304\003\314\000\040\003\304\003\277\000\040\003\300\003\273\003\261\003\257\003\303\003\271\003\277}{section.11}% 113
\BOOKMARK [1][-]{section.12}{\376\377\003\240\003\316\003\302\000\040\003\273\003\315\003\303\003\261\003\274\003\265\000\040\003\304\003\277\000\040\003\225\003\301\003\316\003\304\003\267\003\274\003\261\000\040\003\222}{}% 114
\BOOKMARK [2][-]{subsection.12.1}{\376\377\003\224\003\277\003\274\003\256\000\040\003\304\003\277\003\305\000\040\003\272\003\316\003\264\003\271\003\272\003\261}{section.12}% 115
\BOOKMARK [2][-]{subsection.12.2}{\376\377\003\244\003\305\003\300\003\277\003\300\003\277\003\257\003\267\003\303\003\267\000\040\003\274\003\255\003\303\003\311\000\040\000P\000i\000p\000e\000l\000i\000n\000e}{section.12}% 116
\BOOKMARK [2][-]{subsection.12.3}{\376\377\003\225\003\300\003\271\003\273\003\277\003\263\003\256\000\040\003\304\003\277\003\305\000\040\000K\000\040\003\274\003\265\000\040\0005\000-\000f\000o\000l\000d\000\040\000C\000V}{section.12}% 117
\BOOKMARK [1][-]{section.13}{\376\377\003\225\003\300\003\271\003\273\003\277\003\263\003\256\000\040\003\304\003\277\003\305\000\040\000K\000\040\003\274\003\265\000\040\0005\000-\000f\000o\000l\000d\000\040\000C\000V}{}% 118
\BOOKMARK [2][-]{subsection.13.1}{\376\377\003\244\003\271\000\040\003\262\003\301\003\256\003\272\003\261\003\274\003\265}{section.13}% 119
\BOOKMARK [2][-]{subsection.13.2}{\376\377\003\223\003\271\003\261\003\304\003\257\000\040\003\261\003\305\003\304\003\314\000\040\003\304\003\277\000\040\000K\000\040\003\255\003\307\003\265\003\271\000\040\003\275\003\314\003\267\003\274\003\261}{section.13}% 120
\BOOKMARK [1][-]{section.14}{\376\377\003\221\003\300\003\277\003\304\003\265\003\273\003\255\003\303\003\274\003\261\003\304\003\261\000\040\003\303\003\304\003\277\000\040\000t\000e\000s\000t\000\040\000s\000e\000t}{}% 121
\BOOKMARK [2][-]{subsection.14.1}{\376\377\003\243\003\305\003\275\003\277\003\300\003\304\003\271\003\272\003\314\003\302\000\040\003\300\003\257\003\275\003\261\003\272\003\261\003\302}{section.14}% 122
\BOOKMARK [2][-]{subsection.14.2}{\376\377\003\243\003\315\003\275\003\304\003\277\003\274\003\267\000\040\003\305\003\300\003\265\003\275\003\270\003\315\003\274\003\271\003\303\003\267\000\040\003\304\003\311\003\275\000\040\000m\000e\000t\000r\000i\000c\000s}{section.14}% 123
\BOOKMARK [2][-]{subsection.14.3}{\376\377\003\225\003\301\003\274\003\267\003\275\003\265\003\257\003\261\000\040\003\304\003\311\003\275\000\040\003\261\003\300\003\277\003\304\003\265\003\273\003\265\003\303\003\274\003\254\003\304\003\311\003\275}{section.14}% 124
\BOOKMARK [2][-]{subsection.14.4}{\376\377\003\223\003\271\003\261\003\304\003\257\000\040\003\267\000\040\000Q\000D\000A\000\040\003\265\003\257\003\275\003\261\003\271\000\040\003\307\003\265\003\271\003\301\003\314\003\304\003\265\003\301\003\267\000\040\003\261\003\300\003\314\000\040\003\304\003\267\000\040\000L\000D\000A\000\040\003\265\003\264\003\316}{section.14}% 125
\BOOKMARK [2][-]{subsection.14.5}{\376\377\000C\000o\000n\000f\000u\000s\000i\000o\000n\000\040\000m\000a\000t\000r\000i\000c\000e\000s}{section.14}% 126
\BOOKMARK [1][-]{section.15}{\376\377\000R\000O\000C\000\040\003\272\003\261\003\274\003\300\003\315\003\273\003\265\003\302\000\040\003\272\003\261\003\271\000\040\000A\000U\000C}{}% 127
\BOOKMARK [2][-]{subsection.15.1}{\376\377\003\227\000\040\003\265\003\271\003\272\003\314\003\275\003\261}{section.15}% 128
\BOOKMARK [2][-]{subsection.15.2}{\376\377\003\223\003\271\003\261\003\304\003\257\000\040\003\267\000\040\000A\000U\000C\000\040\003\304\003\267\003\302\000\040\000L\000o\000g\000i\000s\000t\000i\000c\000\040\000R\000e\000g\000r\000e\000s\000s\000i\000o\000n\000\040\003\265\003\257\003\275\003\261\003\271\000\040\003\267\000\040\003\274\003\265\003\263\003\261\003\273\003\315\003\304\003\265\003\301\003\267\000,\000\040\003\261\003\273\003\273\003\254\000\040\003\314\003\307\003\271\000\040\003\267\000\040\000a\000c\000c\000u\000r\000a\000c\000y\000\040\003\304\003\267\003\302}{section.15}% 129
\BOOKMARK [1][-]{section.16}{\376\377\003\225\003\257\003\275\003\261\003\271\000\040\003\303\003\304\003\261\003\304\003\271\003\303\003\304\003\271\003\272\003\254\000\040\003\303\003\267\003\274\003\261\003\275\003\304\003\271\003\272\003\255\003\302\000\040\003\277\003\271\000\040\003\264\003\271\003\261\003\306\003\277\003\301\003\255\003\302\000;}{}% 130
\BOOKMARK [2][-]{subsection.16.1}{\376\377\000M\000c\000N\000e\000m\000a\000r\000\040\000t\000e\000s\000t}{section.16}% 131
\BOOKMARK [2][-]{subsection.16.2}{\376\377\003\244\003\271\000\040\003\274\003\261\003\302\000\040\003\273\003\255\003\275\003\265\000\040\003\304\003\261\000\040\000p\000-\000v\000a\000l\000u\000e\000s}{section.16}% 132
\BOOKMARK [1][-]{section.17}{\376\377\003\244\003\265\003\273\003\271\003\272\003\254\000\040\003\303\003\305\003\274\003\300\003\265\003\301\003\254\003\303\003\274\003\261\003\304\003\261\000\040\003\263\003\271\003\261\000\040\003\304\003\277\000\040\003\225\003\301\003\316\003\304\003\267\003\274\003\261\000\040\003\222}{}% 133
\BOOKMARK [2][-]{subsection.17.1}{\376\377\003\245\003\300\003\254\003\301\003\307\003\265\003\271\000\040\003\303\003\267\003\274\003\261\003\275\003\304\003\271\003\272\003\256\000\040\003\264\003\271\003\261\003\306\003\277\003\301\003\254\000\040\003\303\003\304\003\267\003\275\000\040\003\265\003\300\003\257\003\264\003\277\003\303\003\267\000\040\003\304\003\311\003\275\000\040\003\274\003\265\003\270\003\314\003\264\003\311\003\275\000;}{section.17}% 134
\BOOKMARK [2][-]{subsection.17.2}{\376\377\003\240\003\277\003\271\003\261\000\040\003\274\003\255\003\270\003\277\003\264\003\277\003\302\000\040\003\255\003\307\003\265\003\271\000\040\003\304\003\267\003\275\000\040\003\272\003\261\003\273\003\315\003\304\003\265\003\301\003\267\000\040\003\261\003\272\003\301\003\257\003\262\003\265\003\271\003\261\000;}{section.17}% 135
\BOOKMARK [2][-]{subsection.17.3}{\376\377\003\223\003\271\003\261\003\304\003\257\000\040\003\304\003\277\000\040\003\225\003\301\003\316\003\304\003\267\003\274\003\261\000\040\003\222\000\040\003\264\003\257\003\275\003\265\003\271\000\040\003\300\003\277\003\273\003\315\000\040\003\272\003\261\003\273\003\315\003\304\003\265\003\301\003\261\000\040\003\261\003\300\003\277\003\304\003\265\003\273\003\255\003\303\003\274\003\261\003\304\003\261\000\040\003\261\003\300\003\314\000\040\003\304\003\277\000\040\003\225\003\301\003\316\003\304\003\267\003\274\003\261\000\040\003\221}{section.17}% 136
\BOOKMARK [2][-]{subsection.17.4}{\376\377\003\243\003\315\003\275\003\277\003\310\003\267}{section.17}% 137
