\BOOKMARK [1][-]{section.1}{\376\377\003\225\003\271\003\303\003\261\003\263\003\311\003\263\003\256\000\040\003\272\003\261\003\271\000\040\003\300\003\265\003\301\003\271\003\263\003\301\003\261\003\306\003\256\000\040\003\264\003\265\003\264\003\277\003\274\003\255\003\275\003\311\003\275}{}% 1
\BOOKMARK [2][-]{subsection.1.1}{\376\377\003\232\003\301\003\271\003\304\003\256\003\301\003\271\003\277\000\040\003\261\003\276\003\271\003\277\003\273\003\314\003\263\003\267\003\303\003\267\003\302}{section.1}% 2
\BOOKMARK [1][-]{section.2}{\376\377\003\225\003\301\003\316\003\304\003\267\003\274\003\261\000\040\0001\000:\000\040\003\224\003\255\003\275\003\304\003\301\003\277\000\040\003\304\003\261\003\276\003\271\003\275\003\314\003\274\003\267\003\303\003\267\003\302\000\040\003\274\003\255\003\263\003\271\003\303\003\304\003\277\003\305\000\040\003\262\003\254\003\270\003\277\003\305\003\302\000\040\0002}{}% 3
\BOOKMARK [2][-]{subsection.2.1}{\376\377\003\221\003\300\003\277\003\304\003\265\003\273\003\255\003\303\003\274\003\261\003\304\003\261}{section.2}% 4
\BOOKMARK [2][-]{subsection.2.2}{\376\377\003\225\003\301\003\274\003\267\003\275\003\265\003\257\003\261\000\040\003\304\003\277\003\305\000\040\003\264\003\255\003\275\003\304\003\301\003\277\003\305}{section.2}% 5
\BOOKMARK [1][-]{section.3}{\376\377\003\225\003\301\003\316\003\304\003\267\003\274\003\261\000\040\0002\000:\000\040\000B\000a\000g\000g\000i\000n\000g\000\040\003\274\003\265\000\040\0002\0000\0000\000\040\003\265\003\272\003\304\003\271\003\274\003\267\003\304\003\255\003\302}{}% 6
\BOOKMARK [2][-]{subsection.3.1}{\376\377\003\221\003\300\003\277\003\304\003\265\003\273\003\255\003\303\003\274\003\261\003\304\003\261}{section.3}% 7
\BOOKMARK [2][-]{subsection.3.2}{\376\377\003\243\003\307\003\314\003\273\003\271\003\277}{section.3}% 8
\BOOKMARK [1][-]{section.4}{\376\377\003\225\003\301\003\316\003\304\003\267\003\274\003\261\000\040\0003\000:\000\040\000R\000a\000n\000d\000o\000m\000\040\000F\000o\000r\000e\000s\000t\000\040\003\274\003\265\000\040\0002\0000\0000\000\040\003\265\003\272\003\304\003\271\003\274\003\267\003\304\003\255\003\302\000\040\003\272\003\261\003\271\000\040\000m\000=\000p\000/\0002}{}% 9
\BOOKMARK [2][-]{subsection.4.1}{\376\377\003\221\003\300\003\277\003\304\003\265\003\273\003\255\003\303\003\274\003\261\003\304\003\261}{section.4}% 10
\BOOKMARK [2][-]{subsection.4.2}{\376\377\003\243\003\307\003\314\003\273\003\271\003\277}{section.4}% 11
\BOOKMARK [1][-]{section.5}{\376\377\003\225\003\301\003\316\003\304\003\267\003\274\003\261\000\040\0004\000:\000\040\000B\000o\000o\000s\000t\000i\000n\000g\000\040\003\274\003\265\000\040\0002\0000\0000\000\040\003\265\003\300\003\271\003\274\003\255\003\301\003\277\003\305\003\302\000\040\003\274\003\277\003\275\003\304\003\255\003\273\003\261}{}% 12
\BOOKMARK [2][-]{subsection.5.1}{\376\377\003\221\003\300\003\277\003\304\003\265\003\273\003\255\003\303\003\274\003\261\003\304\003\261}{section.5}% 13
\BOOKMARK [2][-]{subsection.5.2}{\376\377\003\243\003\307\003\314\003\273\003\271\003\277}{section.5}% 14
\BOOKMARK [1][-]{section.6}{\376\377\003\225\003\301\003\316\003\304\003\267\003\274\003\261\000\040\0005\000:\000\040\000T\000e\000s\000t\000\040\000e\000r\000r\000o\000r\000\040\003\304\003\277\003\305\000\040\003\264\003\255\003\275\003\304\003\301\003\277\003\305\000\040\003\311\003\302\000\040\003\303\003\305\003\275\003\254\003\301\003\304\003\267\003\303\003\267\000\040\003\304\003\277\003\305\000\040\003\262\003\254\003\270\003\277\003\305\003\302}{}% 15
\BOOKMARK [2][-]{subsection.6.1}{\376\377\003\221\003\301\003\271\003\270\003\274\003\267\003\304\003\271\003\272\003\254\000\040\003\261\003\300\003\277\003\304\003\265\003\273\003\255\003\303\003\274\003\261\003\304\003\261}{section.6}% 16
\BOOKMARK [2][-]{subsection.6.2}{\376\377\003\243\003\307\003\277\003\273\003\271\003\261\003\303\003\274\003\314\003\302}{section.6}% 17
\BOOKMARK [1][-]{section.7}{\376\377\003\225\003\301\003\316\003\304\003\267\003\274\003\261\000\040\0006\000:\000\040\000T\000e\000s\000t\000\040\000e\000r\000r\000o\000r\000\040\003\304\003\311\003\275\000\040\000e\000n\000s\000e\000m\000b\000l\000e\000\040\003\274\003\265\003\270\003\314\003\264\003\311\003\275\000\040\003\311\003\302\000\040\003\303\003\305\003\275\003\254\003\301\003\304\003\267\003\303\003\267\000\040\003\304\003\277\003\305\000\040\000n\000\040\000e\000s\000t\000i\000m\000a\000t\000o\000r\000s}{}% 18
\BOOKMARK [2][-]{subsection.7.1}{\376\377\003\221\003\301\003\271\003\270\003\274\003\267\003\304\003\271\003\272\003\254\000\040\003\261\003\300\003\277\003\304\003\265\003\273\003\255\003\303\003\274\003\261\003\304\003\261}{section.7}% 19
\BOOKMARK [2][-]{subsection.7.2}{\376\377\003\243\003\307\003\277\003\273\003\271\003\261\003\303\003\274\003\314\003\302\000\040\003\261\003\275\003\254\000\040\003\274\003\255\003\270\003\277\003\264\003\277}{section.7}% 20
\BOOKMARK [2][-]{subsection.7.3}{\376\377\003\243\003\305\003\274\003\300\003\255\003\301\003\261\003\303\003\274\003\261\000\040\003\265\003\301\003\311\003\304\003\256\003\274\003\261\003\304\003\277\003\302\000\040\0006}{section.7}% 21
\BOOKMARK [1][-]{section.8}{\376\377\003\225\003\301\003\316\003\304\003\267\003\274\003\261\000\040\0007\000:\000\040\000H\000y\000p\000e\000r\000p\000a\000r\000a\000m\000e\000t\000e\000r\000\040\000t\000u\000n\000i\000n\000g\000\040\003\272\003\261\003\271\000\040\003\304\003\265\003\273\003\271\003\272\003\256\000\040\003\303\003\315\003\263\003\272\003\301\003\271\003\303\003\267}{}% 22
\BOOKMARK [2][-]{subsection.8.1}{\376\377\003\224\003\271\003\261\003\264\003\271\003\272\003\261\003\303\003\257\003\261\000\040\000t\000u\000n\000i\000n\000g}{section.8}% 23
\BOOKMARK [2][-]{subsection.8.2}{\376\377\003\240\003\273\003\255\003\263\003\274\003\261\003\304\003\261\000\040\003\305\003\300\003\265\003\301\003\300\003\261\003\301\003\261\003\274\003\255\003\304\003\301\003\311\003\275}{section.8}% 24
\BOOKMARK [2][-]{subsection.8.3}{\376\377\003\222\003\255\003\273\003\304\003\271\003\303\003\304\003\265\003\302\000\040\003\305\003\300\003\265\003\301\003\300\003\261\003\301\003\254\003\274\003\265\003\304\003\301\003\277\003\271\000\040\003\272\003\261\003\271\000\040\000t\000u\000n\000e\000d\000\040\000t\000e\000s\000t\000\040\000a\000c\000c\000u\000r\000a\000c\000y}{section.8}% 25
\BOOKMARK [2][-]{subsection.8.4}{\376\377\003\243\003\315\003\263\003\272\003\301\003\271\003\303\003\267\000\040\000u\000n\000t\000u\000n\000e\000d\000\040\003\272\003\261\003\271\000\040\000t\000u\000n\000e\000d\000\040\003\274\003\277\003\275\003\304\003\255\003\273\003\311\003\275}{section.8}% 26
\BOOKMARK [2][-]{subsection.8.5}{\376\377\003\240\003\257\003\275\003\261\003\272\003\265\003\302\000\040\003\303\003\315\003\263\003\307\003\305\003\303\003\267\003\302\000\040\000t\000u\000n\000e\000d\000\040\003\274\003\277\003\275\003\304\003\255\003\273\003\311\003\275}{section.8}% 27
\BOOKMARK [2][-]{subsection.8.6}{\376\377\003\243\003\307\003\277\003\273\003\271\003\261\003\303\003\274\003\314\003\302\000\040\003\304\003\267\003\302\000\040\003\265\003\300\003\257\003\264\003\301\003\261\003\303\003\267\003\302\000\040\003\304\003\277\003\305\000\040\000t\000u\000n\000i\000n\000g}{section.8}% 28
\BOOKMARK [2][-]{subsection.8.7}{\376\377\003\232\003\261\003\273\003\315\003\304\003\265\003\301\003\267\000\040\003\274\003\255\003\270\003\277\003\264\003\277\003\302\000\040\003\304\003\261\003\276\003\271\003\275\003\314\003\274\003\267\003\303\003\267\003\302}{section.8}% 29
\BOOKMARK [1][-]{section.9}{\376\377\003\243\003\305\003\275\003\277\003\273\003\271\003\272\003\254\000\040\003\303\003\305\003\274\003\300\003\265\003\301\003\254\003\303\003\274\003\261\003\304\003\261}{}% 30
\BOOKMARK [1][-]{appendix.Alph1}{\376\377\003\221\003\301\003\307\003\265\003\257\003\261\000\040\003\305\003\273\003\277\003\300\003\277\003\257\003\267\003\303\003\267\003\302}{}% 31
