This is XeTeX, Version 3.141592653-2.6-0.999995 (TeX Live 2023/Debian) (preloaded format=xelatex 2026.3.22)  27 APR 2026 14:24
entering extended mode
 restricted \write18 enabled.
 %&-line parsing enabled.
**report_4th_assignment.tex
(./report_4th_assignment.tex
LaTeX2e <2023-11-01> patch level 1
L3 programming layer <2024-01-22>
(/usr/share/texlive/texmf-dist/tex/latex/base/article.cls
Document Class: article 2023/05/17 v1.4n Standard LaTeX document class
(/usr/share/texlive/texmf-dist/tex/latex/base/size12.clo
File: size12.clo 2023/05/17 v1.4n Standard LaTeX file (size option)
)
\c@part=\count183
\c@section=\count184
\c@subsection=\count185
\c@subsubsection=\count186
\c@paragraph=\count187
\c@subparagraph=\count188
\c@figure=\count189
\c@table=\count190
\abovecaptionskip=\skip48
\belowcaptionskip=\skip49
\bibindent=\dimen140
)
(/usr/share/texlive/texmf-dist/tex/latex/fontspec/fontspec.sty
(/usr/share/texlive/texmf-dist/tex/latex/l3packages/xparse/xparse.sty
(/usr/share/texlive/texmf-dist/tex/latex/l3kernel/expl3.sty
Package: expl3 2024-01-22 L3 programming layer (loader) 

(/usr/share/texlive/texmf-dist/tex/latex/l3backend/l3backend-xetex.def
File: l3backend-xetex.def 2024-01-04 L3 backend support: XeTeX
\g__graphics_track_int=\count191
\l__pdf_internal_box=\box51
\g__pdf_backend_object_int=\count192
\g__pdf_backend_annotation_int=\count193
\g__pdf_backend_link_int=\count194
))
Package: xparse 2023-10-10 L3 Experimental document command parser
)
Package: fontspec 2022/01/15 v2.8a Font selection for XeLaTeX and LuaLaTeX

(/usr/share/texlive/texmf-dist/tex/latex/fontspec/fontspec-xetex.sty
Package: fontspec-xetex 2022/01/15 v2.8a Font selection for XeLaTeX and LuaLaTe
X
\l__fontspec_script_int=\count195
\l__fontspec_language_int=\count196
\l__fontspec_strnum_int=\count197
\l__fontspec_tmp_int=\count198
\l__fontspec_tmpa_int=\count199
\l__fontspec_tmpb_int=\count266
\l__fontspec_tmpc_int=\count267
\l__fontspec_em_int=\count268
\l__fontspec_emdef_int=\count269
\l__fontspec_strong_int=\count270
\l__fontspec_strongdef_int=\count271
\l__fontspec_tmpa_dim=\dimen141
\l__fontspec_tmpb_dim=\dimen142
\l__fontspec_tmpc_dim=\dimen143

(/usr/share/texlive/texmf-dist/tex/latex/base/fontenc.sty
Package: fontenc 2021/04/29 v2.0v Standard LaTeX package
)
(/usr/share/texlive/texmf-dist/tex/latex/fontspec/fontspec.cfg)))
(/usr/share/texlive/texmf-dist/tex/latex/polyglossia/polyglossia.sty
Package: polyglossia 2023/12/11 v1.66 Modern multilingual typesetting with XeLa
TeX and LuaLaTeX

(/usr/share/texlive/texmf-dist/tex/latex/etoolbox/etoolbox.sty
Package: etoolbox 2020/10/05 v2.5k e-TeX tools for LaTeX (JAW)
\etb@tempcnta=\count272
)
(/usr/share/texlive/texmf-dist/tex/latex/xkeyval/xkeyval.sty
Package: xkeyval 2022/06/16 v2.9 package option processing (HA)

(/usr/share/texlive/texmf-dist/tex/generic/xkeyval/xkeyval.tex
(/usr/share/texlive/texmf-dist/tex/generic/xkeyval/xkvutils.tex
\XKV@toks=\toks17
\XKV@tempa@toks=\toks18

(/usr/share/texlive/texmf-dist/tex/generic/xkeyval/keyval.tex))
\XKV@depth=\count273
File: xkeyval.tex 2014/12/03 v2.7a key=value parser (HA)
))
(/usr/share/texlive/texmf-dist/tex/generic/iftex/iftex.sty
Package: iftex 2022/02/03 v1.0f TeX engine tests
)
\xpg@normalclass=\XeTeXcharclass1

(/usr/share/texlive/texmf-dist/tex/latex/polyglossia/gloss-latex.lde
Package: gloss-latex 2023/12/11 v1.66 polyglossia: module for default language
)
Package polyglossia Info: Default language is latex.
)
(/usr/share/texlive/texmf-dist/tex/latex/polyglossia/gloss-greek.ldf
File: gloss-greek.ldf polyglossia: module for Greek

(/usr/share/texlive/texmf-dist/tex/latex/polyglossia/xgreek-fixes.def)
Package polyglossia Info: Option: Greek, variant=monotonic.
Package polyglossia Info: Option: Greek, numerals=greek.
\@attic@num=\count274
)
Package polyglossia Info: Default language is greek.

(/usr/share/texlive/texmf-dist/tex/latex/polyglossia/gloss-english.ldf
File: gloss-english.ldf polyglossia: module for English
Package polyglossia Info: Option: English, variant=american.
)

Package fontspec Info: Font family 'DejaVuSerif(0)' created for font 'DejaVu
(fontspec)             Serif' with options [Ligatures=TeX,Script=Greek].
(fontspec)              
(fontspec)              This font family consists of the following NFSS
(fontspec)             series/shapes:
(fontspec)              
(fontspec)             - 'normal' (m/n) with NFSS spec.: <->"DejaVu
(fontspec)             Serif/OT:script=grek;language=dflt;mapping=tex-text;"
(fontspec)             - 'small caps'  (m/sc) with NFSS spec.: 
(fontspec)             - 'bold' (b/n) with NFSS spec.: <->"DejaVu
(fontspec)             Serif/B/OT:script=grek;language=dflt;mapping=tex-text;"
(fontspec)             - 'bold small caps'  (b/sc) with NFSS spec.: 
(fontspec)             - 'italic' (m/it) with NFSS spec.: <->"DejaVu
(fontspec)             Serif/I/OT:script=grek;language=dflt;mapping=tex-text;"
(fontspec)             - 'italic small caps'  (m/scit) with NFSS spec.: 
(fontspec)             - 'bold italic' (b/it) with NFSS spec.: <->"DejaVu
(fontspec)             Serif/BI/OT:script=grek;language=dflt;mapping=tex-text;"

(fontspec)             - 'bold italic small caps'  (b/scit) with NFSS spec.: 


Package fontspec Info: Font family 'DejaVuSans(0)' created for font 'DejaVu
(fontspec)             Sans' with options [Ligatures=TeX,Script=Greek].
(fontspec)              
(fontspec)              This font family consists of the following NFSS
(fontspec)             series/shapes:
(fontspec)              
(fontspec)             - 'normal' (m/n) with NFSS spec.: <->"DejaVu
(fontspec)             Sans/OT:script=grek;language=dflt;mapping=tex-text;"
(fontspec)             - 'small caps'  (m/sc) with NFSS spec.: 
(fontspec)             - 'bold' (b/n) with NFSS spec.: <->"DejaVu
(fontspec)             Sans/B/OT:script=grek;language=dflt;mapping=tex-text;"
(fontspec)             - 'bold small caps'  (b/sc) with NFSS spec.: 
(fontspec)             - 'italic' (m/it) with NFSS spec.: <->"DejaVu
(fontspec)             Sans/I/OT:script=grek;language=dflt;mapping=tex-text;"
(fontspec)             - 'italic small caps'  (m/scit) with NFSS spec.: 
(fontspec)             - 'bold italic' (b/it) with NFSS spec.: <->"DejaVu
(fontspec)             Sans/BI/OT:script=grek;language=dflt;mapping=tex-text;"
(fontspec)             - 'bold italic small caps'  (b/scit) with NFSS spec.: 


Package fontspec Info: Font family 'DejaVuSansMono(0)' created for font
(fontspec)             'DejaVu Sans Mono' with options
(fontspec)             [WordSpace={1,0,0},HyphenChar=None,PunctuationSpace=Word
Space,Script=Greek].
(fontspec)              
(fontspec)              This font family consists of the following NFSS
(fontspec)             series/shapes:
(fontspec)              
(fontspec)             - 'normal' (m/n) with NFSS spec.: <->"DejaVu Sans
(fontspec)             Mono/OT:script=grek;language=dflt;"
(fontspec)             - 'small caps'  (m/sc) with NFSS spec.: 
(fontspec)             and font adjustment code:
(fontspec)             \fontdimen 2\font =1\fontdimen 2\font \fontdimen 3\font
(fontspec)             =0\fontdimen 3\font \fontdimen 4\font =0\fontdimen
(fontspec)             4\font \fontdimen 7\font =0\fontdimen 2\font
(fontspec)             \tex_hyphenchar:D \font =-1\scan_stop: 
(fontspec)             - 'bold' (b/n) with NFSS spec.: <->"DejaVu Sans
(fontspec)             Mono/B/OT:script=grek;language=dflt;"
(fontspec)             - 'bold small caps'  (b/sc) with NFSS spec.: 
(fontspec)             and font adjustment code:
(fontspec)             \fontdimen 2\font =1\fontdimen 2\font \fontdimen 3\font
(fontspec)             =0\fontdimen 3\font \fontdimen 4\font =0\fontdimen
(fontspec)             4\font \fontdimen 7\font =0\fontdimen 2\font
(fontspec)             \tex_hyphenchar:D \font =-1\scan_stop: 
(fontspec)             - 'italic' (m/it) with NFSS spec.: <->"DejaVu Sans
(fontspec)             Mono/I/OT:script=grek;language=dflt;"
(fontspec)             - 'italic small caps'  (m/scit) with NFSS spec.: 
(fontspec)             and font adjustment code:
(fontspec)             \fontdimen 2\font =1\fontdimen 2\font \fontdimen 3\font
(fontspec)             =0\fontdimen 3\font \fontdimen 4\font =0\fontdimen
(fontspec)             4\font \fontdimen 7\font =0\fontdimen 2\font
(fontspec)             \tex_hyphenchar:D \font =-1\scan_stop: 
(fontspec)             - 'bold italic' (b/it) with NFSS spec.: <->"DejaVu Sans
(fontspec)             Mono/BI/OT:script=grek;language=dflt;"
(fontspec)             - 'bold italic small caps'  (b/scit) with NFSS spec.: 
(fontspec)             and font adjustment code:
(fontspec)             \fontdimen 2\font =1\fontdimen 2\font \fontdimen 3\font
(fontspec)             =0\fontdimen 3\font \fontdimen 4\font =0\fontdimen
(fontspec)             4\font \fontdimen 7\font =0\fontdimen 2\font
(fontspec)             \tex_hyphenchar:D \font =-1\scan_stop: 


Package fontspec Info: Font family 'DejaVuSansMono(1)' created for font
(fontspec)             'DejaVu Sans Mono' with options [Script=Greek].
(fontspec)              
(fontspec)              This font family consists of the following NFSS
(fontspec)             series/shapes:
(fontspec)              
(fontspec)             - 'normal' (m/n) with NFSS spec.: <->"DejaVu Sans
(fontspec)             Mono/OT:script=grek;language=dflt;"
(fontspec)             - 'small caps'  (m/sc) with NFSS spec.: 
(fontspec)             - 'bold' (b/n) with NFSS spec.: <->"DejaVu Sans
(fontspec)             Mono/B/OT:script=grek;language=dflt;"
(fontspec)             - 'bold small caps'  (b/sc) with NFSS spec.: 
(fontspec)             - 'italic' (m/it) with NFSS spec.: <->"DejaVu Sans
(fontspec)             Mono/I/OT:script=grek;language=dflt;"
(fontspec)             - 'italic small caps'  (m/scit) with NFSS spec.: 
(fontspec)             - 'bold italic' (b/it) with NFSS spec.: <->"DejaVu Sans
(fontspec)             Mono/BI/OT:script=grek;language=dflt;"
(fontspec)             - 'bold italic small caps'  (b/scit) with NFSS spec.: 


(/usr/share/texlive/texmf-dist/tex/latex/geometry/geometry.sty
Package: geometry 2020/01/02 v5.9 Page Geometry

(/usr/share/texlive/texmf-dist/tex/generic/iftex/ifvtex.sty
Package: ifvtex 2019/10/25 v1.7 ifvtex legacy package. Use iftex instead.
)
\Gm@cnth=\count275
\Gm@cntv=\count276
\c@Gm@tempcnt=\count277
\Gm@bindingoffset=\dimen144
\Gm@wd@mp=\dimen145
\Gm@odd@mp=\dimen146
\Gm@even@mp=\dimen147
\Gm@layoutwidth=\dimen148
\Gm@layoutheight=\dimen149
\Gm@layouthoffset=\dimen150
\Gm@layoutvoffset=\dimen151
\Gm@dimlist=\toks19
)
(/usr/share/texlive/texmf-dist/tex/latex/amsmath/amsmath.sty
Package: amsmath 2023/05/13 v2.17o AMS math features
\@mathmargin=\skip50

For additional information on amsmath, use the `?' option.
(/usr/share/texlive/texmf-dist/tex/latex/amsmath/amstext.sty
Package: amstext 2021/08/26 v2.01 AMS text

(/usr/share/texlive/texmf-dist/tex/latex/amsmath/amsgen.sty
File: amsgen.sty 1999/11/30 v2.0 generic functions
\@emptytoks=\toks20
\ex@=\dimen152
))
(/usr/share/texlive/texmf-dist/tex/latex/amsmath/amsbsy.sty
Package: amsbsy 1999/11/29 v1.2d Bold Symbols
\pmbraise@=\dimen153
)
(/usr/share/texlive/texmf-dist/tex/latex/amsmath/amsopn.sty
Package: amsopn 2022/04/08 v2.04 operator names
)
\inf@bad=\count278
LaTeX Info: Redefining \frac on input line 234.
\uproot@=\count279
\leftroot@=\count280
LaTeX Info: Redefining \overline on input line 399.
LaTeX Info: Redefining \colon on input line 410.
\classnum@=\count281
\DOTSCASE@=\count282
LaTeX Info: Redefining \ldots on input line 496.
LaTeX Info: Redefining \dots on input line 499.
LaTeX Info: Redefining \cdots on input line 620.
\Mathstrutbox@=\box52
\strutbox@=\box53
LaTeX Info: Redefining \big on input line 722.
LaTeX Info: Redefining \Big on input line 723.
LaTeX Info: Redefining \bigg on input line 724.
LaTeX Info: Redefining \Bigg on input line 725.
\big@size=\dimen154
LaTeX Font Info:    Redeclaring font encoding OML on input line 743.
LaTeX Font Info:    Redeclaring font encoding OMS on input line 744.
\macc@depth=\count283
LaTeX Info: Redefining \bmod on input line 905.
LaTeX Info: Redefining \pmod on input line 910.
LaTeX Info: Redefining \smash on input line 940.
LaTeX Info: Redefining \relbar on input line 970.
LaTeX Info: Redefining \Relbar on input line 971.
\c@MaxMatrixCols=\count284
\dotsspace@=\muskip16
\c@parentequation=\count285
\dspbrk@lvl=\count286
\tag@help=\toks21
\row@=\count287
\column@=\count288
\maxfields@=\count289
\andhelp@=\toks22
\eqnshift@=\dimen155
\alignsep@=\dimen156
\tagshift@=\dimen157
\tagwidth@=\dimen158
\totwidth@=\dimen159
\lineht@=\dimen160
\@envbody=\toks23
\multlinegap=\skip51
\multlinetaggap=\skip52
\mathdisplay@stack=\toks24
LaTeX Info: Redefining \[ on input line 2953.
LaTeX Info: Redefining \] on input line 2954.
)
(/usr/share/texlive/texmf-dist/tex/latex/amsfonts/amssymb.sty
Package: amssymb 2013/01/14 v3.01 AMS font symbols

(/usr/share/texlive/texmf-dist/tex/latex/amsfonts/amsfonts.sty
Package: amsfonts 2013/01/14 v3.01 Basic AMSFonts support
\symAMSa=\mathgroup4
\symAMSb=\mathgroup5
LaTeX Font Info:    Redeclaring math symbol \hbar on input line 98.
LaTeX Font Info:    Overwriting math alphabet `\mathfrak' in version `bold'
(Font)                  U/euf/m/n --> U/euf/b/n on input line 106.
))
(/usr/share/texlive/texmf-dist/tex/latex/booktabs/booktabs.sty
Package: booktabs 2020/01/12 v1.61803398 Publication quality tables
\heavyrulewidth=\dimen161
\lightrulewidth=\dimen162
\cmidrulewidth=\dimen163
\belowrulesep=\dimen164
\belowbottomsep=\dimen165
\aboverulesep=\dimen166
\abovetopsep=\dimen167
\cmidrulesep=\dimen168
\cmidrulekern=\dimen169
\defaultaddspace=\dimen170
\@cmidla=\count290
\@cmidlb=\count291
\@aboverulesep=\dimen171
\@belowrulesep=\dimen172
\@thisruleclass=\count292
\@lastruleclass=\count293
\@thisrulewidth=\dimen173
)
(/usr/share/texlive/texmf-dist/tex/latex/tools/array.sty
Package: array 2023/10/16 v2.5g Tabular extension package (FMi)
\col@sep=\dimen174
\ar@mcellbox=\box54
\extrarowheight=\dimen175
\NC@list=\toks25
\extratabsurround=\skip53
\backup@length=\skip54
\ar@cellbox=\box55
)
(/usr/share/texlive/texmf-dist/tex/latex/tools/longtable.sty
Package: longtable 2023-11-01 v4.19 Multi-page Table package (DPC)
\LTleft=\skip55
\LTright=\skip56
\LTpre=\skip57
\LTpost=\skip58
\LTchunksize=\count294
\LTcapwidth=\dimen176
\LT@head=\box56
\LT@firsthead=\box57
\LT@foot=\box58
\LT@lastfoot=\box59
\LT@gbox=\box60
\LT@cols=\count295
\LT@rows=\count296
\c@LT@tables=\count297
\c@LT@chunks=\count298
\LT@p@ftn=\toks26
)
(/usr/share/texlive/texmf-dist/tex/latex/graphics/graphicx.sty
Package: graphicx 2021/09/16 v1.2d Enhanced LaTeX Graphics (DPC,SPQR)

(/usr/share/texlive/texmf-dist/tex/latex/graphics/graphics.sty
Package: graphics 2022/03/10 v1.4e Standard LaTeX Graphics (DPC,SPQR)

(/usr/share/texlive/texmf-dist/tex/latex/graphics/trig.sty
Package: trig 2021/08/11 v1.11 sin cos tan (DPC)
)
(/usr/share/texlive/texmf-dist/tex/latex/graphics-cfg/graphics.cfg
File: graphics.cfg 2016/06/04 v1.11 sample graphics configuration
)
Package graphics Info: Driver file: xetex.def on input line 107.

(/usr/share/texlive/texmf-dist/tex/latex/graphics-def/xetex.def
File: xetex.def 2022/09/22 v5.0n Graphics/color driver for xetex
))
\Gin@req@height=\dimen177
\Gin@req@width=\dimen178
)
(/usr/share/texlive/texmf-dist/tex/latex/float/float.sty
Package: float 2001/11/08 v1.3d Float enhancements (AL)
\c@float@type=\count299
\float@exts=\toks27
\float@box=\box61
\@float@everytoks=\toks28
\@floatcapt=\box62
)
(/usr/share/texlive/texmf-dist/tex/latex/caption/caption.sty
Package: caption 2023/08/05 v3.6o Customizing captions (AR)

(/usr/share/texlive/texmf-dist/tex/latex/caption/caption3.sty
Package: caption3 2023/07/31 v2.4d caption3 kernel (AR)
\caption@tempdima=\dimen179
\captionmargin=\dimen180
\caption@leftmargin=\dimen181
\caption@rightmargin=\dimen182
\caption@width=\dimen183
\caption@indent=\dimen184
\caption@parindent=\dimen185
\caption@hangindent=\dimen186
Package caption Info: Standard document class detected.
)
\c@caption@flags=\count300
\c@continuedfloat=\count301
Package caption Info: float package is loaded.
Package caption Info: longtable package is loaded.

(/usr/share/texlive/texmf-dist/tex/latex/caption/ltcaption.sty
Package: ltcaption 2021/01/08 v1.4c longtable captions (AR)
))
(/usr/share/texlive/texmf-dist/tex/latex/caption/subcaption.sty
Package: subcaption 2023/07/28 v1.6b Sub-captions (AR)
Package caption Info: New subtype `subfigure' on input line 238.
\c@subfigure=\count302
Package caption Info: New subtype `subtable' on input line 238.
\c@subtable=\count303
)
(/usr/share/texlive/texmf-dist/tex/latex/hyperref/hyperref.sty
Package: hyperref 2024-01-20 v7.01h Hypertext links for LaTeX

(/usr/share/texlive/texmf-dist/tex/latex/kvsetkeys/kvsetkeys.sty
Package: kvsetkeys 2022-10-05 v1.19 Key value parser (HO)
)
(/usr/share/texlive/texmf-dist/tex/generic/kvdefinekeys/kvdefinekeys.sty
Package: kvdefinekeys 2019-12-19 v1.6 Define keys (HO)
)
(/usr/share/texlive/texmf-dist/tex/generic/pdfescape/pdfescape.sty
Package: pdfescape 2019/12/09 v1.15 Implements pdfTeX's escape features (HO)

(/usr/share/texlive/texmf-dist/tex/generic/ltxcmds/ltxcmds.sty
Package: ltxcmds 2023-12-04 v1.26 LaTeX kernel commands for general use (HO)
)
(/usr/share/texlive/texmf-dist/tex/generic/pdftexcmds/pdftexcmds.sty
Package: pdftexcmds 2020-06-27 v0.33 Utility functions of pdfTeX for LuaTeX (HO
)

(/usr/share/texlive/texmf-dist/tex/generic/infwarerr/infwarerr.sty
Package: infwarerr 2019/12/03 v1.5 Providing info/warning/error messages (HO)
)
Package pdftexcmds Info: \pdf@primitive is available.
Package pdftexcmds Info: \pdf@ifprimitive is available.
Package pdftexcmds Info: \pdfdraftmode not found.
))
(/usr/share/texlive/texmf-dist/tex/latex/hycolor/hycolor.sty
Package: hycolor 2020-01-27 v1.10 Color options for hyperref/bookmark (HO)
)
(/usr/share/texlive/texmf-dist/tex/latex/auxhook/auxhook.sty
Package: auxhook 2019-12-17 v1.6 Hooks for auxiliary files (HO)
)
(/usr/share/texlive/texmf-dist/tex/latex/hyperref/nameref.sty
Package: nameref 2023-11-26 v2.56 Cross-referencing by name of section

(/usr/share/texlive/texmf-dist/tex/latex/refcount/refcount.sty
Package: refcount 2019/12/15 v3.6 Data extraction from label references (HO)
)
(/usr/share/texlive/texmf-dist/tex/generic/gettitlestring/gettitlestring.sty
Package: gettitlestring 2019/12/15 v1.6 Cleanup title references (HO)

(/usr/share/texlive/texmf-dist/tex/latex/kvoptions/kvoptions.sty
Package: kvoptions 2022-06-15 v3.15 Key value format for package options (HO)
))
\c@section@level=\count304
)
\@linkdim=\dimen187
\Hy@linkcounter=\count305
\Hy@pagecounter=\count306

(/usr/share/texlive/texmf-dist/tex/latex/hyperref/pd1enc.def
File: pd1enc.def 2024-01-20 v7.01h Hyperref: PDFDocEncoding definition (HO)
)
(/usr/share/texlive/texmf-dist/tex/generic/intcalc/intcalc.sty
Package: intcalc 2019/12/15 v1.3 Expandable calculations with integers (HO)
)
\Hy@SavedSpaceFactor=\count307

(/usr/share/texlive/texmf-dist/tex/latex/hyperref/puenc.def
File: puenc.def 2024-01-20 v7.01h Hyperref: PDF Unicode definition (HO)
)
Package hyperref Info: Hyper figures OFF on input line 4179.
Package hyperref Info: Link nesting OFF on input line 4184.
Package hyperref Info: Hyper index ON on input line 4187.
Package hyperref Info: Plain pages OFF on input line 4194.
Package hyperref Info: Backreferencing OFF on input line 4199.
Package hyperref Info: Implicit mode ON; LaTeX internals redefined.
Package hyperref Info: Bookmarks ON on input line 4446.
\c@Hy@tempcnt=\count308

(/usr/share/texlive/texmf-dist/tex/latex/url/url.sty
\Urlmuskip=\muskip17
Package: url 2013/09/16  ver 3.4  Verb mode for urls, etc.
)
LaTeX Info: Redefining \url on input line 4784.
\XeTeXLinkMargin=\dimen188

(/usr/share/texlive/texmf-dist/tex/generic/bitset/bitset.sty
Package: bitset 2019/12/09 v1.3 Handle bit-vector datatype (HO)

(/usr/share/texlive/texmf-dist/tex/generic/bigintcalc/bigintcalc.sty
Package: bigintcalc 2019/12/15 v1.5 Expandable calculations on big integers (HO
)
))
\Fld@menulength=\count309
\Field@Width=\dimen189
\Fld@charsize=\dimen190
Package hyperref Info: Hyper figures OFF on input line 6063.
Package hyperref Info: Link nesting OFF on input line 6068.
Package hyperref Info: Hyper index ON on input line 6071.
Package hyperref Info: backreferencing OFF on input line 6078.
Package hyperref Info: Link coloring OFF on input line 6083.
Package hyperref Info: Link coloring with OCG OFF on input line 6088.
Package hyperref Info: PDF/A mode OFF on input line 6093.

(/usr/share/texlive/texmf-dist/tex/latex/base/atbegshi-ltx.sty
Package: atbegshi-ltx 2021/01/10 v1.0c Emulation of the original atbegshi
package with kernel methods
)
\Hy@abspage=\count310
\c@Item=\count311
\c@Hfootnote=\count312
)
Package hyperref Info: Driver (autodetected): hxetex.

(/usr/share/texlive/texmf-dist/tex/latex/hyperref/hxetex.def
File: hxetex.def 2024-01-20 v7.01h Hyperref driver for XeTeX

(/usr/share/texlive/texmf-dist/tex/generic/stringenc/stringenc.sty
Package: stringenc 2019/11/29 v1.12 Convert strings between diff. encodings (HO
)
)
\pdfm@box=\box63
\c@Hy@AnnotLevel=\count313
\HyField@AnnotCount=\count314
\Fld@listcount=\count315
\c@bookmark@seq@number=\count316

(/usr/share/texlive/texmf-dist/tex/latex/rerunfilecheck/rerunfilecheck.sty
Package: rerunfilecheck 2022-07-10 v1.10 Rerun checks for auxiliary files (HO)

(/usr/share/texlive/texmf-dist/tex/latex/base/atveryend-ltx.sty
Package: atveryend-ltx 2020/08/19 v1.0a Emulation of the original atveryend pac
kage
with kernel methods
)
(/usr/share/texlive/texmf-dist/tex/generic/uniquecounter/uniquecounter.sty
Package: uniquecounter 2019/12/15 v1.4 Provide unlimited unique counter (HO)
)
Package uniquecounter Info: New unique counter `rerunfilecheck' on input line 2
85.
)
\Hy@SectionHShift=\skip59
)
(/usr/share/texlive/texmf-dist/tex/latex/enumitem/enumitem.sty
Package: enumitem 2019/06/20 v3.9 Customized lists
\enitkv@toks@=\toks29
\labelindent=\skip60
\enit@outerparindent=\dimen191
\enit@toks=\toks30
\enit@inbox=\box64
\enit@count@id=\count317
\enitdp@description=\count318
)
(/usr/share/texlive/texmf-dist/tex/latex/parskip/parskip.sty
Package: parskip 2021-03-14 v2.0h non-zero parskip adjustments
)
(/usr/share/texlive/texmf-dist/tex/latex/xcolor/xcolor.sty
Package: xcolor 2023/11/15 v3.01 LaTeX color extensions (UK)

(/usr/share/texlive/texmf-dist/tex/latex/graphics-cfg/color.cfg
File: color.cfg 2016/01/02 v1.6 sample color configuration
)
Package xcolor Info: Driver file: xetex.def on input line 274.

(/usr/share/texlive/texmf-dist/tex/latex/graphics/mathcolor.ltx)
Package xcolor Info: Model `cmy' substituted by `cmy0' on input line 1350.
Package xcolor Info: Model `RGB' extended on input line 1366.
Package xcolor Info: Model `HTML' substituted by `rgb' on input line 1368.
Package xcolor Info: Model `Hsb' substituted by `hsb' on input line 1369.
Package xcolor Info: Model `tHsb' substituted by `hsb' on input line 1370.
Package xcolor Info: Model `HSB' substituted by `hsb' on input line 1371.
Package xcolor Info: Model `Gray' substituted by `gray' on input line 1372.
Package xcolor Info: Model `wave' substituted by `hsb' on input line 1373.
)
(/usr/share/texlive/texmf-dist/tex/latex/fancyhdr/fancyhdr.sty
Package: fancyhdr 2022/11/09 v4.1 Extensive control of page headers and footers

\f@nch@headwidth=\skip61
\f@nch@O@elh=\skip62
\f@nch@O@erh=\skip63
\f@nch@O@olh=\skip64
\f@nch@O@orh=\skip65
\f@nch@O@elf=\skip66
\f@nch@O@erf=\skip67
\f@nch@O@olf=\skip68
\f@nch@O@orf=\skip69
)
(./report_4th_assignment.aux)
\openout1 = `report_4th_assignment.aux'.

LaTeX Font Info:    Checking defaults for OML/cmm/m/it on input line 50.
LaTeX Font Info:    ... okay on input line 50.
LaTeX Font Info:    Checking defaults for OMS/cmsy/m/n on input line 50.
LaTeX Font Info:    ... okay on input line 50.
LaTeX Font Info:    Checking defaults for OT1/cmr/m/n on input line 50.
LaTeX Font Info:    ... okay on input line 50.
LaTeX Font Info:    Checking defaults for T1/cmr/m/n on input line 50.
LaTeX Font Info:    ... okay on input line 50.
LaTeX Font Info:    Checking defaults for TS1/cmr/m/n on input line 50.
LaTeX Font Info:    Trying to load font information for TS1+cmr on input line 5
0.

(/usr/share/texlive/texmf-dist/tex/latex/base/ts1cmr.fd
File: ts1cmr.fd 2023/04/13 v2.5m Standard LaTeX font definitions
)
LaTeX Font Info:    ... okay on input line 50.
LaTeX Font Info:    Checking defaults for TU/lmr/m/n on input line 50.
LaTeX Font Info:    ... okay on input line 50.
LaTeX Font Info:    Checking defaults for OMX/cmex/m/n on input line 50.
LaTeX Font Info:    ... okay on input line 50.
LaTeX Font Info:    Checking defaults for U/cmr/m/n on input line 50.
LaTeX Font Info:    ... okay on input line 50.
LaTeX Font Info:    Checking defaults for PD1/pdf/m/n on input line 50.
LaTeX Font Info:    ... okay on input line 50.
LaTeX Font Info:    Checking defaults for PU/pdf/m/n on input line 50.
LaTeX Font Info:    ... okay on input line 50.

Package fontspec Info: Adjusting the maths setup (use [no-math] to avoid
(fontspec)             this).

\symlegacymaths=\mathgroup6
LaTeX Font Info:    Overwriting symbol font `legacymaths' in version `bold'
(Font)                  OT1/cmr/m/n --> OT1/cmr/bx/n on input line 50.
LaTeX Font Info:    Redeclaring math accent \acute on input line 50.
LaTeX Font Info:    Redeclaring math accent \grave on input line 50.
LaTeX Font Info:    Redeclaring math accent \ddot on input line 50.
LaTeX Font Info:    Redeclaring math accent \tilde on input line 50.
LaTeX Font Info:    Redeclaring math accent \bar on input line 50.
LaTeX Font Info:    Redeclaring math accent \breve on input line 50.
LaTeX Font Info:    Redeclaring math accent \check on input line 50.
LaTeX Font Info:    Redeclaring math accent \hat on input line 50.
LaTeX Font Info:    Redeclaring math accent \dot on input line 50.
LaTeX Font Info:    Redeclaring math accent \mathring on input line 50.
LaTeX Font Info:    Redeclaring math symbol \Gamma on input line 50.
LaTeX Font Info:    Redeclaring math symbol \Delta on input line 50.
LaTeX Font Info:    Redeclaring math symbol \Theta on input line 50.
LaTeX Font Info:    Redeclaring math symbol \Lambda on input line 50.
LaTeX Font Info:    Redeclaring math symbol \Xi on input line 50.
LaTeX Font Info:    Redeclaring math symbol \Pi on input line 50.
LaTeX Font Info:    Redeclaring math symbol \Sigma on input line 50.
LaTeX Font Info:    Redeclaring math symbol \Upsilon on input line 50.
LaTeX Font Info:    Redeclaring math symbol \Phi on input line 50.
LaTeX Font Info:    Redeclaring math symbol \Psi on input line 50.
LaTeX Font Info:    Redeclaring math symbol \Omega on input line 50.
LaTeX Font Info:    Redeclaring math symbol \mathdollar on input line 50.
LaTeX Font Info:    Redeclaring symbol font `operators' on input line 50.
LaTeX Font Info:    Encoding `OT1' has changed to `TU' for symbol font
(Font)              `operators' in the math version `normal' on input line 50.
LaTeX Font Info:    Overwriting symbol font `operators' in version `normal'
(Font)                  OT1/cmr/m/n --> TU/DejaVuSerif(0)/m/n on input line 50.

LaTeX Font Info:    Encoding `OT1' has changed to `TU' for symbol font
(Font)              `operators' in the math version `bold' on input line 50.
LaTeX Font Info:    Overwriting symbol font `operators' in version `bold'
(Font)                  OT1/cmr/bx/n --> TU/DejaVuSerif(0)/m/n on input line 50
.
LaTeX Font Info:    Overwriting symbol font `operators' in version `normal'
(Font)                  TU/DejaVuSerif(0)/m/n --> TU/DejaVuSerif(0)/m/n on inpu
t line 50.
LaTeX Font Info:    Overwriting math alphabet `\mathit' in version `normal'
(Font)                  OT1/cmr/m/it --> TU/DejaVuSerif(0)/m/it on input line 5
0.
LaTeX Font Info:    Overwriting math alphabet `\mathbf' in version `normal'
(Font)                  OT1/cmr/bx/n --> TU/DejaVuSerif(0)/b/n on input line 50
.
LaTeX Font Info:    Overwriting math alphabet `\mathsf' in version `normal'
(Font)                  OT1/cmss/m/n --> TU/DejaVuSans(0)/m/n on input line 50.

LaTeX Font Info:    Overwriting math alphabet `\mathtt' in version `normal'
(Font)                  OT1/cmtt/m/n --> TU/DejaVuSansMono(0)/m/n on input line
 50.
LaTeX Font Info:    Overwriting symbol font `operators' in version `bold'
(Font)                  TU/DejaVuSerif(0)/m/n --> TU/DejaVuSerif(0)/b/n on inpu
t line 50.
LaTeX Font Info:    Overwriting math alphabet `\mathit' in version `bold'
(Font)                  OT1/cmr/bx/it --> TU/DejaVuSerif(0)/b/it on input line 
50.
LaTeX Font Info:    Overwriting math alphabet `\mathsf' in version `bold'
(Font)                  OT1/cmss/bx/n --> TU/DejaVuSans(0)/b/n on input line 50
.
LaTeX Font Info:    Overwriting math alphabet `\mathtt' in version `bold'
(Font)                  OT1/cmtt/m/n --> TU/DejaVuSansMono(0)/b/n on input line
 50.

*geometry* driver: auto-detecting
*geometry* detected driver: xetex
*geometry* verbose mode - [ preamble ] result:
* driver: xetex
* paper: a4paper
* layout: <same size as paper>
* layoutoffset:(h,v)=(0.0pt,0.0pt)
* modes: 
* h-part:(L,W,R)=(68.28644pt, 460.935pt, 68.28644pt)
* v-part:(T,H,B)=(68.28644pt, 708.47397pt, 68.28644pt)
* \paperwidth=597.50787pt
* \paperheight=845.04684pt
* \textwidth=460.935pt
* \textheight=708.47397pt
* \oddsidemargin=-3.98355pt
* \evensidemargin=-3.98355pt
* \topmargin=-40.98355pt
* \headheight=14.5pt
* \headsep=25.0pt
* \topskip=12.0pt
* \footskip=30.0pt
* \marginparwidth=35.0pt
* \marginparsep=10.0pt
* \columnsep=10.0pt
* \skip\footins=10.8pt plus 4.0pt minus 2.0pt
* \hoffset=0.0pt
* \voffset=0.0pt
* \mag=1000
* \@twocolumnfalse
* \@twosidefalse
* \@mparswitchfalse
* \@reversemarginfalse
* (1in=72.27pt=25.4mm, 1cm=28.453pt)

Package caption Info: Begin \AtBeginDocument code.
Package caption Info: hyperref package is loaded.
Package caption Info: End \AtBeginDocument code.
Package hyperref Info: Link coloring OFF on input line 50.
(./report_4th_assignment.out) (./report_4th_assignment.out)
\@outlinefile=\write3
\openout3 = `report_4th_assignment.out'.


Package fontspec Info: Font family 'DejaVuSerif(1)' created for font 'DejaVu
(fontspec)             Serif' with options
(fontspec)             [Ligatures=TeX,Script=Greek,Script=Greek].
(fontspec)              
(fontspec)              This font family consists of the following NFSS
(fontspec)             series/shapes:
(fontspec)              
(fontspec)             - 'normal' (m/n) with NFSS spec.: <->"DejaVu
(fontspec)             Serif/OT:script=grek;language=dflt;mapping=tex-text;"
(fontspec)             - 'small caps'  (m/sc) with NFSS spec.: 
(fontspec)             - 'bold' (b/n) with NFSS spec.: <->"DejaVu
(fontspec)             Serif/B/OT:script=grek;language=dflt;mapping=tex-text;"
(fontspec)             - 'bold small caps'  (b/sc) with NFSS spec.: 
(fontspec)             - 'italic' (m/it) with NFSS spec.: <->"DejaVu
(fontspec)             Serif/I/OT:script=grek;language=dflt;mapping=tex-text;"
(fontspec)             - 'italic small caps'  (m/scit) with NFSS spec.: 
(fontspec)             - 'bold italic' (b/it) with NFSS spec.: <->"DejaVu
(fontspec)             Serif/BI/OT:script=grek;language=dflt;mapping=tex-text;"

(fontspec)             - 'bold italic small caps'  (b/scit) with NFSS spec.: 

LaTeX Font Info:    Trying to load font information for U+msa on input line 53.


(/usr/share/texlive/texmf-dist/tex/latex/amsfonts/umsa.fd
File: umsa.fd 2013/01/14 v3.01 AMS symbols A
)
LaTeX Font Info:    Trying to load font information for U+msb on input line 53.


(/usr/share/texlive/texmf-dist/tex/latex/amsfonts/umsb.fd
File: umsb.fd 2013/01/14 v3.01 AMS symbols B
)
LaTeX Info: Redefining \rmfamily on input line 59.
LaTeX Info: Redefining \sffamily on input line 59.
LaTeX Info: Redefining \ttfamily on input line 59.

Overfull \hbox (0.92413pt too wide) in paragraph at lines 56--67
\TU/DejaVuSerif(1)/m/n/10.95 Bagging, Random Forest και Boosting. Αρχικά αξιολο
γούνται τα μοντέλα
 []


Overfull \hbox (2.96918pt too wide) in paragraph at lines 56--67
\TU/DejaVuSerif(1)/m/n/10.95 τερο βελτιστοποιημένο μοντέλο είναι το Bagging με 
test accuracy 0.9729. 
 []

(./report_4th_assignment.toc [1

]
LaTeX Info: Redefining \rmfamily on input line 20.
LaTeX Info: Redefining \sffamily on input line 20.
LaTeX Info: Redefining \ttfamily on input line 20.
)
\tf@toc=\write4
\openout4 = `report_4th_assignment.toc'.

 [2]
LaTeX Info: Redefining \rmfamily on input line 77.
LaTeX Info: Redefining \sffamily on input line 77.
LaTeX Info: Redefining \ttfamily on input line 77.
LaTeX Info: Redefining \rmfamily on input line 78.
LaTeX Info: Redefining \sffamily on input line 78.
LaTeX Info: Redefining \ttfamily on input line 78.
LaTeX Info: Redefining \rmfamily on input line 78.
LaTeX Info: Redefining \sffamily on input line 78.
LaTeX Info: Redefining \ttfamily on input line 78.
LaTeX Info: Redefining \rmfamily on input line 81.
LaTeX Info: Redefining \sffamily on input line 81.
LaTeX Info: Redefining \ttfamily on input line 81.
LaTeX Info: Redefining \rmfamily on input line 81.
LaTeX Info: Redefining \sffamily on input line 81.
LaTeX Info: Redefining \ttfamily on input line 81.
LaTeX Info: Redefining \rmfamily on input line 83.
LaTeX Info: Redefining \sffamily on input line 83.
LaTeX Info: Redefining \ttfamily on input line 83.
LaTeX Info: Redefining \rmfamily on input line 91.
LaTeX Info: Redefining \sffamily on input line 91.
LaTeX Info: Redefining \ttfamily on input line 91.
LaTeX Info: Redefining \rmfamily on input line 91.
LaTeX Info: Redefining \sffamily on input line 91.
LaTeX Info: Redefining \ttfamily on input line 91.
LaTeX Info: Redefining \rmfamily on input line 91.
LaTeX Info: Redefining \sffamily on input line 91.
LaTeX Info: Redefining \ttfamily on input line 91.
LaTeX Info: Redefining \rmfamily on input line 92.
LaTeX Info: Redefining \sffamily on input line 92.
LaTeX Info: Redefining \ttfamily on input line 92.
LaTeX Info: Redefining \rmfamily on input line 92.
LaTeX Info: Redefining \sffamily on input line 92.
LaTeX Info: Redefining \ttfamily on input line 92.
LaTeX Info: Redefining \rmfamily on input line 92.
LaTeX Info: Redefining \sffamily on input line 92.
LaTeX Info: Redefining \ttfamily on input line 92.
LaTeX Info: Redefining \rmfamily on input line 93.
LaTeX Info: Redefining \sffamily on input line 93.
LaTeX Info: Redefining \ttfamily on input line 93.
LaTeX Info: Redefining \rmfamily on input line 93.
LaTeX Info: Redefining \sffamily on input line 93.
LaTeX Info: Redefining \ttfamily on input line 93.
LaTeX Info: Redefining \rmfamily on input line 93.
LaTeX Info: Redefining \sffamily on input line 93.
LaTeX Info: Redefining \ttfamily on input line 93.
LaTeX Info: Redefining \rmfamily on input line 94.
LaTeX Info: Redefining \sffamily on input line 94.
LaTeX Info: Redefining \ttfamily on input line 94.
LaTeX Info: Redefining \rmfamily on input line 94.
LaTeX Info: Redefining \sffamily on input line 94.
LaTeX Info: Redefining \ttfamily on input line 94.
LaTeX Info: Redefining \rmfamily on input line 101.
LaTeX Info: Redefining \sffamily on input line 101.
LaTeX Info: Redefining \ttfamily on input line 101.
LaTeX Info: Redefining \rmfamily on input line 101.
LaTeX Info: Redefining \sffamily on input line 101.
LaTeX Info: Redefining \ttfamily on input line 101.
LaTeX Info: Redefining \rmfamily on input line 108.
LaTeX Info: Redefining \sffamily on input line 108.
LaTeX Info: Redefining \ttfamily on input line 108.
LaTeX Info: Redefining \rmfamily on input line 108.
LaTeX Info: Redefining \sffamily on input line 108.
LaTeX Info: Redefining \ttfamily on input line 108.
LaTeX Info: Redefining \rmfamily on input line 113.
LaTeX Info: Redefining \sffamily on input line 113.
LaTeX Info: Redefining \ttfamily on input line 113.
LaTeX Info: Redefining \rmfamily on input line 114.
LaTeX Info: Redefining \sffamily on input line 114.
LaTeX Info: Redefining \ttfamily on input line 114.
LaTeX Info: Redefining \rmfamily on input line 121.
LaTeX Info: Redefining \sffamily on input line 121.
LaTeX Info: Redefining \ttfamily on input line 121.
LaTeX Info: Redefining \rmfamily on input line 128.
LaTeX Info: Redefining \sffamily on input line 128.
LaTeX Info: Redefining \ttfamily on input line 128.
LaTeX Info: Redefining \rmfamily on input line 130.
LaTeX Info: Redefining \sffamily on input line 130.
LaTeX Info: Redefining \ttfamily on input line 130.
 [3]
LaTeX Info: Redefining \rmfamily on input line 175.
LaTeX Info: Redefining \sffamily on input line 175.
LaTeX Info: Redefining \ttfamily on input line 175.
LaTeX Info: Redefining \rmfamily on input line 186.
LaTeX Info: Redefining \sffamily on input line 186.
LaTeX Info: Redefining \ttfamily on input line 186.
LaTeX Info: Redefining \rmfamily on input line 186.
LaTeX Info: Redefining \sffamily on input line 186.
LaTeX Info: Redefining \ttfamily on input line 186.
 [4]
LaTeX Info: Redefining \rmfamily on input line 230.
LaTeX Info: Redefining \sffamily on input line 230.
LaTeX Info: Redefining \ttfamily on input line 230.
LaTeX Info: Redefining \rmfamily on input line 230.
LaTeX Info: Redefining \sffamily on input line 230.
LaTeX Info: Redefining \ttfamily on input line 230.
LaTeX Info: Redefining \rmfamily on input line 240.
LaTeX Info: Redefining \sffamily on input line 240.
LaTeX Info: Redefining \ttfamily on input line 240.
LaTeX Info: Redefining \rmfamily on input line 248.
LaTeX Info: Redefining \sffamily on input line 248.
LaTeX Info: Redefining \ttfamily on input line 248.
 [5]
LaTeX Info: Redefining \rmfamily on input line 311.
LaTeX Info: Redefining \sffamily on input line 311.
LaTeX Info: Redefining \ttfamily on input line 311.
LaTeX Info: Redefining \rmfamily on input line 311.
LaTeX Info: Redefining \sffamily on input line 311.
LaTeX Info: Redefining \ttfamily on input line 311.
LaTeX Info: Redefining \rmfamily on input line 321.
LaTeX Info: Redefining \sffamily on input line 321.
LaTeX Info: Redefining \ttfamily on input line 321.
 [6]
Overfull \hbox (23.66003pt too wide) in paragraph at lines 357--363
\TU/DejaVuSerif(1)/m/n/12 κάθε split εξετάζει μόνο τυχαίο υποσύνολο μεταβλητών,
 τα δέντρα του ensemble
 []

LaTeX Info: Redefining \rmfamily on input line 370.
LaTeX Info: Redefining \sffamily on input line 370.
LaTeX Info: Redefining \ttfamily on input line 370.
LaTeX Info: Redefining \rmfamily on input line 377.
LaTeX Info: Redefining \sffamily on input line 377.
LaTeX Info: Redefining \ttfamily on input line 377.
LaTeX Info: Redefining \rmfamily on input line 380.
LaTeX Info: Redefining \sffamily on input line 380.
LaTeX Info: Redefining \ttfamily on input line 380.
[7]
LaTeX Info: Redefining \rmfamily on input line 429.
LaTeX Info: Redefining \sffamily on input line 429.
LaTeX Info: Redefining \ttfamily on input line 429.
File: q5_tree_depth_error.png Graphic file (type bmp)
<q5_tree_depth_error.png>
 [8]
LaTeX Info: Redefining \rmfamily on input line 471.
LaTeX Info: Redefining \sffamily on input line 471.
LaTeX Info: Redefining \ttfamily on input line 471.
LaTeX Info: Redefining \rmfamily on input line 472.
LaTeX Info: Redefining \sffamily on input line 472.
LaTeX Info: Redefining \ttfamily on input line 472.
LaTeX Info: Redefining \rmfamily on input line 476.
LaTeX Info: Redefining \sffamily on input line 476.
LaTeX Info: Redefining \ttfamily on input line 476.
LaTeX Info: Redefining \rmfamily on input line 494.
LaTeX Info: Redefining \sffamily on input line 494.
LaTeX Info: Redefining \ttfamily on input line 494.
 [9]
LaTeX Info: Redefining \rmfamily on input line 506.
LaTeX Info: Redefining \sffamily on input line 506.
LaTeX Info: Redefining \ttfamily on input line 506.
LaTeX Info: Redefining \rmfamily on input line 508.
LaTeX Info: Redefining \sffamily on input line 508.
LaTeX Info: Redefining \ttfamily on input line 508.
LaTeX Info: Redefining \rmfamily on input line 514.
LaTeX Info: Redefining \sffamily on input line 514.
LaTeX Info: Redefining \ttfamily on input line 514.
LaTeX Info: Redefining \rmfamily on input line 514.
LaTeX Info: Redefining \sffamily on input line 514.
LaTeX Info: Redefining \ttfamily on input line 514.
File: q6_ensemble_n_estimators_error.png Graphic file (type bmp)
<q6_ensemble_n_estimators_error.png>
 [10]
LaTeX Info: Redefining \rmfamily on input line 563.
LaTeX Info: Redefining \sffamily on input line 563.
LaTeX Info: Redefining \ttfamily on input line 563.

Overfull \hbox (57.80305pt too wide) in paragraph at lines 559--564
\TU/DejaVuSerif(1)/m/n/12 0.034. Το χαμηλότερο test error που παρατηρήθηκε ήταν
 0.0327 για []\TU/DejaVuSansMono(0)/m/n/12 n_estimators=40[]\TU/DejaVuSerif(1)/
m/n/12 . 
 []

LaTeX Info: Redefining \rmfamily on input line 572.
LaTeX Info: Redefining \sffamily on input line 572.
LaTeX Info: Redefining \ttfamily on input line 572.

Overfull \hbox (68.12141pt too wide) in paragraph at lines 571--574
[]\TU/DejaVuSerif(1)/m/n/12 Το Random Forest φτάνει πολύ γρήγορα σε χαμηλό test
 error. Ήδη για []\TU/DejaVuSansMono(0)/m/n/12 n_estimators=10
 []

LaTeX Info: Redefining \rmfamily on input line 577.
LaTeX Info: Redefining \sffamily on input line 577.
LaTeX Info: Redefining \ttfamily on input line 577.
LaTeX Info: Redefining \rmfamily on input line 577.
LaTeX Info: Redefining \sffamily on input line 577.
LaTeX Info: Redefining \ttfamily on input line 577.
LaTeX Info: Redefining \rmfamily on input line 577.
LaTeX Info: Redefining \sffamily on input line 577.
LaTeX Info: Redefining \ttfamily on input line 577.
LaTeX Info: Redefining \rmfamily on input line 585.
LaTeX Info: Redefining \sffamily on input line 585.
LaTeX Info: Redefining \ttfamily on input line 585.
[11]
LaTeX Info: Redefining \rmfamily on input line 596.
LaTeX Info: Redefining \sffamily on input line 596.
LaTeX Info: Redefining \ttfamily on input line 596.
LaTeX Info: Redefining \rmfamily on input line 603.
LaTeX Info: Redefining \sffamily on input line 603.
LaTeX Info: Redefining \ttfamily on input line 603.
LaTeX Info: Redefining \rmfamily on input line 605.
LaTeX Info: Redefining \sffamily on input line 605.
LaTeX Info: Redefining \ttfamily on input line 605.

Overfull \hbox (33.60797pt too wide) in paragraph at lines 625--630
\TU/DejaVuSerif(1)/m/n/12 κάθε συνδυασμό υπερπαραμέτρων υπολογίστηκε η μέση ακρ
ίβεια cross-validation.
 []

LaTeX Info: Redefining \rmfamily on input line 634.
LaTeX Info: Redefining \sffamily on input line 634.
LaTeX Info: Redefining \ttfamily on input line 634.
LaTeX Info: Redefining \rmfamily on input line 636.
LaTeX Info: Redefining \sffamily on input line 636.
LaTeX Info: Redefining \ttfamily on input line 636.
[12]
LaTeX Info: Redefining \rmfamily on input line 652.
LaTeX Info: Redefining \sffamily on input line 652.
LaTeX Info: Redefining \ttfamily on input line 652.
LaTeX Info: Redefining \rmfamily on input line 653.
LaTeX Info: Redefining \sffamily on input line 653.
LaTeX Info: Redefining \ttfamily on input line 653.
LaTeX Info: Redefining \rmfamily on input line 654.
LaTeX Info: Redefining \sffamily on input line 654.
LaTeX Info: Redefining \ttfamily on input line 654.
LaTeX Info: Redefining \rmfamily on input line 657.
LaTeX Info: Redefining \sffamily on input line 657.
LaTeX Info: Redefining \ttfamily on input line 657.
LaTeX Info: Redefining \rmfamily on input line 658.
LaTeX Info: Redefining \sffamily on input line 658.
LaTeX Info: Redefining \ttfamily on input line 658.
LaTeX Info: Redefining \rmfamily on input line 659.
LaTeX Info: Redefining \sffamily on input line 659.
LaTeX Info: Redefining \ttfamily on input line 659.
LaTeX Info: Redefining \rmfamily on input line 660.
LaTeX Info: Redefining \sffamily on input line 660.
LaTeX Info: Redefining \ttfamily on input line 660.

Underfull \hbox (badness 6493) in paragraph at lines 657--661
[]|[]\TU/DejaVuSansMono(0)/m/n/10.95 n_estimators[]\TU/DejaVuSerif(0)/m/n/10.95
 : 50, 100, 200; []\TU/DejaVuSansMono(0)/m/n/10.95 max_samples[]\TU/DejaVuSerif
(0)/m/n/10.95 : 0.7,
 []

LaTeX Info: Redefining \rmfamily on input line 663.
LaTeX Info: Redefining \sffamily on input line 663.
LaTeX Info: Redefining \ttfamily on input line 663.
LaTeX Info: Redefining \rmfamily on input line 664.
LaTeX Info: Redefining \sffamily on input line 664.
LaTeX Info: Redefining \ttfamily on input line 664.
LaTeX Info: Redefining \rmfamily on input line 665.
LaTeX Info: Redefining \sffamily on input line 665.
LaTeX Info: Redefining \ttfamily on input line 665.
LaTeX Info: Redefining \rmfamily on input line 666.
LaTeX Info: Redefining \sffamily on input line 666.
LaTeX Info: Redefining \ttfamily on input line 666.
LaTeX Info: Redefining \rmfamily on input line 669.
LaTeX Info: Redefining \sffamily on input line 669.
LaTeX Info: Redefining \ttfamily on input line 669.
LaTeX Info: Redefining \rmfamily on input line 670.
LaTeX Info: Redefining \sffamily on input line 670.
LaTeX Info: Redefining \ttfamily on input line 670.
LaTeX Info: Redefining \rmfamily on input line 671.
LaTeX Info: Redefining \sffamily on input line 671.
LaTeX Info: Redefining \ttfamily on input line 671.
LaTeX Info: Redefining \rmfamily on input line 672.
LaTeX Info: Redefining \sffamily on input line 672.
LaTeX Info: Redefining \ttfamily on input line 672.
LaTeX Info: Redefining \rmfamily on input line 688.
LaTeX Info: Redefining \sffamily on input line 688.
LaTeX Info: Redefining \ttfamily on input line 688.
LaTeX Info: Redefining \rmfamily on input line 688.
LaTeX Info: Redefining \sffamily on input line 688.
LaTeX Info: Redefining \ttfamily on input line 688.
LaTeX Info: Redefining \rmfamily on input line 688.
LaTeX Info: Redefining \sffamily on input line 688.
LaTeX Info: Redefining \ttfamily on input line 688.

Underfull \hbox (badness 10000) in paragraph at lines 688--688
[]|[]\TU/DejaVuSansMono(0)/m/n/10.95 criterion=gini[]\TU/DejaVuSerif(0)/m/n/10.
95 , []\TU/DejaVuSansMono(0)/m/n/10.95 max_depth=6[]\TU/DejaVuSerif(0)/m/n/10.9
5 ,
 []

LaTeX Info: Redefining \rmfamily on input line 692.
LaTeX Info: Redefining \sffamily on input line 692.
LaTeX Info: Redefining \ttfamily on input line 692.
LaTeX Info: Redefining \rmfamily on input line 692.
LaTeX Info: Redefining \sffamily on input line 692.
LaTeX Info: Redefining \ttfamily on input line 692.
LaTeX Info: Redefining \rmfamily on input line 692.
LaTeX Info: Redefining \sffamily on input line 692.
LaTeX Info: Redefining \ttfamily on input line 692.
LaTeX Info: Redefining \rmfamily on input line 692.
LaTeX Info: Redefining \sffamily on input line 692.
LaTeX Info: Redefining \ttfamily on input line 692.

Underfull \hbox (badness 10000) in paragraph at lines 692--692
[]|[]\TU/DejaVuSansMono(0)/m/n/10.95 estimator__max_depth=6[]\TU/DejaVuSerif(0)
/m/n/10.95 ,
 []


Underfull \hbox (badness 10000) in paragraph at lines 692--692
[]\TU/DejaVuSansMono(0)/m/n/10.95 max_features=0.7[]\TU/DejaVuSerif(0)/m/n/10.9
5 , []\TU/DejaVuSansMono(0)/m/n/10.95 max_samples=1.0[]\TU/DejaVuSerif(0)/m/n/1
0.95 ,
 []


Underfull \hbox (badness 10000) in paragraph at lines 695--695
[]|\TU/DejaVuSerif(0)/m/n/10.95 Random
 []

LaTeX Info: Redefining \rmfamily on input line 696.
LaTeX Info: Redefining \sffamily on input line 696.
LaTeX Info: Redefining \ttfamily on input line 696.
LaTeX Info: Redefining \rmfamily on input line 696.
LaTeX Info: Redefining \sffamily on input line 696.
LaTeX Info: Redefining \ttfamily on input line 696.
LaTeX Info: Redefining \rmfamily on input line 696.
LaTeX Info: Redefining \sffamily on input line 696.
LaTeX Info: Redefining \ttfamily on input line 696.
LaTeX Info: Redefining \rmfamily on input line 696.
LaTeX Info: Redefining \sffamily on input line 696.
LaTeX Info: Redefining \ttfamily on input line 696.

Underfull \hbox (badness 10000) in paragraph at lines 696--696
[]|[]\TU/DejaVuSansMono(0)/m/n/10.95 max_depth=10[]\TU/DejaVuSerif(0)/m/n/10.95
 , []\TU/DejaVuSansMono(0)/m/n/10.95 max_features=3[]\TU/DejaVuSerif(0)/m/n/10.
95 ,
 []


Underfull \hbox (badness 10000) in paragraph at lines 696--696
[]\TU/DejaVuSansMono(0)/m/n/10.95 min_samples_leaf=1[]\TU/DejaVuSerif(0)/m/n/10
.95 ,
 []

LaTeX Info: Redefining \rmfamily on input line 700.
LaTeX Info: Redefining \sffamily on input line 700.
LaTeX Info: Redefining \ttfamily on input line 700.
LaTeX Info: Redefining \rmfamily on input line 700.
LaTeX Info: Redefining \sffamily on input line 700.
LaTeX Info: Redefining \ttfamily on input line 700.
LaTeX Info: Redefining \rmfamily on input line 700.
LaTeX Info: Redefining \sffamily on input line 700.
LaTeX Info: Redefining \ttfamily on input line 700.
LaTeX Info: Redefining \rmfamily on input line 700.
LaTeX Info: Redefining \sffamily on input line 700.
LaTeX Info: Redefining \ttfamily on input line 700.

Underfull \hbox (badness 10000) in paragraph at lines 700--700
[]|[]\TU/DejaVuSansMono(0)/m/n/10.95 learning_rate=0.1[]\TU/DejaVuSerif(0)/m/n/
10.95 , []\TU/DejaVuSansMono(0)/m/n/10.95 max_depth=2[]\TU/DejaVuSerif(0)/m/n/1
0.95 ,
 []

[13]
LaTeX Info: Redefining \rmfamily on input line 751.
LaTeX Info: Redefining \sffamily on input line 751.
LaTeX Info: Redefining \ttfamily on input line 751.
LaTeX Info: Redefining \rmfamily on input line 752.
LaTeX Info: Redefining \sffamily on input line 752.
LaTeX Info: Redefining \ttfamily on input line 752.

Overfull \hbox (3.44977pt too wide) in paragraph at lines 756--759
\TU/DejaVuSerif(1)/m/n/12 Αυτό δείχνει ότι το αρχικό δέντρο ήταν υπερβολικά απλ
ό και δεν αξιοποιούσε
 []

[14]
LaTeX Info: Redefining \rmfamily on input line 840.
LaTeX Info: Redefining \sffamily on input line 840.
LaTeX Info: Redefining \ttfamily on input line 840.
 [15]
LaTeX Info: Redefining \rmfamily on input line 857.
LaTeX Info: Redefining \sffamily on input line 857.
LaTeX Info: Redefining \ttfamily on input line 857.
LaTeX Info: Redefining \rmfamily on input line 858.
LaTeX Info: Redefining \sffamily on input line 858.
LaTeX Info: Redefining \ttfamily on input line 858.
LaTeX Info: Redefining \rmfamily on input line 859.
LaTeX Info: Redefining \sffamily on input line 859.
LaTeX Info: Redefining \ttfamily on input line 859.
LaTeX Info: Redefining \rmfamily on input line 860.
LaTeX Info: Redefining \sffamily on input line 860.
LaTeX Info: Redefining \ttfamily on input line 860.
LaTeX Info: Redefining \rmfamily on input line 861.
LaTeX Info: Redefining \sffamily on input line 861.
LaTeX Info: Redefining \ttfamily on input line 861.
LaTeX Info: Redefining \rmfamily on input line 862.
LaTeX Info: Redefining \sffamily on input line 862.
LaTeX Info: Redefining \ttfamily on input line 862.
LaTeX Info: Redefining \rmfamily on input line 863.
LaTeX Info: Redefining \sffamily on input line 863.
LaTeX Info: Redefining \ttfamily on input line 863.
LaTeX Info: Redefining \rmfamily on input line 869.
LaTeX Info: Redefining \sffamily on input line 869.
LaTeX Info: Redefining \ttfamily on input line 869.
LaTeX Info: Redefining \rmfamily on input line 870.
LaTeX Info: Redefining \sffamily on input line 870.
LaTeX Info: Redefining \ttfamily on input line 870.
LaTeX Info: Redefining \rmfamily on input line 871.
LaTeX Info: Redefining \sffamily on input line 871.
LaTeX Info: Redefining \ttfamily on input line 871.
LaTeX Info: Redefining \rmfamily on input line 872.
LaTeX Info: Redefining \sffamily on input line 872.
LaTeX Info: Redefining \ttfamily on input line 872.
 [16] (./report_4th_assignment.aux)
 ***********
LaTeX2e <2023-11-01> patch level 1
L3 programming layer <2024-01-22>
 ***********
Package rerunfilecheck Info: File `report_4th_assignment.out' has not changed.
(rerunfilecheck)             Checksum: 792EF5633E2FCCE4A3167036FD82CA3A;7982.
 ) 
Here is how much of TeX's memory you used:
 16842 strings out of 476846
 334334 string characters out of 5803824
 1934627 words of memory out of 5000000
 38498 multiletter control sequences out of 15000+600000
 570919 words of font info for 134 fonts, out of 8000000 for 9000
 14 hyphenation exceptions out of 8191
 79i,12n,117p,577b,606s stack positions out of 10000i,1000n,20000p,200000b,200000s

Output written on report_4th_assignment.pdf (16 pages).
