\BOOKMARK [1][-]{section.1}{\376\377\003\225\003\301\003\316\003\304\003\267\003\274\003\261\000\040\0001\000:\000\040\003\224\003\265\003\271\003\263\003\274\003\261\003\304\003\277\003\273\003\267\003\310\003\257\003\261\000\040\003\272\003\261\003\271\000\040\003\232\003\261\003\270\003\261\003\301\003\271\003\303\003\274\003\314\003\302\000\040\003\224\003\265\003\264\003\277\003\274\003\255\003\275\003\311\003\275}{}% 1
\BOOKMARK [2][-]{subsection.1.1}{\376\377\003\225\003\271\003\303\003\261\003\263\003\311\003\263\003\256}{section.1}% 2
\BOOKMARK [3][-]{subsubsection.1.1.1}{\376\377\003\243\003\272\003\277\003\300\003\314\003\302\000\040\003\304\003\267\003\302\000\040\003\225\003\301\003\263\003\261\003\303\003\257\003\261\003\302}{subsection.1.1}% 3
\BOOKMARK [3][-]{subsubsection.1.1.2}{\376\377\003\244\003\271\000\040\003\265\003\257\003\275\003\261\003\271\000\040\003\277\000\040\003\232\003\261\003\270\003\261\003\301\003\271\003\303\003\274\003\314\003\302\000\040\003\224\003\265\003\264\003\277\003\274\003\255\003\275\003\311\003\275\000;}{subsection.1.1}% 4
\BOOKMARK [2][-]{subsection.1.2}{\376\377\003\240\003\265\003\301\003\271\003\263\003\301\003\261\003\306\003\256\000\040\003\224\003\265\003\264\003\277\003\274\003\255\003\275\003\311\003\275}{section.1}% 5
\BOOKMARK [3][-]{subsubsection.1.2.1}{\376\377\003\234\003\265\003\304\003\261\003\262\003\273\003\267\003\304\003\255\003\302}{subsection.1.2}% 6
\BOOKMARK [2][-]{subsection.1.3}{\376\377\003\224\003\265\003\271\003\263\003\274\003\261\003\304\003\277\003\273\003\267\003\310\003\257\003\261}{section.1}% 7
\BOOKMARK [3][-]{subsubsection.1.3.1}{\376\377\003\244\003\271\000\040\003\265\003\257\003\275\003\261\003\271\000\040\003\304\003\277\000\040\000S\000e\000e\000d\000\040\003\272\003\261\003\271\000\040\003\263\003\271\003\261\003\304\003\257\000\040\003\304\003\277\000\040\003\307\003\301\003\267\003\303\003\271\003\274\003\277\003\300\003\277\003\271\003\277\003\315\003\274\003\265\000;}{subsection.1.3}% 8
\BOOKMARK [3][-]{subsubsection.1.3.2}{\376\377\003\225\003\306\003\261\003\301\003\274\003\277\003\263\003\256\000\040\003\224\003\265\003\271\003\263\003\274\003\261\003\304\003\277\003\273\003\267\003\310\003\257\003\261\003\302}{subsection.1.3}% 9
\BOOKMARK [2][-]{subsection.1.4}{\376\377\003\225\003\275\003\304\003\277\003\300\003\271\003\303\003\274\003\314\003\302\000\040\003\240\003\301\003\277\003\262\003\273\003\267\003\274\003\254\003\304\003\311\003\275}{section.1}% 10
\BOOKMARK [3][-]{subsubsection.1.4.1}{\376\377\003\244\003\305\003\300\003\277\003\263\003\301\003\261\003\306\003\271\003\272\003\254\000\040\003\233\003\254\003\270\003\267\000\040\000\050\000w\000i\000n\000e\000\137\000t\000y\000p\000e\000\051}{subsection.1.4}% 11
\BOOKMARK [3][-]{subsubsection.1.4.2}{\376\377\003\234\003\267\000\040\003\221\003\301\003\271\003\270\003\274\003\267\003\304\003\271\003\272\003\255\003\302\000\040\003\244\003\271\003\274\003\255\003\302}{subsection.1.4}% 12
\BOOKMARK [3][-]{subsubsection.1.4.3}{\376\377\003\221\003\264\003\315\003\275\003\261\003\304\003\265\003\302\000\040\003\244\003\271\003\274\003\255\003\302}{subsection.1.4}% 13
\BOOKMARK [3][-]{subsubsection.1.4.4}{\376\377\003\224\003\271\003\300\003\273\003\277\003\265\003\263\003\263\003\301\003\261\003\306\003\255\003\302}{subsection.1.4}% 14
\BOOKMARK [3][-]{subsubsection.1.4.5}{\376\377\003\225\003\273\003\273\003\265\003\257\003\300\003\277\003\305\003\303\003\265\003\302\000\040\003\244\003\271\003\274\003\255\003\302\000\040\000\050\000M\000i\000s\000s\000i\000n\000g\000\040\000V\000a\000l\000u\000e\000s\000\051}{subsection.1.4}% 15
\BOOKMARK [2][-]{subsection.1.5}{\376\377\003\221\003\275\003\304\003\271\003\274\003\265\003\304\003\316\003\300\003\271\003\303\003\267\000\040\003\240\003\301\003\277\003\262\003\273\003\267\003\274\003\254\003\304\003\311\003\275}{section.1}% 16
\BOOKMARK [3][-]{subsubsection.1.5.1}{\376\377\003\243\003\304\003\301\003\261\003\304\003\267\003\263\003\271\003\272\003\256\000\040\003\221\003\275\003\304\003\271\003\274\003\265\003\304\003\316\003\300\003\271\003\303\003\267\003\302}{subsection.1.5}% 17
\BOOKMARK [3][-]{subsubsection.1.5.2}{\376\377\003\224\003\271\003\314\003\301\003\270\003\311\003\303\003\267\000\040\003\244\003\305\003\300\003\277\003\263\003\301\003\261\003\306\003\271\003\272\003\316\003\275\000\040\003\233\003\261\003\270\003\316\003\275}{subsection.1.5}% 18
\BOOKMARK [3][-]{subsubsection.1.5.3}{\376\377\003\223\003\271\003\261\003\304\003\257\000\040\003\224\003\271\003\254\003\274\003\265\003\303\003\277\003\302\000\040\000\050\000M\000e\000d\000i\000a\000n\000\051\000\040\003\272\003\261\003\271\000\040\003\314\003\307\003\271\000\040\003\234\003\255\003\303\003\277\003\302\000\040\003\214\003\301\003\277\003\302\000;}{subsection.1.5}% 19
\BOOKMARK [3][-]{subsubsection.1.5.4}{\376\377\003\223\003\271\003\261\003\304\003\257\000\040\003\261\003\275\003\254\000\040\003\244\003\315\003\300\003\277\000\040\003\232\003\301\003\261\003\303\003\271\003\277\003\315\000;}{subsection.1.5}% 20
\BOOKMARK [2][-]{subsection.1.6}{\376\377\003\221\003\300\003\277\003\304\003\265\003\273\003\255\003\303\003\274\003\261\003\304\003\261}{section.1}% 21
\BOOKMARK [3][-]{subsubsection.1.6.1}{\376\377\003\243\003\305\003\275\003\277\003\300\003\304\003\271\003\272\003\314\003\302\000\040\003\240\003\257\003\275\003\261\003\272\003\261\003\302\000\040\003\240\003\301\003\277\003\262\003\273\003\267\003\274\003\254\003\304\003\311\003\275}{subsection.1.6}% 22
\BOOKMARK [3][-]{subsubsection.1.6.2}{\376\377\003\225\003\276\003\255\003\273\003\271\003\276\003\267\000\040\003\234\003\265\003\263\003\255\003\270\003\277\003\305\003\302\000\040\000D\000a\000t\000a\000s\000e\000t}{subsection.1.6}% 23
\BOOKMARK [3][-]{subsubsection.1.6.3}{\376\377\003\232\003\261\003\304\003\261\003\275\003\277\003\274\003\256\000\040\003\244\003\265\003\273\003\271\003\272\003\277\003\315\000\040\000D\000a\000t\000a\000s\000e\000t}{subsection.1.6}% 24
\BOOKMARK [2][-]{subsection.1.7}{\376\377\003\243\003\305\003\274\003\300\003\265\003\301\003\254\003\303\003\274\003\261\003\304\003\261}{section.1}% 25
\BOOKMARK [1][-]{section.2}{\376\377\003\225\003\301\003\316\003\304\003\267\003\274\003\261\000\040\0002\000:\000\040\003\223\003\301\003\261\003\306\003\256\003\274\003\261\003\304\003\261\000\040\000B\000o\000x\000p\000l\000o\000t}{}% 26
\BOOKMARK [2][-]{subsection.2.1}{\376\377\003\244\003\271\000\040\003\265\003\257\003\275\003\261\003\271\000\040\003\304\003\277\000\040\000B\000o\000x\000p\000l\000o\000t\000;}{section.2}% 27
\BOOKMARK [2][-]{subsection.2.2}{\376\377\003\244\003\261\000\040\003\243\003\304\003\277\003\271\003\307\003\265\003\257\003\261\000\040\003\304\003\277\003\305\000\040\000B\000o\000x\000p\000l\000o\000t}{section.2}% 28
\BOOKMARK [2][-]{subsection.2.3}{\376\377\003\240\003\316\003\302\000\040\003\224\003\271\003\261\003\262\003\254\003\266\003\277\003\305\003\274\003\265\000\040\003\255\003\275\003\261\000\040\000B\000o\000x\000p\000l\000o\000t\000;}{section.2}% 29
\BOOKMARK [2][-]{subsection.2.4}{\376\377\003\234\003\261\003\270\003\267\003\274\003\261\003\304\003\271\003\272\003\314\003\302\000\040\003\244\003\315\003\300\003\277\003\302\000\040\000I\000Q\000R}{section.2}% 30
\BOOKMARK [2][-]{subsection.2.5}{\376\377\003\232\003\261\003\304\003\261\003\303\003\272\003\265\003\305\003\256\000\040\000B\000o\000x\000p\000l\000o\000t\000s\000\040\003\303\003\304\003\267\003\275\000\040\000P\000y\000t\000h\000o\000n}{section.2}% 31
\BOOKMARK [2][-]{subsection.2.6}{\376\377\000B\000o\000x\000p\000l\000o\000t\000s\000\040\003\263\003\271\003\261\000\040\003\304\003\277\000\040\003\243\003\315\003\275\003\277\003\273\003\277\000\040\003\304\003\311\003\275\000\040\003\224\003\265\003\264\003\277\003\274\003\255\003\275\003\311\003\275}{section.2}% 32
\BOOKMARK [2][-]{subsection.2.7}{\376\377\003\232\003\261\003\304\003\261\003\275\003\277\003\274\003\256\000\040\000Q\000u\000a\000l\000i\000t\000y\000\040\000\050\003\224\003\271\003\261\003\272\003\301\003\271\003\304\003\256\000\040\003\234\003\265\003\304\003\261\003\262\003\273\003\267\003\304\003\256\000\051}{section.2}% 33
\BOOKMARK [2][-]{subsection.2.8}{\376\377\000B\000o\000x\000p\000l\000o\000t\000s\000\040\003\261\003\275\003\254\000\040\003\244\003\315\003\300\003\277\000\040\003\232\003\301\003\261\003\303\003\271\003\277\003\315}{section.2}% 34
\BOOKMARK [2][-]{subsection.2.9}{\376\377\003\243\003\305\003\274\003\300\003\265\003\301\003\254\003\303\003\274\003\261\003\304\003\261\000\040\003\225\003\301\003\311\003\304\003\256\003\274\003\261\003\304\003\277\003\302\000\040\0002}{section.2}% 35
\BOOKMARK [1][-]{section.3}{\376\377\003\225\003\301\003\316\003\304\003\267\003\274\003\261\000\040\0003\000:\000\040\003\225\003\275\003\304\003\277\003\300\003\271\003\303\003\274\003\314\003\302\000\040\003\272\003\261\003\271\000\040\003\234\003\265\003\304\003\261\003\303\003\307\003\267\003\274\003\261\003\304\003\271\003\303\003\274\003\314\003\302\000\040\003\221\003\272\003\301\003\261\003\257\003\311\003\275\000\040\003\244\003\271\003\274\003\316\003\275}{}% 36
\BOOKMARK [2][-]{subsection.3.1}{\376\377\003\244\003\271\000\040\003\265\003\257\003\275\003\261\003\271\000\040\003\277\003\271\000\040\003\221\003\272\003\301\003\261\003\257\003\265\003\302\000\040\003\244\003\271\003\274\003\255\003\302\000\040\000\050\000O\000u\000t\000l\000i\000e\000r\000s\000\051\000;}{section.3}% 37
\BOOKMARK [2][-]{subsection.3.2}{\376\377\003\234\003\255\003\270\003\277\003\264\003\277\003\302\000\040\000I\000Q\000R\000\040\000\050\000I\000n\000t\000e\000r\000q\000u\000a\000r\000t\000i\000l\000e\000\040\000R\000a\000n\000g\000e\000\051}{section.3}% 38
\BOOKMARK [3][-]{subsubsection.3.2.1}{\376\377\003\240\003\316\003\302\000\040\003\273\003\265\003\271\003\304\003\277\003\305\003\301\003\263\003\265\003\257\000\040\003\267\000\040\003\274\003\255\003\270\003\277\003\264\003\277\003\302\000\040\000I\000Q\000R}{subsection.3.2}% 39
\BOOKMARK [3][-]{subsubsection.3.2.2}{\376\377\003\240\003\261\003\301\003\254\003\264\003\265\003\271\003\263\003\274\003\261}{subsection.3.2}% 40
\BOOKMARK [3][-]{subsubsection.3.2.3}{\376\377\003\240\003\273\003\265\003\277\003\275\003\265\003\272\003\304\003\256\003\274\003\261\003\304\003\261\000\040\003\274\003\265\003\270\003\314\003\264\003\277\003\305\000\040\000I\000Q\000R}{subsection.3.2}% 41
\BOOKMARK [3][-]{subsubsection.3.2.4}{\376\377\003\232\003\316\003\264\003\271\003\272\003\261\003\302\000\040\000I\000Q\000R\000\040\003\303\003\304\003\267\003\275\000\040\000P\000y\000t\000h\000o\000n}{subsection.3.2}% 42
\BOOKMARK [3][-]{subsubsection.3.2.5}{\376\377\003\221\003\300\003\277\003\304\003\265\003\273\003\255\003\303\003\274\003\261\003\304\003\261\000\040\003\274\003\265\003\270\003\314\003\264\003\277\003\305\000\040\000I\000Q\000R}{subsection.3.2}% 43
\BOOKMARK [2][-]{subsection.3.3}{\376\377\003\234\003\255\003\270\003\277\003\264\003\277\003\302\000\040\000Z\000-\000S\000c\000o\000r\000e}{section.3}% 44
\BOOKMARK [3][-]{subsubsection.3.3.1}{\376\377\003\240\003\316\003\302\000\040\003\273\003\265\003\271\003\304\003\277\003\305\003\301\003\263\003\265\003\257\000\040\003\267\000\040\003\274\003\255\003\270\003\277\003\264\003\277\003\302\000\040\000Z\000-\000S\000c\000o\000r\000e}{subsection.3.3}% 45
\BOOKMARK [3][-]{subsubsection.3.3.2}{\376\377\003\240\003\261\003\301\003\254\003\264\003\265\003\271\003\263\003\274\003\261}{subsection.3.3}% 46
\BOOKMARK [3][-]{subsubsection.3.3.3}{\376\377\003\240\003\273\003\265\003\277\003\275\003\265\003\272\003\304\003\256\003\274\003\261\003\304\003\261\000\040\003\272\003\261\003\271\000\040\003\274\003\265\003\271\003\277\003\275\003\265\003\272\003\304\003\256\003\274\003\261\003\304\003\261\000\040\003\274\003\265\003\270\003\314\003\264\003\277\003\305\000\040\000Z\000-\000S\000c\000o\000r\000e}{subsection.3.3}% 47
\BOOKMARK [3][-]{subsubsection.3.3.4}{\376\377\003\232\003\316\003\264\003\271\003\272\003\261\003\302\000\040\000Z\000-\000S\000c\000o\000r\000e\000\040\003\303\003\304\003\267\003\275\000\040\000P\000y\000t\000h\000o\000n}{subsection.3.3}% 48
\BOOKMARK [3][-]{subsubsection.3.3.5}{\376\377\003\221\003\300\003\277\003\304\003\265\003\273\003\255\003\303\003\274\003\261\003\304\003\261\000\040\003\274\003\265\003\270\003\314\003\264\003\277\003\305\000\040\000Z\000-\000S\000c\000o\000r\000e\000\040\000\050\000|\000z\000|\000\040\000>\000\040\0003\000.\0005\000\051}{subsection.3.3}% 49
\BOOKMARK [2][-]{subsection.3.4}{\376\377\003\243\003\315\003\263\003\272\003\301\003\271\003\303\003\267\000\040\003\234\003\265\003\270\003\314\003\264\003\311\003\275\000\040\000I\000Q\000R\000\040\000v\000s\000\040\000Z\000-\000S\000c\000o\000r\000e}{section.3}% 50
\BOOKMARK [2][-]{subsection.3.5}{\376\377\000C\000l\000a\000m\000p\000\040\000T\000r\000a\000n\000s\000f\000o\000r\000m\000a\000t\000i\000o\000n\000\040\000\050\003\234\003\265\003\304\003\261\003\303\003\307\003\267\003\274\003\261\003\304\003\271\003\303\003\274\003\314\003\302\000\040\003\221\003\300\003\277\003\272\003\277\003\300\003\256\003\302\000\051}{section.3}% 51
\BOOKMARK [3][-]{subsubsection.3.5.1}{\376\377\003\244\003\271\000\040\003\265\003\257\003\275\003\261\003\271\000\040\003\304\003\277\000\040\000C\000l\000a\000m\000p\000\040\000T\000r\000a\000n\000s\000f\000o\000r\000m\000a\000t\000i\000o\000n\000;}{subsection.3.5}% 52
\BOOKMARK [3][-]{subsubsection.3.5.2}{\376\377\003\223\003\271\003\261\003\304\003\257\000\040\000C\000l\000a\000m\000p\000\040\003\261\003\275\003\304\003\257\000\040\003\263\003\271\003\261\000\040\003\261\003\306\003\261\003\257\003\301\003\265\003\303\003\267\000;}{subsection.3.5}% 53
\BOOKMARK [3][-]{subsubsection.3.5.3}{\376\377\003\225\003\306\003\261\003\301\003\274\003\277\003\263\003\256\000:\000\040\003\232\003\316\003\264\003\271\003\272\003\261\003\302\000\040\000C\000l\000a\000m\000p\000\040\003\303\003\304\003\267\003\275\000\040\000P\000y\000t\000h\000o\000n}{subsection.3.5}% 54
\BOOKMARK [3][-]{subsubsection.3.5.4}{\376\377\003\221\003\300\003\277\003\304\003\265\003\273\003\255\003\303\003\274\003\261\003\304\003\261\000\040\000C\000l\000a\000m\000p\000\040\000T\000r\000a\000n\000s\000f\000o\000r\000m\000a\000t\000i\000o\000n}{subsection.3.5}% 55
\BOOKMARK [2][-]{subsection.3.6}{\376\377\000B\000o\000x\000p\000l\000o\000t\000s\000\040\003\240\003\301\003\271\003\275\000\040\003\272\003\261\003\271\000\040\003\234\003\265\003\304\003\254\000\040\003\304\003\277\003\275\000\040\003\234\003\265\003\304\003\261\003\303\003\307\003\267\003\274\003\261\003\304\003\271\003\303\003\274\003\314}{section.3}% 56
\BOOKMARK [2][-]{subsection.3.7}{\376\377\003\243\003\305\003\274\003\300\003\265\003\301\003\254\003\303\003\274\003\261\003\304\003\261\000\040\003\225\003\301\003\311\003\304\003\256\003\274\003\261\003\304\003\277\003\302\000\040\0003}{section.3}% 57
\BOOKMARK [1][-]{section.4}{\376\377\003\225\003\301\003\316\003\304\003\267\003\274\003\261\000\040\0004\000:\000\040\003\237\003\300\003\304\003\271\003\272\003\256\000\040\003\240\003\261\003\301\003\277\003\305\003\303\003\257\003\261\003\303\003\267\000\040\003\272\003\261\003\271\000\040\003\240\003\265\003\301\003\271\003\263\003\301\003\261\003\306\003\271\003\272\003\254\000\040\003\243\003\304\003\261\003\304\003\271\003\303\003\304\003\271\003\272\003\254}{}% 58
\BOOKMARK [2][-]{subsection.4.1}{\376\377\003\240\003\265\003\301\003\271\003\263\003\301\003\261\003\306\003\271\003\272\003\254\000\040\003\243\003\304\003\261\003\304\003\271\003\303\003\304\003\271\003\272\003\254\000\040\000-\000\040\003\243\003\305\003\275\003\265\003\307\003\265\003\257\003\302\000\040\003\234\003\265\003\304\003\261\003\262\003\273\003\267\003\304\003\255\003\302}{section.4}% 59
\BOOKMARK [2][-]{subsection.4.2}{\376\377\003\240\003\265\003\301\003\271\003\263\003\301\003\261\003\306\003\271\003\272\003\254\000\040\003\243\003\304\003\261\003\304\003\271\003\303\003\304\003\271\003\272\003\254\000\040\000-\000\040\003\232\003\261\003\304\003\267\003\263\003\277\003\301\003\271\003\272\003\255\003\302\000\040\003\234\003\265\003\304\003\261\003\262\003\273\003\267\003\304\003\255\003\302}{section.4}% 60
\BOOKMARK [2][-]{subsection.4.3}{\376\377\000B\000o\000x\000p\000l\000o\000t\000s\000\040\003\244\003\265\003\273\003\271\003\272\003\277\003\315\000\040\000D\000a\000t\000a\000s\000e\000t}{section.4}% 61
\BOOKMARK [2][-]{subsection.4.4}{\376\377\000H\000i\000s\000t\000o\000g\000r\000a\000m\000s\000\040\003\274\003\265\000\040\003\232\003\261\003\304\003\261\003\275\003\277\003\274\003\255\003\302\000\040\003\240\003\305\003\272\003\275\003\314\003\304\003\267\003\304\003\261\003\302}{section.4}% 62
\BOOKMARK [2][-]{subsection.4.5}{\376\377\000C\000o\000r\000r\000e\000l\000a\000t\000i\000o\000n\000\040\000H\000e\000a\000t\000m\000a\000p\000\040\000\050\003\240\003\257\003\275\003\261\003\272\003\261\003\302\000\040\003\243\003\305\003\303\003\307\003\265\003\304\003\257\003\303\003\265\003\311\003\275\000\051}{section.4}% 63
\BOOKMARK [2][-]{subsection.4.6}{\376\377\000S\000c\000a\000t\000t\000e\000r\000\040\000P\000l\000o\000t\000s\000\040\003\231\003\303\003\307\003\305\003\301\003\316\003\275\000\040\003\243\003\305\003\303\003\307\003\265\003\304\003\257\003\303\003\265\003\311\003\275}{section.4}% 64
\BOOKMARK [2][-]{subsection.4.7}{\376\377\000V\000i\000o\000l\000i\000n\000\040\000P\000l\000o\000t\000s}{section.4}% 65
\BOOKMARK [2][-]{subsection.4.8}{\376\377\003\243\003\305\003\275\003\277\003\300\003\304\003\271\003\272\003\314\000\040\000D\000a\000s\000h\000b\000o\000a\000r\000d}{section.4}% 66
\BOOKMARK [2][-]{subsection.4.9}{\376\377\003\243\003\305\003\274\003\300\003\265\003\301\003\254\003\303\003\274\003\261\003\304\003\261\000\040\003\225\003\301\003\311\003\304\003\256\003\274\003\261\003\304\003\277\003\302\000\040\0004}{section.4}% 67
\BOOKMARK [1][-]{appendix.Alph1}{\376\377\003\240\003\273\003\256\003\301\003\267\003\302\000\040\003\232\003\316\003\264\003\271\003\272\003\261\003\302\000\040\000P\000y\000t\000h\000o\000n}{}% 68
\BOOKMARK [2][-]{subsection.Alph1.1}{\376\377\003\232\003\316\003\264\003\271\003\272\003\261\003\302\000\040\003\225\003\301\003\311\003\304\003\256\003\274\003\261\003\304\003\277\003\302\000\040\003\221\000:\000\040\003\224\003\265\003\271\003\263\003\274\003\261\003\304\003\277\003\273\003\267\003\310\003\257\003\261\000\040\003\272\003\261\003\271\000\040\003\232\003\261\003\270\003\261\003\301\003\271\003\303\003\274\003\314\003\302}{appendix.Alph1}% 69
\BOOKMARK [2][-]{subsection.Alph1.2}{\376\377\003\232\003\316\003\264\003\271\003\272\003\261\003\302\000\040\003\225\003\301\003\311\003\304\003\256\003\274\003\261\003\304\003\277\003\302\000\040\003\222\000:\000\040\000B\000o\000x\000p\000l\000o\000t\000s\000\040\003\272\003\261\003\271\000\040\003\232\003\261\003\304\003\261\003\275\003\277\003\274\003\256\000\040\000Q\000u\000a\000l\000i\000t\000y}{appendix.Alph1}% 70
\BOOKMARK [2][-]{subsection.Alph1.3}{\376\377\003\232\003\316\003\264\003\271\003\272\003\261\003\302\000\040\003\225\003\301\003\311\003\304\003\256\003\274\003\261\003\304\003\277\003\302\000\040\003\223\000:\000\040\003\225\003\275\003\304\003\277\003\300\003\271\003\303\003\274\003\314\003\302\000\040\003\221\003\272\003\301\003\261\003\257\003\311\003\275\000\040\003\244\003\271\003\274\003\316\003\275\000\040\003\272\003\261\003\271\000\040\000C\000l\000a\000m\000p\000\040\000T\000r\000a\000n\000s\000f\000o\000r\000m\000a\000t\000i\000o\000n}{appendix.Alph1}% 71
\BOOKMARK [2][-]{subsection.Alph1.4}{\376\377\003\232\003\316\003\264\003\271\003\272\003\261\003\302\000\040\003\225\003\301\003\311\003\304\003\256\003\274\003\261\003\304\003\277\003\302\000\040\003\224\000:\000\040\003\237\003\300\003\304\003\271\003\272\003\256\000\040\003\240\003\261\003\301\003\277\003\305\003\303\003\257\003\261\003\303\003\267\000\040\003\272\003\261\003\271\000\040\003\240\003\265\003\301\003\271\003\263\003\301\003\261\003\306\003\271\003\272\003\254\000\040\003\243\003\304\003\261\003\304\003\271\003\303\003\304\003\271\003\272\003\254}{appendix.Alph1}% 72
