mktextfm Arial
mktextfm Arial
mktextfm Arial
mktextfm Arial/BI
mktextfm Arial
mktextfm Arial/B
mktextfm Arial
mktextfm Arial/I
mktextfm Arial
mktextfm Arial
mktextfm Consolas
mktextfm Consolas
mktextfm Consolas
mktextfm Consolas/BI
mktextfm Consolas
mktextfm Consolas/B
mktextfm Consolas
mktextfm Consolas/I
mktextfm Consolas
mktextfm Consolas
mktextfm Consolas/OT
mktextfm Consolas/OT
mktextfm Consolas/OT
mktextfm Consolas/BI/OT
mktextfm Consolas/OT
mktextfm Consolas/B/OT
mktextfm Consolas/OT
mktextfm Consolas/I/OT
mktextfm Consolas/OT
mktextfm Consolas/OT
mktextfm Consolas/OT
