\BOOKMARK [1][-]{section.1}{\376\377\003\225\003\271\003\303\003\261\003\263\003\311\003\263\003\256}{}% 1
\BOOKMARK [2][-]{subsection.1.1}{\376\377\003\243\003\272\003\277\003\300\003\314\003\302}{section.1}% 2
\BOOKMARK [2][-]{subsection.1.2}{\376\377\003\224\003\265\003\264\003\277\003\274\003\255\003\275\003\261}{section.1}% 3
\BOOKMARK [1][-]{section.2}{\376\377\003\221\003\300\003\273\003\256\000\040\003\223\003\301\003\261\003\274\003\274\003\271\003\272\003\256\000\040\003\240\003\261\003\273\003\271\003\275\003\264\003\301\003\314\003\274\003\267\003\303\003\267\000\040\000\050\003\245\003\300\003\277\003\265\003\301\003\316\003\304\003\267\003\274\003\261\000\040\0001\000\051}{}% 4
\BOOKMARK [2][-]{subsection.2.1}{\376\377\003\234\003\265\003\270\003\277\003\264\003\277\003\273\003\277\003\263\003\257\003\261}{section.2}% 5
\BOOKMARK [2][-]{subsection.2.2}{\376\377\003\221\003\300\003\277\003\304\003\265\003\273\003\255\003\303\003\274\003\261\003\304\003\261}{section.2}% 6
\BOOKMARK [1][-]{section.3}{\376\377\003\240\003\277\003\273\003\273\003\261\003\300\003\273\003\256\000\040\003\223\003\301\003\261\003\274\003\274\003\271\003\272\003\256\000\040\003\240\003\261\003\273\003\271\003\275\003\264\003\301\003\314\003\274\003\267\003\303\003\267\000\040\000\050\003\245\003\300\003\277\003\265\003\301\003\316\003\304\003\267\003\274\003\261\000\040\0002\000\051}{}% 7
\BOOKMARK [2][-]{subsection.3.1}{\376\377\003\234\003\265\003\270\003\277\003\264\003\277\003\273\003\277\003\263\003\257\003\261}{section.3}% 8
\BOOKMARK [2][-]{subsection.3.2}{\376\377\003\221\003\300\003\277\003\304\003\265\003\273\003\255\003\303\003\274\003\261\003\304\003\261}{section.3}% 9
\BOOKMARK [1][-]{section.4}{\376\377\003\240\003\301\003\314\003\303\003\311\000\040\003\225\003\300\003\271\003\273\003\277\003\263\003\256\000\040\003\234\003\265\003\304\003\261\003\262\003\273\003\267\003\304\003\316\003\275\000\040\000\050\003\245\003\300\003\277\003\265\003\301\003\316\003\304\003\267\003\274\003\261\000\040\0003\000\051}{}% 10
\BOOKMARK [2][-]{subsection.4.1}{\376\377\003\234\003\265\003\270\003\277\003\264\003\277\003\273\003\277\003\263\003\257\003\261}{section.4}% 11
\BOOKMARK [2][-]{subsection.4.2}{\376\377\003\221\003\300\003\277\003\304\003\265\003\273\003\255\003\303\003\274\003\261\003\304\003\261}{section.4}% 12
\BOOKMARK [1][-]{section.5}{\376\377\003\240\003\277\003\273\003\305\003\311\003\275\003\305\003\274\003\271\003\272\003\256\000\040\003\240\003\261\003\273\003\271\003\275\003\264\003\301\003\314\003\274\003\267\003\303\003\267\000\040\000\050\003\245\003\300\003\277\003\265\003\301\003\316\003\304\003\267\003\274\003\261\000\040\0004\000\051}{}% 13
\BOOKMARK [2][-]{subsection.5.1}{\376\377\003\234\003\265\003\270\003\277\003\264\003\277\003\273\003\277\003\263\003\257\003\261}{section.5}% 14
\BOOKMARK [2][-]{subsection.5.2}{\376\377\003\221\003\300\003\277\003\304\003\265\003\273\003\255\003\303\003\274\003\261\003\304\003\261}{section.5}% 15
\BOOKMARK [1][-]{section.6}{\376\377\003\232\003\301\003\271\003\304\003\271\003\272\003\256\000\040\003\221\003\276\003\271\003\277\003\273\003\314\003\263\003\267\003\303\003\267\000\040\003\234\003\277\003\275\003\304\003\255\003\273\003\277\003\305\000\040\000\050\003\245\003\300\003\277\003\265\003\301\003\316\003\304\003\267\003\274\003\261\000\040\0005\000\051}{}% 16
\BOOKMARK [2][-]{subsection.6.1}{\376\377\003\224\003\271\003\261\003\263\003\275\003\311\003\303\003\304\003\271\003\272\003\277\003\257\000\040\003\255\003\273\003\265\003\263\003\307\003\277\003\271}{section.6}% 17
\BOOKMARK [2][-]{subsection.6.2}{\376\377\003\240\003\277\003\273\003\305\003\303\003\305\003\263\003\263\003\301\003\261\003\274\003\274\003\271\003\272\003\314\003\304\003\267\003\304\003\261\000\040\000\050\000V\000I\000F\000\051}{section.6}% 18
\BOOKMARK [2][-]{subsection.6.3}{\376\377\003\225\003\275\003\304\003\277\003\300\003\271\003\303\003\274\003\255\003\275\003\261\000\040\003\300\003\301\003\277\003\262\003\273\003\256\003\274\003\261\003\304\003\261}{section.6}% 19
\BOOKMARK [2][-]{subsection.6.4}{\376\377\003\225\003\275\003\261\003\273\003\273\003\261\003\272\003\304\003\271\003\272\003\255\003\302\000\040\003\300\003\301\003\277\003\303\003\265\003\263\003\263\003\257\003\303\003\265\003\271\003\302}{section.6}% 20
\BOOKMARK [1][-]{section.7}{\376\377\003\243\003\305\003\274\003\300\003\265\003\301\003\254\003\303\003\274\003\261\003\304\003\261}{}% 21
